                                      1 ;--------------------------------------------------------
                                      2 ; File Created by SDCC : free open source ANSI-C Compiler
                                      3 ; Version 4.1.6 #12539 (MINGW32)
                                      4 ;--------------------------------------------------------
                                      5 	.module initializeDiProperties
                                      6 	.optsdcc -mgbz80
                                      7 	
                                      8 ;--------------------------------------------------------
                                      9 ; Public variables in this module
                                     10 ;--------------------------------------------------------
                                     11 	.globl b___func_initializeDiProperties
                                     12 	.globl ___func_initializeDiProperties
                                     13 	.globl b_assignDiFace
                                     14 	.globl _assignDiFace
                                     15 	.globl b_initializeDiSprites
                                     16 	.globl _initializeDiSprites
                                     17 	.globl b_initializeDiProperties
                                     18 	.globl _initializeDiProperties
                                     19 ;--------------------------------------------------------
                                     20 ; special function registers
                                     21 ;--------------------------------------------------------
                                     22 ;--------------------------------------------------------
                                     23 ; ram data
                                     24 ;--------------------------------------------------------
                                     25 	.area _DATA
                                     26 ;--------------------------------------------------------
                                     27 ; ram data
                                     28 ;--------------------------------------------------------
                                     29 	.area _INITIALIZED
                                     30 ;--------------------------------------------------------
                                     31 ; absolute external ram data
                                     32 ;--------------------------------------------------------
                                     33 	.area _DABS (ABS)
                                     34 ;--------------------------------------------------------
                                     35 ; global & static initialisations
                                     36 ;--------------------------------------------------------
                                     37 	.area _HOME
                                     38 	.area _GSINIT
                                     39 	.area _GSFINAL
                                     40 	.area _GSINIT
                                     41 ;--------------------------------------------------------
                                     42 ; Home
                                     43 ;--------------------------------------------------------
                                     44 	.area _HOME
                                     45 	.area _HOME
                                     46 ;--------------------------------------------------------
                                     47 ; code
                                     48 ;--------------------------------------------------------
                                     49 	.area _CODE_1
                                     50 ;src/bank_1/initializeDiProperties.c:7: BANKREF(initializeDiProperties)
                                     51 ;	---------------------------------
                                     52 ; Function __func_initializeDiProperties
                                     53 ; ---------------------------------
                           000001    54 	b___func_initializeDiProperties	= 1
      000000                         55 ___func_initializeDiProperties::
                                     56 	.local b___func_initializeDiProperties 
                           000001    57 	___bank_initializeDiProperties = b___func_initializeDiProperties 
                                     58 	.globl ___bank_initializeDiProperties 
                                     59 ;src/bank_1/initializeDiProperties.c:8: void initializeDiProperties(uint8 diPosition) BANKED
                                     60 ;	---------------------------------
                                     61 ; Function initializeDiProperties
                                     62 ; ---------------------------------
                           000001    63 	b_initializeDiProperties	= 1
      000000                         64 _initializeDiProperties::
                                     65 ;src/bank_1/initializeDiProperties.c:10: initializeDiSprites(diPosition);
      000000 F8 06                   66 	ldhl	sp,	#6
      000002 7E                      67 	ld	a, (hl)
      000003 F5                      68 	push	af
      000004 33                      69 	inc	sp
      000005 1Er00                   70 	ld	e, #b_initializeDiSprites
      000007 21r00r00                71 	ld	hl, #_initializeDiSprites
      00000A CDr00r00                72 	call	___sdcc_bcall_ehl
      00000D 33                      73 	inc	sp
                                     74 ;src/bank_1/initializeDiProperties.c:12: assignDiFace(diPosition);
      00000E F8 06                   75 	ldhl	sp,	#6
      000010 7E                      76 	ld	a, (hl)
      000011 F5                      77 	push	af
      000012 33                      78 	inc	sp
      000013 1Er00                   79 	ld	e, #b_assignDiFace
      000015 21r00r00                80 	ld	hl, #_assignDiFace
      000018 CDr00r00                81 	call	___sdcc_bcall_ehl
      00001B 33                      82 	inc	sp
                                     83 ;src/bank_1/initializeDiProperties.c:14: dice[diPosition].isHeld = 0;
      00001C F8 06                   84 	ldhl	sp,	#6
      00001E 4E                      85 	ld	c, (hl)
      00001F 06 00                   86 	ld	b, #0x00
      000021 69                      87 	ld	l, c
      000022 60                      88 	ld	h, b
      000023 29                      89 	add	hl, hl
      000024 09                      90 	add	hl, bc
      000025 29                      91 	add	hl, hl
      000026 09                      92 	add	hl, bc
      000027 29                      93 	add	hl, hl
      000028 09                      94 	add	hl, bc
      000029 29                      95 	add	hl, hl
      00002A 01r00r00                96 	ld	bc,#_dice
      00002D 09                      97 	add	hl,bc
      00002E 23                      98 	inc	hl
      00002F 36 00                   99 	ld	(hl), #0x00
                                    100 ;src/bank_1/initializeDiProperties.c:15: }
      000031 C9                     101 	ret
                                    102 	.area _CODE_1
                                    103 	.area _INITIALIZER
                                    104 	.area _CABS (ABS)
