                                      1 ;--------------------------------------------------------
                                      2 ; File Created by SDCC : free open source ANSI-C Compiler
                                      3 ; Version 4.1.6 #12539 (MINGW32)
                                      4 ;--------------------------------------------------------
                                      5 	.module structs
                                      6 	.optsdcc -mgbz80
                                      7 	
                                      8 ;--------------------------------------------------------
                                      9 ; Public variables in this module
                                     10 ;--------------------------------------------------------
                                     11 	.globl b___func_dice
                                     12 	.globl ___func_dice
                                     13 	.globl b___func_Di
                                     14 	.globl ___func_Di
                                     15 	.globl b___func_Coordinates
                                     16 	.globl ___func_Coordinates
                                     17 	.globl b___func_Sprite
                                     18 	.globl ___func_Sprite
                                     19 	.globl _dice
                                     20 ;--------------------------------------------------------
                                     21 ; special function registers
                                     22 ;--------------------------------------------------------
                                     23 ;--------------------------------------------------------
                                     24 ; ram data
                                     25 ;--------------------------------------------------------
                                     26 	.area _DATA
      000000                         27 _dice::
      000000                         28 	.ds 150
                                     29 ;--------------------------------------------------------
                                     30 ; ram data
                                     31 ;--------------------------------------------------------
                                     32 	.area _INITIALIZED
                                     33 ;--------------------------------------------------------
                                     34 ; absolute external ram data
                                     35 ;--------------------------------------------------------
                                     36 	.area _DABS (ABS)
                                     37 ;--------------------------------------------------------
                                     38 ; global & static initialisations
                                     39 ;--------------------------------------------------------
                                     40 	.area _HOME
                                     41 	.area _GSINIT
                                     42 	.area _GSFINAL
                                     43 	.area _GSINIT
                                     44 ;--------------------------------------------------------
                                     45 ; Home
                                     46 ;--------------------------------------------------------
                                     47 	.area _HOME
                                     48 	.area _HOME
                                     49 ;--------------------------------------------------------
                                     50 ; code
                                     51 ;--------------------------------------------------------
                                     52 	.area _CODE_1
                                     53 ;src/bank_1/structs.c:9: BANKREF(Sprite)
                                     54 ;	---------------------------------
                                     55 ; Function __func_Sprite
                                     56 ; ---------------------------------
                           000001    57 	b___func_Sprite	= 1
      000000                         58 ___func_Sprite::
                                     59 	.local b___func_Sprite 
                           000001    60 	___bank_Sprite = b___func_Sprite 
                                     61 	.globl ___bank_Sprite 
                                     62 ;src/bank_1/structs.c:12: BANKREF(Coordinates)
                                     63 ;	---------------------------------
                                     64 ; Function __func_Coordinates
                                     65 ; ---------------------------------
                           000001    66 	b___func_Coordinates	= 1
      000000                         67 ___func_Coordinates::
                                     68 	.local b___func_Coordinates 
                           000001    69 	___bank_Coordinates = b___func_Coordinates 
                                     70 	.globl ___bank_Coordinates 
                                     71 ;src/bank_1/structs.c:15: BANKREF(Di)
                                     72 ;	---------------------------------
                                     73 ; Function __func_Di
                                     74 ; ---------------------------------
                           000001    75 	b___func_Di	= 1
      000000                         76 ___func_Di::
                                     77 	.local b___func_Di 
                           000001    78 	___bank_Di = b___func_Di 
                                     79 	.globl ___bank_Di 
                                     80 ;src/bank_1/structs.c:18: BANKREF(dice)
                                     81 ;	---------------------------------
                                     82 ; Function __func_dice
                                     83 ; ---------------------------------
                           000001    84 	b___func_dice	= 1
      000000                         85 ___func_dice::
                                     86 	.local b___func_dice 
                           000001    87 	___bank_dice = b___func_dice 
                                     88 	.globl ___bank_dice 
                                     89 	.area _CODE_1
                                     90 	.area _INITIALIZER
                                     91 	.area _CABS (ABS)
