                                      1 ;--------------------------------------------------------
                                      2 ; File Created by SDCC : free open source ANSI-C Compiler
                                      3 ; Version 4.1.6 #12539 (Linux)
                                      4 ;--------------------------------------------------------
                                      5 	.module backgroundMap
                                      6 	.optsdcc -mgbz80
                                      7 	
                                      8 ;--------------------------------------------------------
                                      9 ; Public variables in this module
                                     10 ;--------------------------------------------------------
                                     11 	.globl _backgroundMap
                                     12 ;--------------------------------------------------------
                                     13 ; special function registers
                                     14 ;--------------------------------------------------------
                                     15 ;--------------------------------------------------------
                                     16 ; ram data
                                     17 ;--------------------------------------------------------
                                     18 	.area _DATA
                                     19 ;--------------------------------------------------------
                                     20 ; ram data
                                     21 ;--------------------------------------------------------
                                     22 	.area _INITIALIZED
                                     23 ;--------------------------------------------------------
                                     24 ; absolute external ram data
                                     25 ;--------------------------------------------------------
                                     26 	.area _DABS (ABS)
                                     27 ;--------------------------------------------------------
                                     28 ; global & static initialisations
                                     29 ;--------------------------------------------------------
                                     30 	.area _HOME
                                     31 	.area _GSINIT
                                     32 	.area _GSFINAL
                                     33 	.area _GSINIT
                                     34 ;--------------------------------------------------------
                                     35 ; Home
                                     36 ;--------------------------------------------------------
                                     37 	.area _HOME
                                     38 	.area _HOME
                                     39 ;--------------------------------------------------------
                                     40 ; code
                                     41 ;--------------------------------------------------------
                                     42 	.area _CODE
                                     43 	.area _CODE
      000000                         44 _backgroundMap:
      000000 75                      45 	.db #0x75	; 117	'u'
      000001 7A                      46 	.db #0x7a	; 122	'z'
      000002 7A                      47 	.db #0x7a	; 122	'z'
      000003 7A                      48 	.db #0x7a	; 122	'z'
      000004 7A                      49 	.db #0x7a	; 122	'z'
      000005 7A                      50 	.db #0x7a	; 122	'z'
      000006 7A                      51 	.db #0x7a	; 122	'z'
      000007 7A                      52 	.db #0x7a	; 122	'z'
      000008 7A                      53 	.db #0x7a	; 122	'z'
      000009 7A                      54 	.db #0x7a	; 122	'z'
      00000A 6C                      55 	.db #0x6c	; 108	'l'
      00000B 7A                      56 	.db #0x7a	; 122	'z'
      00000C 7A                      57 	.db #0x7a	; 122	'z'
      00000D 7A                      58 	.db #0x7a	; 122	'z'
      00000E 7A                      59 	.db #0x7a	; 122	'z'
      00000F 7A                      60 	.db #0x7a	; 122	'z'
      000010 7A                      61 	.db #0x7a	; 122	'z'
      000011 7A                      62 	.db #0x7a	; 122	'z'
      000012 7A                      63 	.db #0x7a	; 122	'z'
      000013 76                      64 	.db #0x76	; 118	'v'
      000014 79                      65 	.db #0x79	; 121	'y'
      000015 30                      66 	.db #0x30	; 48	'0'
      000016 4C                      67 	.db #0x4c	; 76	'L'
      000017 41                      68 	.db #0x41	; 65	'A'
      000018 59                      69 	.db #0x59	; 89	'Y'
      000019 45                      70 	.db #0x45	; 69	'E'
      00001A 52                      71 	.db #0x52	; 82	'R'
      00001B 1A                      72 	.db #0x1a	; 26
      00001C 00                      73 	.db #0x00	; 0
      00001D 00                      74 	.db #0x00	; 0
      00001E 6F                      75 	.db #0x6f	; 111	'o'
      00001F 00                      76 	.db #0x00	; 0
      000020 33                      77 	.db #0x33	; 51	'3'
      000021 43                      78 	.db #0x43	; 67	'C'
      000022 4F                      79 	.db #0x4f	; 79	'O'
      000023 52                      80 	.db #0x52	; 82	'R'
      000024 45                      81 	.db #0x45	; 69	'E'
      000025 1A                      82 	.db #0x1a	; 26
      000026 00                      83 	.db #0x00	; 0
      000027 7B                      84 	.db #0x7b	; 123
      000028 79                      85 	.db #0x79	; 121	'y'
      000029 00                      86 	.db #0x00	; 0
      00002A 00                      87 	.db #0x00	; 0
      00002B 00                      88 	.db #0x00	; 0
      00002C 00                      89 	.db #0x00	; 0
      00002D 00                      90 	.db #0x00	; 0
      00002E 00                      91 	.db #0x00	; 0
      00002F 00                      92 	.db #0x00	; 0
      000030 00                      93 	.db #0x00	; 0
      000031 00                      94 	.db #0x00	; 0
      000032 6F                      95 	.db #0x6f	; 111	'o'
      000033 00                      96 	.db #0x00	; 0
      000034 00                      97 	.db #0x00	; 0
      000035 00                      98 	.db #0x00	; 0
      000036 00                      99 	.db #0x00	; 0
      000037 00                     100 	.db #0x00	; 0
      000038 00                     101 	.db #0x00	; 0
      000039 00                     102 	.db #0x00	; 0
      00003A 00                     103 	.db #0x00	; 0
      00003B 7B                     104 	.db #0x7b	; 123
      00003C 6D                     105 	.db #0x6d	; 109	'm'
      00003D 70                     106 	.db #0x70	; 112	'p'
      00003E 70                     107 	.db #0x70	; 112	'p'
      00003F 70                     108 	.db #0x70	; 112	'p'
      000040 70                     109 	.db #0x70	; 112	'p'
      000041 70                     110 	.db #0x70	; 112	'p'
      000042 70                     111 	.db #0x70	; 112	'p'
      000043 70                     112 	.db #0x70	; 112	'p'
      000044 70                     113 	.db #0x70	; 112	'p'
      000045 70                     114 	.db #0x70	; 112	'p'
      000046 67                     115 	.db #0x67	; 103	'g'
      000047 70                     116 	.db #0x70	; 112	'p'
      000048 70                     117 	.db #0x70	; 112	'p'
      000049 70                     118 	.db #0x70	; 112	'p'
      00004A 70                     119 	.db #0x70	; 112	'p'
      00004B 70                     120 	.db #0x70	; 112	'p'
      00004C 70                     121 	.db #0x70	; 112	'p'
      00004D 70                     122 	.db #0x70	; 112	'p'
      00004E 70                     123 	.db #0x70	; 112	'p'
      00004F 6E                     124 	.db #0x6e	; 110	'n'
      000050 79                     125 	.db #0x79	; 121	'y'
      000051 23                     126 	.db #0x23	; 35
      000052 55                     127 	.db #0x55	; 85	'U'
      000053 52                     128 	.db #0x52	; 82	'R'
      000054 52                     129 	.db #0x52	; 82	'R'
      000055 45                     130 	.db #0x45	; 69	'E'
      000056 4E                     131 	.db #0x4e	; 78	'N'
      000057 54                     132 	.db #0x54	; 84	'T'
      000058 00                     133 	.db #0x00	; 0
      000059 00                     134 	.db #0x00	; 0
      00005A 00                     135 	.db #0x00	; 0
      00005B 32                     136 	.db #0x32	; 50	'2'
      00005C 4F                     137 	.db #0x4f	; 79	'O'
      00005D 4C                     138 	.db #0x4c	; 76	'L'
      00005E 4C                     139 	.db #0x4c	; 76	'L'
      00005F 53                     140 	.db #0x53	; 83	'S'
      000060 00                     141 	.db #0x00	; 0
      000061 00                     142 	.db #0x00	; 0
      000062 00                     143 	.db #0x00	; 0
      000063 7B                     144 	.db #0x7b	; 123
      000064 79                     145 	.db #0x79	; 121	'y'
      000065 00                     146 	.db #0x00	; 0
      000066 34                     147 	.db #0x34	; 52	'4'
      000067 55                     148 	.db #0x55	; 85	'U'
      000068 52                     149 	.db #0x52	; 82	'R'
      000069 4E                     150 	.db #0x4e	; 78	'N'
      00006A 1A                     151 	.db #0x1a	; 26
      00006B 00                     152 	.db #0x00	; 0
      00006C 00                     153 	.db #0x00	; 0
      00006D 00                     154 	.db #0x00	; 0
      00006E 00                     155 	.db #0x00	; 0
      00006F 2C                     156 	.db #0x2c	; 44
      000070 45                     157 	.db #0x45	; 69	'E'
      000071 46                     158 	.db #0x46	; 70	'F'
      000072 54                     159 	.db #0x54	; 84	'T'
      000073 1A                     160 	.db #0x1a	; 26
      000074 00                     161 	.db #0x00	; 0
      000075 00                     162 	.db #0x00	; 0
      000076 00                     163 	.db #0x00	; 0
      000077 7B                     164 	.db #0x7b	; 123
      000078 65                     165 	.db #0x65	; 101	'e'
      000079 70                     166 	.db #0x70	; 112	'p'
      00007A 70                     167 	.db #0x70	; 112	'p'
      00007B 70                     168 	.db #0x70	; 112	'p'
      00007C 68                     169 	.db #0x68	; 104	'h'
      00007D 70                     170 	.db #0x70	; 112	'p'
      00007E 70                     171 	.db #0x70	; 112	'p'
      00007F 70                     172 	.db #0x70	; 112	'p'
      000080 70                     173 	.db #0x70	; 112	'p'
      000081 70                     174 	.db #0x70	; 112	'p'
      000082 70                     175 	.db #0x70	; 112	'p'
      000083 70                     176 	.db #0x70	; 112	'p'
      000084 70                     177 	.db #0x70	; 112	'p'
      000085 70                     178 	.db #0x70	; 112	'p'
      000086 70                     179 	.db #0x70	; 112	'p'
      000087 70                     180 	.db #0x70	; 112	'p'
      000088 70                     181 	.db #0x70	; 112	'p'
      000089 70                     182 	.db #0x70	; 112	'p'
      00008A 70                     183 	.db #0x70	; 112	'p'
      00008B 6E                     184 	.db #0x6e	; 110	'n'
      00008C 00                     185 	.db #0x00	; 0
      00008D 00                     186 	.db #0x00	; 0
      00008E 00                     187 	.db #0x00	; 0
      00008F 00                     188 	.db #0x00	; 0
      000090 6F                     189 	.db #0x6f	; 111	'o'
      000091 71                     190 	.db #0x71	; 113	'q'
      000092 72                     191 	.db #0x72	; 114	'r'
      000093 00                     192 	.db #0x00	; 0
      000094 71                     193 	.db #0x71	; 113	'q'
      000095 72                     194 	.db #0x72	; 114	'r'
      000096 00                     195 	.db #0x00	; 0
      000097 71                     196 	.db #0x71	; 113	'q'
      000098 72                     197 	.db #0x72	; 114	'r'
      000099 00                     198 	.db #0x00	; 0
      00009A 71                     199 	.db #0x71	; 113	'q'
      00009B 72                     200 	.db #0x72	; 114	'r'
      00009C 00                     201 	.db #0x00	; 0
      00009D 71                     202 	.db #0x71	; 113	'q'
      00009E 72                     203 	.db #0x72	; 114	'r'
      00009F 7B                     204 	.db #0x7b	; 123
      0000A0 32                     205 	.db #0x32	; 50	'2'
      0000A1 4F                     206 	.db #0x4f	; 79	'O'
      0000A2 4C                     207 	.db #0x4c	; 76	'L'
      0000A3 4C                     208 	.db #0x4c	; 76	'L'
      0000A4 6F                     209 	.db #0x6f	; 111	'o'
      0000A5 73                     210 	.db #0x73	; 115	's'
      0000A6 74                     211 	.db #0x74	; 116	't'
      0000A7 00                     212 	.db #0x00	; 0
      0000A8 73                     213 	.db #0x73	; 115	's'
      0000A9 74                     214 	.db #0x74	; 116	't'
      0000AA 00                     215 	.db #0x00	; 0
      0000AB 73                     216 	.db #0x73	; 115	's'
      0000AC 74                     217 	.db #0x74	; 116	't'
      0000AD 00                     218 	.db #0x00	; 0
      0000AE 73                     219 	.db #0x73	; 115	's'
      0000AF 74                     220 	.db #0x74	; 116	't'
      0000B0 00                     221 	.db #0x00	; 0
      0000B1 73                     222 	.db #0x73	; 115	's'
      0000B2 74                     223 	.db #0x74	; 116	't'
      0000B3 7B                     224 	.db #0x7b	; 123
      0000B4 00                     225 	.db #0x00	; 0
      0000B5 00                     226 	.db #0x00	; 0
      0000B6 00                     227 	.db #0x00	; 0
      0000B7 00                     228 	.db #0x00	; 0
      0000B8 6F                     229 	.db #0x6f	; 111	'o'
      0000B9 00                     230 	.db #0x00	; 0
      0000BA 00                     231 	.db #0x00	; 0
      0000BB 00                     232 	.db #0x00	; 0
      0000BC 00                     233 	.db #0x00	; 0
      0000BD 00                     234 	.db #0x00	; 0
      0000BE 00                     235 	.db #0x00	; 0
      0000BF 00                     236 	.db #0x00	; 0
      0000C0 00                     237 	.db #0x00	; 0
      0000C1 00                     238 	.db #0x00	; 0
      0000C2 00                     239 	.db #0x00	; 0
      0000C3 00                     240 	.db #0x00	; 0
      0000C4 00                     241 	.db #0x00	; 0
      0000C5 00                     242 	.db #0x00	; 0
      0000C6 00                     243 	.db #0x00	; 0
      0000C7 7B                     244 	.db #0x7b	; 123
      0000C8 00                     245 	.db #0x00	; 0
      0000C9 00                     246 	.db #0x00	; 0
      0000CA 00                     247 	.db #0x00	; 0
      0000CB 00                     248 	.db #0x00	; 0
      0000CC 6F                     249 	.db #0x6f	; 111	'o'
      0000CD 00                     250 	.db #0x00	; 0
      0000CE 00                     251 	.db #0x00	; 0
      0000CF 00                     252 	.db #0x00	; 0
      0000D0 00                     253 	.db #0x00	; 0
      0000D1 00                     254 	.db #0x00	; 0
      0000D2 00                     255 	.db #0x00	; 0
      0000D3 00                     256 	.db #0x00	; 0
      0000D4 00                     257 	.db #0x00	; 0
      0000D5 00                     258 	.db #0x00	; 0
      0000D6 00                     259 	.db #0x00	; 0
      0000D7 00                     260 	.db #0x00	; 0
      0000D8 00                     261 	.db #0x00	; 0
      0000D9 00                     262 	.db #0x00	; 0
      0000DA 00                     263 	.db #0x00	; 0
      0000DB 7B                     264 	.db #0x7b	; 123
      0000DC 28                     265 	.db #0x28	; 40
      0000DD 45                     266 	.db #0x45	; 69	'E'
      0000DE 4C                     267 	.db #0x4c	; 76	'L'
      0000DF 44                     268 	.db #0x44	; 68	'D'
      0000E0 6F                     269 	.db #0x6f	; 111	'o'
      0000E1 00                     270 	.db #0x00	; 0
      0000E2 00                     271 	.db #0x00	; 0
      0000E3 00                     272 	.db #0x00	; 0
      0000E4 00                     273 	.db #0x00	; 0
      0000E5 00                     274 	.db #0x00	; 0
      0000E6 00                     275 	.db #0x00	; 0
      0000E7 00                     276 	.db #0x00	; 0
      0000E8 00                     277 	.db #0x00	; 0
      0000E9 00                     278 	.db #0x00	; 0
      0000EA 00                     279 	.db #0x00	; 0
      0000EB 00                     280 	.db #0x00	; 0
      0000EC 00                     281 	.db #0x00	; 0
      0000ED 00                     282 	.db #0x00	; 0
      0000EE 00                     283 	.db #0x00	; 0
      0000EF 7B                     284 	.db #0x7b	; 123
      0000F0 00                     285 	.db #0x00	; 0
      0000F1 00                     286 	.db #0x00	; 0
      0000F2 00                     287 	.db #0x00	; 0
      0000F3 00                     288 	.db #0x00	; 0
      0000F4 6F                     289 	.db #0x6f	; 111	'o'
      0000F5 00                     290 	.db #0x00	; 0
      0000F6 00                     291 	.db #0x00	; 0
      0000F7 00                     292 	.db #0x00	; 0
      0000F8 00                     293 	.db #0x00	; 0
      0000F9 00                     294 	.db #0x00	; 0
      0000FA 00                     295 	.db #0x00	; 0
      0000FB 00                     296 	.db #0x00	; 0
      0000FC 00                     297 	.db #0x00	; 0
      0000FD 00                     298 	.db #0x00	; 0
      0000FE 00                     299 	.db #0x00	; 0
      0000FF 00                     300 	.db #0x00	; 0
      000100 00                     301 	.db #0x00	; 0
      000101 00                     302 	.db #0x00	; 0
      000102 00                     303 	.db #0x00	; 0
      000103 7B                     304 	.db #0x7b	; 123
      000104 66                     305 	.db #0x66	; 102	'f'
      000105 70                     306 	.db #0x70	; 112	'p'
      000106 70                     307 	.db #0x70	; 112	'p'
      000107 70                     308 	.db #0x70	; 112	'p'
      000108 67                     309 	.db #0x67	; 103	'g'
      000109 70                     310 	.db #0x70	; 112	'p'
      00010A 70                     311 	.db #0x70	; 112	'p'
      00010B 70                     312 	.db #0x70	; 112	'p'
      00010C 70                     313 	.db #0x70	; 112	'p'
      00010D 70                     314 	.db #0x70	; 112	'p'
      00010E 70                     315 	.db #0x70	; 112	'p'
      00010F 70                     316 	.db #0x70	; 112	'p'
      000110 70                     317 	.db #0x70	; 112	'p'
      000111 70                     318 	.db #0x70	; 112	'p'
      000112 70                     319 	.db #0x70	; 112	'p'
      000113 70                     320 	.db #0x70	; 112	'p'
      000114 70                     321 	.db #0x70	; 112	'p'
      000115 70                     322 	.db #0x70	; 112	'p'
      000116 70                     323 	.db #0x70	; 112	'p'
      000117 6E                     324 	.db #0x6e	; 110	'n'
      000118 79                     325 	.db #0x79	; 121	'y'
      000119 00                     326 	.db #0x00	; 0
      00011A 00                     327 	.db #0x00	; 0
      00011B 00                     328 	.db #0x00	; 0
      00011C 00                     329 	.db #0x00	; 0
      00011D 11                     330 	.db #0x11	; 17
      00011E 00                     331 	.db #0x00	; 0
      00011F 00                     332 	.db #0x00	; 0
      000120 12                     333 	.db #0x12	; 18
      000121 00                     334 	.db #0x00	; 0
      000122 00                     335 	.db #0x00	; 0
      000123 13                     336 	.db #0x13	; 19
      000124 00                     337 	.db #0x00	; 0
      000125 00                     338 	.db #0x00	; 0
      000126 14                     339 	.db #0x14	; 20
      000127 00                     340 	.db #0x00	; 0
      000128 00                     341 	.db #0x00	; 0
      000129 15                     342 	.db #0x15	; 21
      00012A 00                     343 	.db #0x00	; 0
      00012B 7B                     344 	.db #0x7b	; 123
      00012C 79                     345 	.db #0x79	; 121	'y'
      00012D 00                     346 	.db #0x00	; 0
      00012E 00                     347 	.db #0x00	; 0
      00012F 00                     348 	.db #0x00	; 0
      000130 00                     349 	.db #0x00	; 0
      000131 00                     350 	.db #0x00	; 0
      000132 00                     351 	.db #0x00	; 0
      000133 00                     352 	.db #0x00	; 0
      000134 00                     353 	.db #0x00	; 0
      000135 00                     354 	.db #0x00	; 0
      000136 00                     355 	.db #0x00	; 0
      000137 00                     356 	.db #0x00	; 0
      000138 00                     357 	.db #0x00	; 0
      000139 00                     358 	.db #0x00	; 0
      00013A 00                     359 	.db #0x00	; 0
      00013B 00                     360 	.db #0x00	; 0
      00013C 00                     361 	.db #0x00	; 0
      00013D 00                     362 	.db #0x00	; 0
      00013E 00                     363 	.db #0x00	; 0
      00013F 7B                     364 	.db #0x7b	; 123
      000140 79                     365 	.db #0x79	; 121	'y'
      000141 00                     366 	.db #0x00	; 0
      000142 32                     367 	.db #0x32	; 50	'2'
      000143 4F                     368 	.db #0x4f	; 79	'O'
      000144 4C                     369 	.db #0x4c	; 76	'L'
      000145 4C                     370 	.db #0x4c	; 76	'L'
      000146 00                     371 	.db #0x00	; 0
      000147 00                     372 	.db #0x00	; 0
      000148 28                     373 	.db #0x28	; 40
      000149 4F                     374 	.db #0x4f	; 79	'O'
      00014A 4C                     375 	.db #0x4c	; 76	'L'
      00014B 44                     376 	.db #0x44	; 68	'D'
      00014C 00                     377 	.db #0x00	; 0
      00014D 00                     378 	.db #0x00	; 0
      00014E 23                     379 	.db #0x23	; 35
      00014F 41                     380 	.db #0x41	; 65	'A'
      000150 52                     381 	.db #0x52	; 82	'R'
      000151 44                     382 	.db #0x44	; 68	'D'
      000152 00                     383 	.db #0x00	; 0
      000153 7B                     384 	.db #0x7b	; 123
      000154 77                     385 	.db #0x77	; 119	'w'
      000155 7C                     386 	.db #0x7c	; 124
      000156 7C                     387 	.db #0x7c	; 124
      000157 7C                     388 	.db #0x7c	; 124
      000158 7C                     389 	.db #0x7c	; 124
      000159 7C                     390 	.db #0x7c	; 124
      00015A 7C                     391 	.db #0x7c	; 124
      00015B 7C                     392 	.db #0x7c	; 124
      00015C 7C                     393 	.db #0x7c	; 124
      00015D 7C                     394 	.db #0x7c	; 124
      00015E 7C                     395 	.db #0x7c	; 124
      00015F 7C                     396 	.db #0x7c	; 124
      000160 7C                     397 	.db #0x7c	; 124
      000161 7C                     398 	.db #0x7c	; 124
      000162 7C                     399 	.db #0x7c	; 124
      000163 7C                     400 	.db #0x7c	; 124
      000164 7C                     401 	.db #0x7c	; 124
      000165 7C                     402 	.db #0x7c	; 124
      000166 7C                     403 	.db #0x7c	; 124
      000167 78                     404 	.db #0x78	; 120	'x'
      000168 75                     405 	.db #0x75	; 117	'u'
      000169 7A                     406 	.db #0x7a	; 122	'z'
      00016A 7A                     407 	.db #0x7a	; 122	'z'
      00016B 7A                     408 	.db #0x7a	; 122	'z'
      00016C 7A                     409 	.db #0x7a	; 122	'z'
      00016D 7A                     410 	.db #0x7a	; 122	'z'
      00016E 7A                     411 	.db #0x7a	; 122	'z'
      00016F 7A                     412 	.db #0x7a	; 122	'z'
      000170 7A                     413 	.db #0x7a	; 122	'z'
      000171 6C                     414 	.db #0x6c	; 108	'l'
      000172 7A                     415 	.db #0x7a	; 122	'z'
      000173 7A                     416 	.db #0x7a	; 122	'z'
      000174 7A                     417 	.db #0x7a	; 122	'z'
      000175 7A                     418 	.db #0x7a	; 122	'z'
      000176 7A                     419 	.db #0x7a	; 122	'z'
      000177 7A                     420 	.db #0x7a	; 122	'z'
      000178 7A                     421 	.db #0x7a	; 122	'z'
      000179 7A                     422 	.db #0x7a	; 122	'z'
      00017A 7A                     423 	.db #0x7a	; 122	'z'
      00017B 76                     424 	.db #0x76	; 118	'v'
      00017C 79                     425 	.db #0x79	; 121	'y'
      00017D 33                     426 	.db #0x33	; 51	'3'
      00017E 34                     427 	.db #0x34	; 52	'4'
      00017F 21                     428 	.db #0x21	; 33
      000180 32                     429 	.db #0x32	; 50	'2'
      000181 34                     430 	.db #0x34	; 52	'4'
      000182 1A                     431 	.db #0x1a	; 26
      000183 00                     432 	.db #0x00	; 0
      000184 00                     433 	.db #0x00	; 0
      000185 6F                     434 	.db #0x6f	; 111	'o'
      000186 00                     435 	.db #0x00	; 0
      000187 22                     436 	.db #0x22	; 34
      000188 1A                     437 	.db #0x1a	; 26
      000189 00                     438 	.db #0x00	; 0
      00018A 00                     439 	.db #0x00	; 0
      00018B 00                     440 	.db #0x00	; 0
      00018C 00                     441 	.db #0x00	; 0
      00018D 00                     442 	.db #0x00	; 0
      00018E 00                     443 	.db #0x00	; 0
      00018F 7B                     444 	.db #0x7b	; 123
      000190 79                     445 	.db #0x79	; 121	'y'
      000191 00                     446 	.db #0x00	; 0
      000192 00                     447 	.db #0x00	; 0
      000193 00                     448 	.db #0x00	; 0
      000194 49                     449 	.db #0x49	; 73	'I'
      000195 4E                     450 	.db #0x4e	; 78	'N'
      000196 46                     451 	.db #0x46	; 70	'F'
      000197 4F                     452 	.db #0x4f	; 79	'O'
      000198 00                     453 	.db #0x00	; 0
      000199 6F                     454 	.db #0x6f	; 111	'o'
      00019A 00                     455 	.db #0x00	; 0
      00019B 00                     456 	.db #0x00	; 0
      00019C 52                     457 	.db #0x52	; 82	'R'
      00019D 45                     458 	.db #0x45	; 69	'E'
      00019E 54                     459 	.db #0x54	; 84	'T'
      00019F 55                     460 	.db #0x55	; 85	'U'
      0001A0 52                     461 	.db #0x52	; 82	'R'
      0001A1 4E                     462 	.db #0x4e	; 78	'N'
      0001A2 00                     463 	.db #0x00	; 0
      0001A3 7B                     464 	.db #0x7b	; 123
      0001A4 6D                     465 	.db #0x6d	; 109	'm'
      0001A5 70                     466 	.db #0x70	; 112	'p'
      0001A6 70                     467 	.db #0x70	; 112	'p'
      0001A7 70                     468 	.db #0x70	; 112	'p'
      0001A8 70                     469 	.db #0x70	; 112	'p'
      0001A9 70                     470 	.db #0x70	; 112	'p'
      0001AA 70                     471 	.db #0x70	; 112	'p'
      0001AB 70                     472 	.db #0x70	; 112	'p'
      0001AC 70                     473 	.db #0x70	; 112	'p'
      0001AD 67                     474 	.db #0x67	; 103	'g'
      0001AE 70                     475 	.db #0x70	; 112	'p'
      0001AF 70                     476 	.db #0x70	; 112	'p'
      0001B0 70                     477 	.db #0x70	; 112	'p'
      0001B1 70                     478 	.db #0x70	; 112	'p'
      0001B2 70                     479 	.db #0x70	; 112	'p'
      0001B3 70                     480 	.db #0x70	; 112	'p'
      0001B4 70                     481 	.db #0x70	; 112	'p'
      0001B5 70                     482 	.db #0x70	; 112	'p'
      0001B6 70                     483 	.db #0x70	; 112	'p'
      0001B7 6E                     484 	.db #0x6e	; 110	'n'
      0001B8 79                     485 	.db #0x79	; 121	'y'
      0001B9 00                     486 	.db #0x00	; 0
      0001BA 11                     487 	.db #0x11	; 17
      0001BB 07                     488 	.db #0x07	; 7
      0001BC 53                     489 	.db #0x53	; 83	'S'
      0001BD 1A                     490 	.db #0x1a	; 26
      0001BE 00                     491 	.db #0x00	; 0
      0001BF 00                     492 	.db #0x00	; 0
      0001C0 10                     493 	.db #0x10	; 16
      0001C1 10                     494 	.db #0x10	; 16
      0001C2 00                     495 	.db #0x00	; 0
      0001C3 14                     496 	.db #0x14	; 20
      0001C4 07                     497 	.db #0x07	; 7
      0001C5 53                     498 	.db #0x53	; 83	'S'
      0001C6 1A                     499 	.db #0x1a	; 26
      0001C7 00                     500 	.db #0x00	; 0
      0001C8 00                     501 	.db #0x00	; 0
      0001C9 10                     502 	.db #0x10	; 16
      0001CA 10                     503 	.db #0x10	; 16
      0001CB 7B                     504 	.db #0x7b	; 123
      0001CC 79                     505 	.db #0x79	; 121	'y'
      0001CD 00                     506 	.db #0x00	; 0
      0001CE 12                     507 	.db #0x12	; 18
      0001CF 07                     508 	.db #0x07	; 7
      0001D0 53                     509 	.db #0x53	; 83	'S'
      0001D1 1A                     510 	.db #0x1a	; 26
      0001D2 00                     511 	.db #0x00	; 0
      0001D3 00                     512 	.db #0x00	; 0
      0001D4 10                     513 	.db #0x10	; 16
      0001D5 10                     514 	.db #0x10	; 16
      0001D6 00                     515 	.db #0x00	; 0
      0001D7 15                     516 	.db #0x15	; 21
      0001D8 07                     517 	.db #0x07	; 7
      0001D9 53                     518 	.db #0x53	; 83	'S'
      0001DA 1A                     519 	.db #0x1a	; 26
      0001DB 00                     520 	.db #0x00	; 0
      0001DC 00                     521 	.db #0x00	; 0
      0001DD 10                     522 	.db #0x10	; 16
      0001DE 10                     523 	.db #0x10	; 16
      0001DF 7B                     524 	.db #0x7b	; 123
      0001E0 79                     525 	.db #0x79	; 121	'y'
      0001E1 00                     526 	.db #0x00	; 0
      0001E2 13                     527 	.db #0x13	; 19
      0001E3 07                     528 	.db #0x07	; 7
      0001E4 53                     529 	.db #0x53	; 83	'S'
      0001E5 1A                     530 	.db #0x1a	; 26
      0001E6 00                     531 	.db #0x00	; 0
      0001E7 00                     532 	.db #0x00	; 0
      0001E8 10                     533 	.db #0x10	; 16
      0001E9 10                     534 	.db #0x10	; 16
      0001EA 00                     535 	.db #0x00	; 0
      0001EB 16                     536 	.db #0x16	; 22
      0001EC 07                     537 	.db #0x07	; 7
      0001ED 53                     538 	.db #0x53	; 83	'S'
      0001EE 1A                     539 	.db #0x1a	; 26
      0001EF 00                     540 	.db #0x00	; 0
      0001F0 00                     541 	.db #0x00	; 0
      0001F1 10                     542 	.db #0x10	; 16
      0001F2 10                     543 	.db #0x10	; 16
      0001F3 7B                     544 	.db #0x7b	; 123
      0001F4 79                     545 	.db #0x79	; 121	'y'
      0001F5 22                     546 	.db #0x22	; 34
      0001F6 4F                     547 	.db #0x4f	; 79	'O'
      0001F7 4E                     548 	.db #0x4e	; 78	'N'
      0001F8 55                     549 	.db #0x55	; 85	'U'
      0001F9 53                     550 	.db #0x53	; 83	'S'
      0001FA 00                     551 	.db #0x00	; 0
      0001FB 35                     552 	.db #0x35	; 53	'5'
      0001FC 50                     553 	.db #0x50	; 80	'P'
      0001FD 50                     554 	.db #0x50	; 80	'P'
      0001FE 45                     555 	.db #0x45	; 69	'E'
      0001FF 52                     556 	.db #0x52	; 82	'R'
      000200 1A                     557 	.db #0x1a	; 26
      000201 00                     558 	.db #0x00	; 0
      000202 00                     559 	.db #0x00	; 0
      000203 00                     560 	.db #0x00	; 0
      000204 00                     561 	.db #0x00	; 0
      000205 10                     562 	.db #0x10	; 16
      000206 10                     563 	.db #0x10	; 16
      000207 7B                     564 	.db #0x7b	; 123
      000208 79                     565 	.db #0x79	; 121	'y'
      000209 34                     566 	.db #0x34	; 52	'4'
      00020A 4F                     567 	.db #0x4f	; 79	'O'
      00020B 54                     568 	.db #0x54	; 84	'T'
      00020C 41                     569 	.db #0x41	; 65	'A'
      00020D 4C                     570 	.db #0x4c	; 76	'L'
      00020E 00                     571 	.db #0x00	; 0
      00020F 35                     572 	.db #0x35	; 53	'5'
      000210 50                     573 	.db #0x50	; 80	'P'
      000211 50                     574 	.db #0x50	; 80	'P'
      000212 45                     575 	.db #0x45	; 69	'E'
      000213 52                     576 	.db #0x52	; 82	'R'
      000214 1A                     577 	.db #0x1a	; 26
      000215 00                     578 	.db #0x00	; 0
      000216 00                     579 	.db #0x00	; 0
      000217 00                     580 	.db #0x00	; 0
      000218 10                     581 	.db #0x10	; 16
      000219 10                     582 	.db #0x10	; 16
      00021A 10                     583 	.db #0x10	; 16
      00021B 7B                     584 	.db #0x7b	; 123
      00021C 6D                     585 	.db #0x6d	; 109	'm'
      00021D 70                     586 	.db #0x70	; 112	'p'
      00021E 70                     587 	.db #0x70	; 112	'p'
      00021F 70                     588 	.db #0x70	; 112	'p'
      000220 70                     589 	.db #0x70	; 112	'p'
      000221 70                     590 	.db #0x70	; 112	'p'
      000222 70                     591 	.db #0x70	; 112	'p'
      000223 70                     592 	.db #0x70	; 112	'p'
      000224 70                     593 	.db #0x70	; 112	'p'
      000225 70                     594 	.db #0x70	; 112	'p'
      000226 70                     595 	.db #0x70	; 112	'p'
      000227 70                     596 	.db #0x70	; 112	'p'
      000228 70                     597 	.db #0x70	; 112	'p'
      000229 70                     598 	.db #0x70	; 112	'p'
      00022A 70                     599 	.db #0x70	; 112	'p'
      00022B 70                     600 	.db #0x70	; 112	'p'
      00022C 70                     601 	.db #0x70	; 112	'p'
      00022D 70                     602 	.db #0x70	; 112	'p'
      00022E 70                     603 	.db #0x70	; 112	'p'
      00022F 6E                     604 	.db #0x6e	; 110	'n'
      000230 79                     605 	.db #0x79	; 121	'y'
      000231 00                     606 	.db #0x00	; 0
      000232 13                     607 	.db #0x13	; 19
      000233 2B                     608 	.db #0x2b	; 43
      000234 49                     609 	.db #0x49	; 73	'I'
      000235 4E                     610 	.db #0x4e	; 78	'N'
      000236 44                     611 	.db #0x44	; 68	'D'
      000237 00                     612 	.db #0x00	; 0
      000238 10                     613 	.db #0x10	; 16
      000239 10                     614 	.db #0x10	; 16
      00023A 00                     615 	.db #0x00	; 0
      00023B 33                     616 	.db #0x33	; 51	'3'
      00023C 4D                     617 	.db #0x4d	; 77	'M'
      00023D 33                     618 	.db #0x33	; 51	'3'
      00023E 54                     619 	.db #0x54	; 84	'T'
      00023F 52                     620 	.db #0x52	; 82	'R'
      000240 54                     621 	.db #0x54	; 84	'T'
      000241 10                     622 	.db #0x10	; 16
      000242 10                     623 	.db #0x10	; 16
      000243 7B                     624 	.db #0x7b	; 123
      000244 79                     625 	.db #0x79	; 121	'y'
      000245 00                     626 	.db #0x00	; 0
      000246 14                     627 	.db #0x14	; 20
      000247 2B                     628 	.db #0x2b	; 43
      000248 49                     629 	.db #0x49	; 73	'I'
      000249 4E                     630 	.db #0x4e	; 78	'N'
      00024A 44                     631 	.db #0x44	; 68	'D'
      00024B 00                     632 	.db #0x00	; 0
      00024C 10                     633 	.db #0x10	; 16
      00024D 10                     634 	.db #0x10	; 16
      00024E 00                     635 	.db #0x00	; 0
      00024F 2C                     636 	.db #0x2c	; 44
      000250 47                     637 	.db #0x47	; 71	'G'
      000251 33                     638 	.db #0x33	; 51	'3'
      000252 54                     639 	.db #0x54	; 84	'T'
      000253 52                     640 	.db #0x52	; 82	'R'
      000254 54                     641 	.db #0x54	; 84	'T'
      000255 10                     642 	.db #0x10	; 16
      000256 10                     643 	.db #0x10	; 16
      000257 7B                     644 	.db #0x7b	; 123
      000258 79                     645 	.db #0x79	; 121	'y'
      000259 00                     646 	.db #0x00	; 0
      00025A 26                     647 	.db #0x26	; 38
      00025B 28                     648 	.db #0x28	; 40
      00025C 4F                     649 	.db #0x4f	; 79	'O'
      00025D 55                     650 	.db #0x55	; 85	'U'
      00025E 53                     651 	.db #0x53	; 83	'S'
      00025F 45                     652 	.db #0x45	; 69	'E'
      000260 10                     653 	.db #0x10	; 16
      000261 10                     654 	.db #0x10	; 16
      000262 00                     655 	.db #0x00	; 0
      000263 23                     656 	.db #0x23	; 35
      000264 48                     657 	.db #0x48	; 72	'H'
      000265 41                     658 	.db #0x41	; 65	'A'
      000266 4E                     659 	.db #0x4e	; 78	'N'
      000267 43                     660 	.db #0x43	; 67	'C'
      000268 45                     661 	.db #0x45	; 69	'E'
      000269 10                     662 	.db #0x10	; 16
      00026A 10                     663 	.db #0x10	; 16
      00026B 7B                     664 	.db #0x7b	; 123
      00026C 79                     665 	.db #0x79	; 121	'y'
      00026D 00                     666 	.db #0x00	; 0
      00026E 15                     667 	.db #0x15	; 21
      00026F 00                     668 	.db #0x00	; 0
      000270 4F                     669 	.db #0x4f	; 79	'O'
      000271 46                     670 	.db #0x46	; 70	'F'
      000272 00                     671 	.db #0x00	; 0
      000273 41                     672 	.db #0x41	; 65	'A'
      000274 00                     673 	.db #0x00	; 0
      000275 2B                     674 	.db #0x2b	; 43
      000276 49                     675 	.db #0x49	; 73	'I'
      000277 4E                     676 	.db #0x4e	; 78	'N'
      000278 44                     677 	.db #0x44	; 68	'D'
      000279 1A                     678 	.db #0x1a	; 26
      00027A 00                     679 	.db #0x00	; 0
      00027B 00                     680 	.db #0x00	; 0
      00027C 10                     681 	.db #0x10	; 16
      00027D 10                     682 	.db #0x10	; 16
      00027E 00                     683 	.db #0x00	; 0
      00027F 7B                     684 	.db #0x7b	; 123
      000280 79                     685 	.db #0x79	; 121	'y'
      000281 00                     686 	.db #0x00	; 0
      000282 15                     687 	.db #0x15	; 21
      000283 00                     688 	.db #0x00	; 0
      000284 2B                     689 	.db #0x2b	; 43
      000285 49                     690 	.db #0x49	; 73	'I'
      000286 4E                     691 	.db #0x4e	; 78	'N'
      000287 44                     692 	.db #0x44	; 68	'D'
      000288 00                     693 	.db #0x00	; 0
      000289 22                     694 	.db #0x22	; 34
      00028A 4F                     695 	.db #0x4f	; 79	'O'
      00028B 4E                     696 	.db #0x4e	; 78	'N'
      00028C 55                     697 	.db #0x55	; 85	'U'
      00028D 53                     698 	.db #0x53	; 83	'S'
      00028E 1A                     699 	.db #0x1a	; 26
      00028F 10                     700 	.db #0x10	; 16
      000290 10                     701 	.db #0x10	; 16
      000291 10                     702 	.db #0x10	; 16
      000292 10                     703 	.db #0x10	; 16
      000293 7B                     704 	.db #0x7b	; 123
      000294 79                     705 	.db #0x79	; 121	'y'
      000295 34                     706 	.db #0x34	; 52	'4'
      000296 4F                     707 	.db #0x4f	; 79	'O'
      000297 54                     708 	.db #0x54	; 84	'T'
      000298 41                     709 	.db #0x41	; 65	'A'
      000299 4C                     710 	.db #0x4c	; 76	'L'
      00029A 00                     711 	.db #0x00	; 0
      00029B 2C                     712 	.db #0x2c	; 44
      00029C 4F                     713 	.db #0x4f	; 79	'O'
      00029D 57                     714 	.db #0x57	; 87	'W'
      00029E 45                     715 	.db #0x45	; 69	'E'
      00029F 52                     716 	.db #0x52	; 82	'R'
      0002A0 1A                     717 	.db #0x1a	; 26
      0002A1 00                     718 	.db #0x00	; 0
      0002A2 10                     719 	.db #0x10	; 16
      0002A3 10                     720 	.db #0x10	; 16
      0002A4 10                     721 	.db #0x10	; 16
      0002A5 10                     722 	.db #0x10	; 16
      0002A6 10                     723 	.db #0x10	; 16
      0002A7 7B                     724 	.db #0x7b	; 123
      0002A8 79                     725 	.db #0x79	; 121	'y'
      0002A9 27                     726 	.db #0x27	; 39
      0002AA 52                     727 	.db #0x52	; 82	'R'
      0002AB 41                     728 	.db #0x41	; 65	'A'
      0002AC 4E                     729 	.db #0x4e	; 78	'N'
      0002AD 44                     730 	.db #0x44	; 68	'D'
      0002AE 00                     731 	.db #0x00	; 0
      0002AF 34                     732 	.db #0x34	; 52	'4'
      0002B0 4F                     733 	.db #0x4f	; 79	'O'
      0002B1 54                     734 	.db #0x54	; 84	'T'
      0002B2 41                     735 	.db #0x41	; 65	'A'
      0002B3 4C                     736 	.db #0x4c	; 76	'L'
      0002B4 1A                     737 	.db #0x1a	; 26
      0002B5 00                     738 	.db #0x00	; 0
      0002B6 10                     739 	.db #0x10	; 16
      0002B7 10                     740 	.db #0x10	; 16
      0002B8 10                     741 	.db #0x10	; 16
      0002B9 10                     742 	.db #0x10	; 16
      0002BA 10                     743 	.db #0x10	; 16
      0002BB 7B                     744 	.db #0x7b	; 123
      0002BC 77                     745 	.db #0x77	; 119	'w'
      0002BD 7C                     746 	.db #0x7c	; 124
      0002BE 7C                     747 	.db #0x7c	; 124
      0002BF 7C                     748 	.db #0x7c	; 124
      0002C0 7C                     749 	.db #0x7c	; 124
      0002C1 7C                     750 	.db #0x7c	; 124
      0002C2 7C                     751 	.db #0x7c	; 124
      0002C3 7C                     752 	.db #0x7c	; 124
      0002C4 7C                     753 	.db #0x7c	; 124
      0002C5 7C                     754 	.db #0x7c	; 124
      0002C6 7C                     755 	.db #0x7c	; 124
      0002C7 7C                     756 	.db #0x7c	; 124
      0002C8 7C                     757 	.db #0x7c	; 124
      0002C9 7C                     758 	.db #0x7c	; 124
      0002CA 7C                     759 	.db #0x7c	; 124
      0002CB 7C                     760 	.db #0x7c	; 124
      0002CC 7C                     761 	.db #0x7c	; 124
      0002CD 7C                     762 	.db #0x7c	; 124
      0002CE 7C                     763 	.db #0x7c	; 124
      0002CF 78                     764 	.db #0x78	; 120	'x'
                                    765 	.area _INITIALIZER
                                    766 	.area _CABS (ABS)
