                                      1 ;--------------------------------------------------------
                                      2 ; File Created by SDCC : free open source ANSI-C Compiler
                                      3 ; Version 4.1.6 #12539 (Linux)
                                      4 ;--------------------------------------------------------
                                      5 	.module betterDelay
                                      6 	.optsdcc -mgbz80
                                      7 	
                                      8 ;--------------------------------------------------------
                                      9 ; Public variables in this module
                                     10 ;--------------------------------------------------------
                                     11 	.globl _betterDelay
                                     12 	.globl _wait_vbl_done
                                     13 ;--------------------------------------------------------
                                     14 ; special function registers
                                     15 ;--------------------------------------------------------
                                     16 ;--------------------------------------------------------
                                     17 ; ram data
                                     18 ;--------------------------------------------------------
                                     19 	.area _DATA
                                     20 ;--------------------------------------------------------
                                     21 ; ram data
                                     22 ;--------------------------------------------------------
                                     23 	.area _INITIALIZED
                                     24 ;--------------------------------------------------------
                                     25 ; absolute external ram data
                                     26 ;--------------------------------------------------------
                                     27 	.area _DABS (ABS)
                                     28 ;--------------------------------------------------------
                                     29 ; global & static initialisations
                                     30 ;--------------------------------------------------------
                                     31 	.area _HOME
                                     32 	.area _GSINIT
                                     33 	.area _GSFINAL
                                     34 	.area _GSINIT
                                     35 ;--------------------------------------------------------
                                     36 ; Home
                                     37 ;--------------------------------------------------------
                                     38 	.area _HOME
                                     39 	.area _HOME
                                     40 ;--------------------------------------------------------
                                     41 ; code
                                     42 ;--------------------------------------------------------
                                     43 	.area _CODE
                                     44 ;func/betterDelay.c:3: void betterDelay(unsigned int loops){
                                     45 ;	---------------------------------
                                     46 ; Function betterDelay
                                     47 ; ---------------------------------
      000000                         48 _betterDelay::
                                     49 ;func/betterDelay.c:5: for(ii = 0; ii != loops; ii++){
      000000 01 00 00                50 	ld	bc, #0x0000
      000003                         51 00103$:
      000003 F8 02                   52 	ldhl	sp,	#2
      000005 7E                      53 	ld	a, (hl)
      000006 91                      54 	sub	a, c
      000007 20 04                   55 	jr	NZ, 00118$
      000009 23                      56 	inc	hl
      00000A 7E                      57 	ld	a, (hl)
      00000B 90                      58 	sub	a, b
      00000C C8                      59 	ret	Z
      00000D                         60 00118$:
                                     61 ;func/betterDelay.c:6: wait_vbl_done();
      00000D CDr00r00                62 	call	_wait_vbl_done
                                     63 ;func/betterDelay.c:5: for(ii = 0; ii != loops; ii++){
      000010 03                      64 	inc	bc
                                     65 ;func/betterDelay.c:8: }
      000011 18 F0                   66 	jr	00103$
                                     67 	.area _CODE
                                     68 	.area _INITIALIZER
                                     69 	.area _CABS (ABS)
