                                      1 ;--------------------------------------------------------
                                      2 ; File Created by SDCC : free open source ANSI-C Compiler
                                      3 ; Version 4.1.6 #12539 (Linux)
                                      4 ;--------------------------------------------------------
                                      5 	.module diFaces
                                      6 	.optsdcc -mgbz80
                                      7 	
                                      8 ;--------------------------------------------------------
                                      9 ; Public variables in this module
                                     10 ;--------------------------------------------------------
                                     11 	.globl _diFace6
                                     12 	.globl _diFace5
                                     13 	.globl _diFace4
                                     14 	.globl _diFace3
                                     15 	.globl _diFace2
                                     16 	.globl _diFace1
                                     17 ;--------------------------------------------------------
                                     18 ; special function registers
                                     19 ;--------------------------------------------------------
                                     20 ;--------------------------------------------------------
                                     21 ; ram data
                                     22 ;--------------------------------------------------------
                                     23 	.area _DATA
                                     24 ;--------------------------------------------------------
                                     25 ; ram data
                                     26 ;--------------------------------------------------------
                                     27 	.area _INITIALIZED
      000000                         28 _diFace1::
      000000                         29 	.ds 8
      000008                         30 _diFace2::
      000008                         31 	.ds 8
      000010                         32 _diFace3::
      000010                         33 	.ds 8
      000018                         34 _diFace4::
      000018                         35 	.ds 8
      000020                         36 _diFace5::
      000020                         37 	.ds 8
      000028                         38 _diFace6::
      000028                         39 	.ds 8
                                     40 ;--------------------------------------------------------
                                     41 ; absolute external ram data
                                     42 ;--------------------------------------------------------
                                     43 	.area _DABS (ABS)
                                     44 ;--------------------------------------------------------
                                     45 ; global & static initialisations
                                     46 ;--------------------------------------------------------
                                     47 	.area _HOME
                                     48 	.area _GSINIT
                                     49 	.area _GSFINAL
                                     50 	.area _GSINIT
                                     51 ;--------------------------------------------------------
                                     52 ; Home
                                     53 ;--------------------------------------------------------
                                     54 	.area _HOME
                                     55 	.area _HOME
                                     56 ;--------------------------------------------------------
                                     57 ; code
                                     58 ;--------------------------------------------------------
                                     59 	.area _CODE
                                     60 	.area _CODE
                                     61 	.area _INITIALIZER
      000000                         62 __xinit__diFace1:
      000000 00 00                   63 	.dw #0x0000
      000002 00 00                   64 	.dw #0x0000
      000004 00 00                   65 	.dw #0x0000
      000006 00 00                   66 	.dw #0x0000
      000008                         67 __xinit__diFace2:
      000008 01 00                   68 	.dw #0x0001
      00000A 02 00                   69 	.dw #0x0002
      00000C 02 00                   70 	.dw #0x0002
      00000E 01 00                   71 	.dw #0x0001
      000010                         72 __xinit__diFace3:
      000010 03 00                   73 	.dw #0x0003
      000012 00 00                   74 	.dw #0x0000
      000014 00 00                   75 	.dw #0x0000
      000016 03 00                   76 	.dw #0x0003
      000018                         77 __xinit__diFace4:
      000018 01 00                   78 	.dw #0x0001
      00001A 01 00                   79 	.dw #0x0001
      00001C 01 00                   80 	.dw #0x0001
      00001E 01 00                   81 	.dw #0x0001
      000020                         82 __xinit__diFace5:
      000020 03 00                   83 	.dw #0x0003
      000022 03 00                   84 	.dw #0x0003
      000024 03 00                   85 	.dw #0x0003
      000026 03 00                   86 	.dw #0x0003
      000028                         87 __xinit__diFace6:
      000028 04 00                   88 	.dw #0x0004
      00002A 04 00                   89 	.dw #0x0004
      00002C 04 00                   90 	.dw #0x0004
      00002E 04 00                   91 	.dw #0x0004
                                     92 	.area _CABS (ABS)
