                                      1 ;--------------------------------------------------------
                                      2 ; File Created by SDCC : free open source ANSI-C Compiler
                                      3 ; Version 4.1.6 #12539 (Linux)
                                      4 ;--------------------------------------------------------
                                      5 	.module global_variables
                                      6 	.optsdcc -mgbz80
                                      7 	
                                      8 ;--------------------------------------------------------
                                      9 ; Public variables in this module
                                     10 ;--------------------------------------------------------
                                     11 	.globl _heldPosY
                                     12 	.globl _rollPosY
                                     13 	.globl _cursor
                                     14 	.globl _diStartPosition
                                     15 	.globl _diSpacing
                                     16 	.globl _rollBCD
                                     17 	.globl _turnBCD
                                     18 	.globl _numOptBCD
                                     19 	.globl _compareBCD
                                     20 	.globl _totalScoreAdd
                                     21 	.globl _totalScoreBCD
                                     22 	.globl _lowerScoreBuf
                                     23 	.globl _lowerScoreBCD
                                     24 	.globl _upperScoreBuf
                                     25 	.globl _upperScoreBCD
                                     26 	.globl _rollsEnabled
                                     27 	.globl _scorecardSummed
                                     28 	.globl _scorecard
                                     29 	.globl _diceValues
                                     30 	.globl _scorecardChangeB
                                     31 	.globl _scorecardChangeA
                                     32 	.globl _bonus5
                                     33 	.globl _viewMode
                                     34 	.globl _upperRegion
                                     35 	.globl _quickSwitch
                                     36 	.globl _nameInputMenu
                                     37 	.globl _gameStart
                                     38 	.globl _endGame
                                     39 	.globl _buf
                                     40 	.globl _turnsPassed
                                     41 	.globl _turn
                                     42 	.globl _titleIndex
                                     43 	.globl _titlePosR
                                     44 	.globl _titlePosL
                                     45 	.globl _smStraightContinue
                                     46 	.globl _scoresSet
                                     47 	.globl _scoreBuf
                                     48 	.globl _rollsLeft
                                     49 	.globl _match5
                                     50 	.globl _len
                                     51 	.globl _diFaceBuf
                                     52 	.globl _cursorPosition
                                     53 	.globl _currentFace
                                     54 	.globl _cursorIndex
                                     55 	.globl _k
                                     56 	.globl _j
                                     57 	.globl _i
                                     58 ;--------------------------------------------------------
                                     59 ; special function registers
                                     60 ;--------------------------------------------------------
                                     61 ;--------------------------------------------------------
                                     62 ; ram data
                                     63 ;--------------------------------------------------------
                                     64 	.area _DATA
      000000                         65 _i::
      000000                         66 	.ds 2
      000002                         67 _j::
      000002                         68 	.ds 2
      000004                         69 _k::
      000004                         70 	.ds 2
      000006                         71 _cursorIndex::
      000006                         72 	.ds 2
      000008                         73 _currentFace::
      000008                         74 	.ds 8
      000010                         75 _cursorPosition::
      000010                         76 	.ds 4
      000014                         77 _diFaceBuf::
      000014                         78 	.ds 2
      000016                         79 _len::
      000016                         80 	.ds 2
      000018                         81 _match5::
      000018                         82 	.ds 2
      00001A                         83 _rollsLeft::
      00001A                         84 	.ds 2
      00001C                         85 _scoreBuf::
      00001C                         86 	.ds 2
      00001E                         87 _scoresSet::
      00001E                         88 	.ds 2
      000020                         89 _smStraightContinue::
      000020                         90 	.ds 2
      000022                         91 _titlePosL::
      000022                         92 	.ds 4
      000026                         93 _titlePosR::
      000026                         94 	.ds 4
      00002A                         95 _titleIndex::
      00002A                         96 	.ds 2
      00002C                         97 _turn::
      00002C                         98 	.ds 2
      00002E                         99 _turnsPassed::
      00002E                        100 	.ds 2
      000030                        101 _buf::
      000030                        102 	.ds 10
      00003A                        103 _endGame::
      00003A                        104 	.ds 1
      00003B                        105 _gameStart::
      00003B                        106 	.ds 1
      00003C                        107 _nameInputMenu::
      00003C                        108 	.ds 1
      00003D                        109 _quickSwitch::
      00003D                        110 	.ds 1
      00003E                        111 _upperRegion::
      00003E                        112 	.ds 1
      00003F                        113 _viewMode::
      00003F                        114 	.ds 1
      000040                        115 _bonus5::
      000040                        116 	.ds 1
      000041                        117 _scorecardChangeA::
      000041                        118 	.ds 1
      000042                        119 _scorecardChangeB::
      000042                        120 	.ds 1
                                    121 ;--------------------------------------------------------
                                    122 ; ram data
                                    123 ;--------------------------------------------------------
                                    124 	.area _INITIALIZED
      000000                        125 _diceValues::
      000000                        126 	.ds 10
      00000A                        127 _scorecard::
      00000A                        128 	.ds 30
      000028                        129 _scorecardSummed::
      000028                        130 	.ds 30
      000046                        131 _rollsEnabled::
      000046                        132 	.ds 1
      000047                        133 _upperScoreBCD::
      000047                        134 	.ds 4
      00004B                        135 _upperScoreBuf::
      00004B                        136 	.ds 4
      00004F                        137 _lowerScoreBCD::
      00004F                        138 	.ds 4
      000053                        139 _lowerScoreBuf::
      000053                        140 	.ds 4
      000057                        141 _totalScoreBCD::
      000057                        142 	.ds 4
      00005B                        143 _totalScoreAdd::
      00005B                        144 	.ds 4
      00005F                        145 _compareBCD::
      00005F                        146 	.ds 4
      000063                        147 _numOptBCD::
      000063                        148 	.ds 4
      000067                        149 _turnBCD::
      000067                        150 	.ds 4
      00006B                        151 _rollBCD::
      00006B                        152 	.ds 4
                                    153 ;--------------------------------------------------------
                                    154 ; absolute external ram data
                                    155 ;--------------------------------------------------------
                                    156 	.area _DABS (ABS)
                                    157 ;--------------------------------------------------------
                                    158 ; global & static initialisations
                                    159 ;--------------------------------------------------------
                                    160 	.area _HOME
                                    161 	.area _GSINIT
                                    162 	.area _GSFINAL
                                    163 	.area _GSINIT
                                    164 ;--------------------------------------------------------
                                    165 ; Home
                                    166 ;--------------------------------------------------------
                                    167 	.area _HOME
                                    168 	.area _HOME
                                    169 ;--------------------------------------------------------
                                    170 ; code
                                    171 ;--------------------------------------------------------
                                    172 	.area _CODE
                                    173 	.area _CODE
      000000                        174 _diSpacing:
      000000 18 00                  175 	.dw #0x0018
      000002                        176 _diStartPosition:
      000002 30 00                  177 	.dw #0x0030
      000004 48 00                  178 	.dw #0x0048
      000006                        179 _cursor:
      000006 14 00                  180 	.dw #0x0014
      000008                        181 _rollPosY:
      000008 48 00                  182 	.dw #0x0048
      00000A                        183 _heldPosY:
      00000A 58 00                  184 	.dw #0x0058
                                    185 	.area _INITIALIZER
      000000                        186 __xinit__diceValues:
      000000 00 00                  187 	.dw #0x0000
      000002 00 00                  188 	.dw #0x0000
      000004 00 00                  189 	.dw #0x0000
      000006 00 00                  190 	.dw #0x0000
      000008 00 00                  191 	.dw #0x0000
      00000A                        192 __xinit__scorecard:
      00000A FF 00                  193 	.dw #0x00ff
      00000C FF 00                  194 	.dw #0x00ff
      00000E FF 00                  195 	.dw #0x00ff
      000010 FF 00                  196 	.dw #0x00ff
      000012 FF 00                  197 	.dw #0x00ff
      000014 FF 00                  198 	.dw #0x00ff
      000016 FF 00                  199 	.dw #0x00ff
      000018 FF 00                  200 	.dw #0x00ff
      00001A FF 00                  201 	.dw #0x00ff
      00001C FF 00                  202 	.dw #0x00ff
      00001E FF 00                  203 	.dw #0x00ff
      000020 FF 00                  204 	.dw #0x00ff
      000022 FF 00                  205 	.dw #0x00ff
      000024 FF 00                  206 	.dw #0x00ff
      000026 FF 00                  207 	.dw #0x00ff
      000028                        208 __xinit__scorecardSummed:
      000028 FF 01                  209 	.dw #0x01ff
      00002A FF 01                  210 	.dw #0x01ff
      00002C FF 01                  211 	.dw #0x01ff
      00002E FF 01                  212 	.dw #0x01ff
      000030 FF 01                  213 	.dw #0x01ff
      000032 FF 01                  214 	.dw #0x01ff
      000034 FF 01                  215 	.dw #0x01ff
      000036 FF 01                  216 	.dw #0x01ff
      000038 FF 01                  217 	.dw #0x01ff
      00003A FF 01                  218 	.dw #0x01ff
      00003C FF 01                  219 	.dw #0x01ff
      00003E FF 01                  220 	.dw #0x01ff
      000040 FF 01                  221 	.dw #0x01ff
      000042 FF 01                  222 	.dw #0x01ff
      000044 FF 01                  223 	.dw #0x01ff
      000046                        224 __xinit__rollsEnabled:
      000046 01                     225 	.db #0x01	; 1
      000047                        226 __xinit__upperScoreBCD:
      000047 00 00 00 00            227 	.byte #0x00, #0x00, #0x00, #0x00	; 0
      00004B                        228 __xinit__upperScoreBuf:
      00004B 00 00 00 00            229 	.byte #0x00, #0x00, #0x00, #0x00	; 0
      00004F                        230 __xinit__lowerScoreBCD:
      00004F 00 00 00 00            231 	.byte #0x00, #0x00, #0x00, #0x00	; 0
      000053                        232 __xinit__lowerScoreBuf:
      000053 00 00 00 00            233 	.byte #0x00, #0x00, #0x00, #0x00	; 0
      000057                        234 __xinit__totalScoreBCD:
      000057 00 00 00 00            235 	.byte #0x00, #0x00, #0x00, #0x00	; 0
      00005B                        236 __xinit__totalScoreAdd:
      00005B 00 00 00 00            237 	.byte #0x00, #0x00, #0x00, #0x00	; 0
      00005F                        238 __xinit__compareBCD:
      00005F 00 00 00 00            239 	.byte #0x00, #0x00, #0x00, #0x00	; 0
      000063                        240 __xinit__numOptBCD:
      000063 00 00 00 00            241 	.byte #0x00, #0x00, #0x00, #0x00	; 0
      000067                        242 __xinit__turnBCD:
      000067 00 00 00 00            243 	.byte #0x00, #0x00, #0x00, #0x00	; 0
      00006B                        244 __xinit__rollBCD:
      00006B 00 00 00 00            245 	.byte #0x00, #0x00, #0x00, #0x00	; 0
                                    246 	.area _CABS (ABS)
