                                      1 ;--------------------------------------------------------
                                      2 ; File Created by SDCC : free open source ANSI-C Compiler
                                      3 ; Version 4.1.6 #12539 (Linux)
                                      4 ;--------------------------------------------------------
                                      5 	.module myRandom
                                      6 	.optsdcc -mgbz80
                                      7 	
                                      8 ;--------------------------------------------------------
                                      9 ; Public variables in this module
                                     10 ;--------------------------------------------------------
                                     11 	.globl _myRandom
                                     12 	.globl _rand
                                     13 	.globl _initrand
                                     14 ;--------------------------------------------------------
                                     15 ; special function registers
                                     16 ;--------------------------------------------------------
                                     17 ;--------------------------------------------------------
                                     18 ; ram data
                                     19 ;--------------------------------------------------------
                                     20 	.area _DATA
                                     21 ;--------------------------------------------------------
                                     22 ; ram data
                                     23 ;--------------------------------------------------------
                                     24 	.area _INITIALIZED
                                     25 ;--------------------------------------------------------
                                     26 ; absolute external ram data
                                     27 ;--------------------------------------------------------
                                     28 	.area _DABS (ABS)
                                     29 ;--------------------------------------------------------
                                     30 ; global & static initialisations
                                     31 ;--------------------------------------------------------
                                     32 	.area _HOME
                                     33 	.area _GSINIT
                                     34 	.area _GSFINAL
                                     35 	.area _GSINIT
                                     36 ;--------------------------------------------------------
                                     37 ; Home
                                     38 ;--------------------------------------------------------
                                     39 	.area _HOME
                                     40 	.area _HOME
                                     41 ;--------------------------------------------------------
                                     42 ; code
                                     43 ;--------------------------------------------------------
                                     44 	.area _CODE
                                     45 ;func/myRandom.c:5: unsigned char myRandom(unsigned char maxNumber){
                                     46 ;	---------------------------------
                                     47 ; Function myRandom
                                     48 ; ---------------------------------
      000000                         49 _myRandom::
                                     50 ;func/myRandom.c:7: initrand(DIV_REG);
      000000 F0r00                   51 	ldh	a, (_DIV_REG + 0)
      000002 06 00                   52 	ld	b, #0x00
      000004 4F                      53 	ld	c, a
      000005 C5                      54 	push	bc
      000006 CDr00r00                55 	call	_initrand
      000009 E1                      56 	pop	hl
                                     57 ;func/myRandom.c:8: currRand = 127 - rand();
      00000A CDr00r00                58 	call	_rand
      00000D 7B                      59 	ld	a, e
      00000E 07                      60 	rlca
      00000F 9F                      61 	sbc	a, a
      000010 4F                      62 	ld	c, a
      000011 3E 7F                   63 	ld	a, #0x7f
      000013 93                      64 	sub	a, e
      000014 5F                      65 	ld	e, a
      000015 9F                      66 	sbc	a, a
      000016 91                      67 	sub	a, c
                                     68 ;func/myRandom.c:9: return (currRand % (maxNumber + 1) );
      000017 F8 02                   69 	ldhl	sp,	#2
      000019 4E                      70 	ld	c, (hl)
      00001A 06 00                   71 	ld	b, #0x00
      00001C 03                      72 	inc	bc
      00001D C5                      73 	push	bc
      00001E 57                      74 	ld	d, a
      00001F D5                      75 	push	de
      000020 CDr00r00                76 	call	__moduint
      000023 E8 04                   77 	add	sp, #4
                                     78 ;func/myRandom.c:10: }
      000025 C9                      79 	ret
                                     80 	.area _CODE
                                     81 	.area _INITIALIZER
                                     82 	.area _CABS (ABS)
