                                      1 ;--------------------------------------------------------
                                      2 ; File Created by SDCC : free open source ANSI-C Compiler
                                      3 ; Version 4.1.6 #12539 (Linux)
                                      4 ;--------------------------------------------------------
                                      5 	.module nameInputMap
                                      6 	.optsdcc -mgbz80
                                      7 	
                                      8 ;--------------------------------------------------------
                                      9 ; Public variables in this module
                                     10 ;--------------------------------------------------------
                                     11 	.globl _nameInputMap
                                     12 ;--------------------------------------------------------
                                     13 ; special function registers
                                     14 ;--------------------------------------------------------
                                     15 ;--------------------------------------------------------
                                     16 ; ram data
                                     17 ;--------------------------------------------------------
                                     18 	.area _DATA
                                     19 ;--------------------------------------------------------
                                     20 ; ram data
                                     21 ;--------------------------------------------------------
                                     22 	.area _INITIALIZED
      000000                         23 _nameInputMap::
      000000                         24 	.ds 360
                                     25 ;--------------------------------------------------------
                                     26 ; absolute external ram data
                                     27 ;--------------------------------------------------------
                                     28 	.area _DABS (ABS)
                                     29 ;--------------------------------------------------------
                                     30 ; global & static initialisations
                                     31 ;--------------------------------------------------------
                                     32 	.area _HOME
                                     33 	.area _GSINIT
                                     34 	.area _GSFINAL
                                     35 	.area _GSINIT
                                     36 ;--------------------------------------------------------
                                     37 ; Home
                                     38 ;--------------------------------------------------------
                                     39 	.area _HOME
                                     40 	.area _HOME
                                     41 ;--------------------------------------------------------
                                     42 ; code
                                     43 ;--------------------------------------------------------
                                     44 	.area _CODE
                                     45 	.area _CODE
                                     46 	.area _INITIALIZER
      000000                         47 __xinit__nameInputMap:
      000000 00                      48 	.db #0x00	; 0
      000001 00                      49 	.db #0x00	; 0
      000002 00                      50 	.db #0x00	; 0
      000003 00                      51 	.db #0x00	; 0
      000004 00                      52 	.db #0x00	; 0
      000005 00                      53 	.db #0x00	; 0
      000006 00                      54 	.db #0x00	; 0
      000007 00                      55 	.db #0x00	; 0
      000008 00                      56 	.db #0x00	; 0
      000009 00                      57 	.db #0x00	; 0
      00000A 00                      58 	.db #0x00	; 0
      00000B 00                      59 	.db #0x00	; 0
      00000C 00                      60 	.db #0x00	; 0
      00000D 00                      61 	.db #0x00	; 0
      00000E 00                      62 	.db #0x00	; 0
      00000F 00                      63 	.db #0x00	; 0
      000010 00                      64 	.db #0x00	; 0
      000011 00                      65 	.db #0x00	; 0
      000012 00                      66 	.db #0x00	; 0
      000013 00                      67 	.db #0x00	; 0
      000014 00                      68 	.db #0x00	; 0
      000015 00                      69 	.db #0x00	; 0
      000016 25                      70 	.db #0x25	; 37
      000017 4E                      71 	.db #0x4e	; 78	'N'
      000018 54                      72 	.db #0x54	; 84	'T'
      000019 45                      73 	.db #0x45	; 69	'E'
      00001A 52                      74 	.db #0x52	; 82	'R'
      00001B 00                      75 	.db #0x00	; 0
      00001C 39                      76 	.db #0x39	; 57	'9'
      00001D 4F                      77 	.db #0x4f	; 79	'O'
      00001E 55                      78 	.db #0x55	; 85	'U'
      00001F 52                      79 	.db #0x52	; 82	'R'
      000020 00                      80 	.db #0x00	; 0
      000021 2E                      81 	.db #0x2e	; 46
      000022 41                      82 	.db #0x41	; 65	'A'
      000023 4D                      83 	.db #0x4d	; 77	'M'
      000024 45                      84 	.db #0x45	; 69	'E'
      000025 00                      85 	.db #0x00	; 0
      000026 00                      86 	.db #0x00	; 0
      000027 00                      87 	.db #0x00	; 0
      000028 00                      88 	.db #0x00	; 0
      000029 00                      89 	.db #0x00	; 0
      00002A 00                      90 	.db #0x00	; 0
      00002B 00                      91 	.db #0x00	; 0
      00002C 00                      92 	.db #0x00	; 0
      00002D 00                      93 	.db #0x00	; 0
      00002E 00                      94 	.db #0x00	; 0
      00002F 00                      95 	.db #0x00	; 0
      000030 00                      96 	.db #0x00	; 0
      000031 00                      97 	.db #0x00	; 0
      000032 00                      98 	.db #0x00	; 0
      000033 00                      99 	.db #0x00	; 0
      000034 00                     100 	.db #0x00	; 0
      000035 00                     101 	.db #0x00	; 0
      000036 00                     102 	.db #0x00	; 0
      000037 00                     103 	.db #0x00	; 0
      000038 00                     104 	.db #0x00	; 0
      000039 00                     105 	.db #0x00	; 0
      00003A 00                     106 	.db #0x00	; 0
      00003B 00                     107 	.db #0x00	; 0
      00003C 00                     108 	.db #0x00	; 0
      00003D 00                     109 	.db #0x00	; 0
      00003E 00                     110 	.db #0x00	; 0
      00003F 00                     111 	.db #0x00	; 0
      000040 00                     112 	.db #0x00	; 0
      000041 00                     113 	.db #0x00	; 0
      000042 00                     114 	.db #0x00	; 0
      000043 00                     115 	.db #0x00	; 0
      000044 00                     116 	.db #0x00	; 0
      000045 00                     117 	.db #0x00	; 0
      000046 00                     118 	.db #0x00	; 0
      000047 00                     119 	.db #0x00	; 0
      000048 00                     120 	.db #0x00	; 0
      000049 00                     121 	.db #0x00	; 0
      00004A 00                     122 	.db #0x00	; 0
      00004B 00                     123 	.db #0x00	; 0
      00004C 00                     124 	.db #0x00	; 0
      00004D 00                     125 	.db #0x00	; 0
      00004E 00                     126 	.db #0x00	; 0
      00004F 00                     127 	.db #0x00	; 0
      000050 00                     128 	.db #0x00	; 0
      000051 00                     129 	.db #0x00	; 0
      000052 00                     130 	.db #0x00	; 0
      000053 00                     131 	.db #0x00	; 0
      000054 00                     132 	.db #0x00	; 0
      000055 00                     133 	.db #0x00	; 0
      000056 0D                     134 	.db #0x0d	; 13
      000057 0D                     135 	.db #0x0d	; 13
      000058 0D                     136 	.db #0x0d	; 13
      000059 0D                     137 	.db #0x0d	; 13
      00005A 0D                     138 	.db #0x0d	; 13
      00005B 0D                     139 	.db #0x0d	; 13
      00005C 0D                     140 	.db #0x0d	; 13
      00005D 0D                     141 	.db #0x0d	; 13
      00005E 00                     142 	.db #0x00	; 0
      00005F 00                     143 	.db #0x00	; 0
      000060 00                     144 	.db #0x00	; 0
      000061 00                     145 	.db #0x00	; 0
      000062 00                     146 	.db #0x00	; 0
      000063 00                     147 	.db #0x00	; 0
      000064 00                     148 	.db #0x00	; 0
      000065 00                     149 	.db #0x00	; 0
      000066 00                     150 	.db #0x00	; 0
      000067 00                     151 	.db #0x00	; 0
      000068 00                     152 	.db #0x00	; 0
      000069 00                     153 	.db #0x00	; 0
      00006A 00                     154 	.db #0x00	; 0
      00006B 00                     155 	.db #0x00	; 0
      00006C 00                     156 	.db #0x00	; 0
      00006D 00                     157 	.db #0x00	; 0
      00006E 00                     158 	.db #0x00	; 0
      00006F 00                     159 	.db #0x00	; 0
      000070 00                     160 	.db #0x00	; 0
      000071 00                     161 	.db #0x00	; 0
      000072 00                     162 	.db #0x00	; 0
      000073 00                     163 	.db #0x00	; 0
      000074 00                     164 	.db #0x00	; 0
      000075 00                     165 	.db #0x00	; 0
      000076 00                     166 	.db #0x00	; 0
      000077 00                     167 	.db #0x00	; 0
      000078 21                     168 	.db #0x21	; 33
      000079 00                     169 	.db #0x00	; 0
      00007A 22                     170 	.db #0x22	; 34
      00007B 00                     171 	.db #0x00	; 0
      00007C 23                     172 	.db #0x23	; 35
      00007D 00                     173 	.db #0x00	; 0
      00007E 24                     174 	.db #0x24	; 36
      00007F 00                     175 	.db #0x00	; 0
      000080 25                     176 	.db #0x25	; 37
      000081 00                     177 	.db #0x00	; 0
      000082 26                     178 	.db #0x26	; 38
      000083 00                     179 	.db #0x00	; 0
      000084 27                     180 	.db #0x27	; 39
      000085 00                     181 	.db #0x00	; 0
      000086 28                     182 	.db #0x28	; 40
      000087 00                     183 	.db #0x00	; 0
      000088 29                     184 	.db #0x29	; 41
      000089 00                     185 	.db #0x00	; 0
      00008A 2A                     186 	.db #0x2a	; 42
      00008B 00                     187 	.db #0x00	; 0
      00008C 00                     188 	.db #0x00	; 0
      00008D 00                     189 	.db #0x00	; 0
      00008E 00                     190 	.db #0x00	; 0
      00008F 00                     191 	.db #0x00	; 0
      000090 00                     192 	.db #0x00	; 0
      000091 00                     193 	.db #0x00	; 0
      000092 00                     194 	.db #0x00	; 0
      000093 00                     195 	.db #0x00	; 0
      000094 00                     196 	.db #0x00	; 0
      000095 00                     197 	.db #0x00	; 0
      000096 00                     198 	.db #0x00	; 0
      000097 00                     199 	.db #0x00	; 0
      000098 00                     200 	.db #0x00	; 0
      000099 00                     201 	.db #0x00	; 0
      00009A 00                     202 	.db #0x00	; 0
      00009B 00                     203 	.db #0x00	; 0
      00009C 00                     204 	.db #0x00	; 0
      00009D 00                     205 	.db #0x00	; 0
      00009E 00                     206 	.db #0x00	; 0
      00009F 00                     207 	.db #0x00	; 0
      0000A0 2B                     208 	.db #0x2b	; 43
      0000A1 00                     209 	.db #0x00	; 0
      0000A2 2C                     210 	.db #0x2c	; 44
      0000A3 00                     211 	.db #0x00	; 0
      0000A4 2D                     212 	.db #0x2d	; 45
      0000A5 00                     213 	.db #0x00	; 0
      0000A6 2E                     214 	.db #0x2e	; 46
      0000A7 00                     215 	.db #0x00	; 0
      0000A8 2F                     216 	.db #0x2f	; 47
      0000A9 00                     217 	.db #0x00	; 0
      0000AA 30                     218 	.db #0x30	; 48	'0'
      0000AB 00                     219 	.db #0x00	; 0
      0000AC 31                     220 	.db #0x31	; 49	'1'
      0000AD 00                     221 	.db #0x00	; 0
      0000AE 32                     222 	.db #0x32	; 50	'2'
      0000AF 00                     223 	.db #0x00	; 0
      0000B0 33                     224 	.db #0x33	; 51	'3'
      0000B1 00                     225 	.db #0x00	; 0
      0000B2 34                     226 	.db #0x34	; 52	'4'
      0000B3 00                     227 	.db #0x00	; 0
      0000B4 00                     228 	.db #0x00	; 0
      0000B5 00                     229 	.db #0x00	; 0
      0000B6 00                     230 	.db #0x00	; 0
      0000B7 00                     231 	.db #0x00	; 0
      0000B8 00                     232 	.db #0x00	; 0
      0000B9 00                     233 	.db #0x00	; 0
      0000BA 00                     234 	.db #0x00	; 0
      0000BB 00                     235 	.db #0x00	; 0
      0000BC 00                     236 	.db #0x00	; 0
      0000BD 00                     237 	.db #0x00	; 0
      0000BE 00                     238 	.db #0x00	; 0
      0000BF 00                     239 	.db #0x00	; 0
      0000C0 00                     240 	.db #0x00	; 0
      0000C1 00                     241 	.db #0x00	; 0
      0000C2 00                     242 	.db #0x00	; 0
      0000C3 00                     243 	.db #0x00	; 0
      0000C4 00                     244 	.db #0x00	; 0
      0000C5 00                     245 	.db #0x00	; 0
      0000C6 00                     246 	.db #0x00	; 0
      0000C7 00                     247 	.db #0x00	; 0
      0000C8 35                     248 	.db #0x35	; 53	'5'
      0000C9 00                     249 	.db #0x00	; 0
      0000CA 36                     250 	.db #0x36	; 54	'6'
      0000CB 00                     251 	.db #0x00	; 0
      0000CC 37                     252 	.db #0x37	; 55	'7'
      0000CD 00                     253 	.db #0x00	; 0
      0000CE 38                     254 	.db #0x38	; 56	'8'
      0000CF 00                     255 	.db #0x00	; 0
      0000D0 39                     256 	.db #0x39	; 57	'9'
      0000D1 00                     257 	.db #0x00	; 0
      0000D2 3A                     258 	.db #0x3a	; 58
      0000D3 00                     259 	.db #0x00	; 0
      0000D4 00                     260 	.db #0x00	; 0
      0000D5 00                     261 	.db #0x00	; 0
      0000D6 20                     262 	.db #0x20	; 32
      0000D7 00                     263 	.db #0x00	; 0
      0000D8 01                     264 	.db #0x01	; 1
      0000D9 00                     265 	.db #0x00	; 0
      0000DA 1F                     266 	.db #0x1f	; 31
      0000DB 00                     267 	.db #0x00	; 0
      0000DC 00                     268 	.db #0x00	; 0
      0000DD 00                     269 	.db #0x00	; 0
      0000DE 00                     270 	.db #0x00	; 0
      0000DF 00                     271 	.db #0x00	; 0
      0000E0 00                     272 	.db #0x00	; 0
      0000E1 00                     273 	.db #0x00	; 0
      0000E2 00                     274 	.db #0x00	; 0
      0000E3 00                     275 	.db #0x00	; 0
      0000E4 00                     276 	.db #0x00	; 0
      0000E5 00                     277 	.db #0x00	; 0
      0000E6 00                     278 	.db #0x00	; 0
      0000E7 00                     279 	.db #0x00	; 0
      0000E8 00                     280 	.db #0x00	; 0
      0000E9 00                     281 	.db #0x00	; 0
      0000EA 00                     282 	.db #0x00	; 0
      0000EB 00                     283 	.db #0x00	; 0
      0000EC 00                     284 	.db #0x00	; 0
      0000ED 00                     285 	.db #0x00	; 0
      0000EE 00                     286 	.db #0x00	; 0
      0000EF 00                     287 	.db #0x00	; 0
      0000F0 10                     288 	.db #0x10	; 16
      0000F1 00                     289 	.db #0x00	; 0
      0000F2 11                     290 	.db #0x11	; 17
      0000F3 00                     291 	.db #0x00	; 0
      0000F4 12                     292 	.db #0x12	; 18
      0000F5 00                     293 	.db #0x00	; 0
      0000F6 13                     294 	.db #0x13	; 19
      0000F7 00                     295 	.db #0x00	; 0
      0000F8 14                     296 	.db #0x14	; 20
      0000F9 00                     297 	.db #0x00	; 0
      0000FA 15                     298 	.db #0x15	; 21
      0000FB 00                     299 	.db #0x00	; 0
      0000FC 16                     300 	.db #0x16	; 22
      0000FD 00                     301 	.db #0x00	; 0
      0000FE 17                     302 	.db #0x17	; 23
      0000FF 00                     303 	.db #0x00	; 0
      000100 18                     304 	.db #0x18	; 24
      000101 00                     305 	.db #0x00	; 0
      000102 19                     306 	.db #0x19	; 25
      000103 00                     307 	.db #0x00	; 0
      000104 00                     308 	.db #0x00	; 0
      000105 00                     309 	.db #0x00	; 0
      000106 00                     310 	.db #0x00	; 0
      000107 00                     311 	.db #0x00	; 0
      000108 00                     312 	.db #0x00	; 0
      000109 00                     313 	.db #0x00	; 0
      00010A 00                     314 	.db #0x00	; 0
      00010B 00                     315 	.db #0x00	; 0
      00010C 00                     316 	.db #0x00	; 0
      00010D 00                     317 	.db #0x00	; 0
      00010E 00                     318 	.db #0x00	; 0
      00010F 00                     319 	.db #0x00	; 0
      000110 00                     320 	.db #0x00	; 0
      000111 00                     321 	.db #0x00	; 0
      000112 00                     322 	.db #0x00	; 0
      000113 00                     323 	.db #0x00	; 0
      000114 00                     324 	.db #0x00	; 0
      000115 00                     325 	.db #0x00	; 0
      000116 00                     326 	.db #0x00	; 0
      000117 00                     327 	.db #0x00	; 0
      000118 00                     328 	.db #0x00	; 0
      000119 00                     329 	.db #0x00	; 0
      00011A 21                     330 	.db #0x21	; 33
      00011B 22                     331 	.db #0x22	; 34
      00011C 23                     332 	.db #0x23	; 35
      00011D 00                     333 	.db #0x00	; 0
      00011E 00                     334 	.db #0x00	; 0
      00011F 00                     335 	.db #0x00	; 0
      000120 41                     336 	.db #0x41	; 65	'A'
      000121 42                     337 	.db #0x42	; 66	'B'
      000122 43                     338 	.db #0x43	; 67	'C'
      000123 00                     339 	.db #0x00	; 0
      000124 00                     340 	.db #0x00	; 0
      000125 00                     341 	.db #0x00	; 0
      000126 04                     342 	.db #0x04	; 4
      000127 05                     343 	.db #0x05	; 5
      000128 06                     344 	.db #0x06	; 6
      000129 00                     345 	.db #0x00	; 0
      00012A 00                     346 	.db #0x00	; 0
      00012B 00                     347 	.db #0x00	; 0
      00012C 00                     348 	.db #0x00	; 0
      00012D 00                     349 	.db #0x00	; 0
      00012E 00                     350 	.db #0x00	; 0
      00012F 00                     351 	.db #0x00	; 0
      000130 00                     352 	.db #0x00	; 0
      000131 00                     353 	.db #0x00	; 0
      000132 00                     354 	.db #0x00	; 0
      000133 00                     355 	.db #0x00	; 0
      000134 00                     356 	.db #0x00	; 0
      000135 00                     357 	.db #0x00	; 0
      000136 00                     358 	.db #0x00	; 0
      000137 00                     359 	.db #0x00	; 0
      000138 00                     360 	.db #0x00	; 0
      000139 00                     361 	.db #0x00	; 0
      00013A 00                     362 	.db #0x00	; 0
      00013B 00                     363 	.db #0x00	; 0
      00013C 00                     364 	.db #0x00	; 0
      00013D 00                     365 	.db #0x00	; 0
      00013E 00                     366 	.db #0x00	; 0
      00013F 00                     367 	.db #0x00	; 0
      000140 22                     368 	.db #0x22	; 34
      000141 41                     369 	.db #0x41	; 65	'A'
      000142 43                     370 	.db #0x43	; 67	'C'
      000143 4B                     371 	.db #0x4b	; 75	'K'
      000144 53                     372 	.db #0x53	; 83	'S'
      000145 50                     373 	.db #0x50	; 80	'P'
      000146 41                     374 	.db #0x41	; 65	'A'
      000147 43                     375 	.db #0x43	; 67	'C'
      000148 45                     376 	.db #0x45	; 69	'E'
      000149 00                     377 	.db #0x00	; 0
      00014A 00                     378 	.db #0x00	; 0
      00014B 00                     379 	.db #0x00	; 0
      00014C 23                     380 	.db #0x23	; 35
      00014D 4F                     381 	.db #0x4f	; 79	'O'
      00014E 4E                     382 	.db #0x4e	; 78	'N'
      00014F 46                     383 	.db #0x46	; 70	'F'
      000150 49                     384 	.db #0x49	; 73	'I'
      000151 52                     385 	.db #0x52	; 82	'R'
      000152 4D                     386 	.db #0x4d	; 77	'M'
      000153 00                     387 	.db #0x00	; 0
      000154 00                     388 	.db #0x00	; 0
      000155 00                     389 	.db #0x00	; 0
      000156 00                     390 	.db #0x00	; 0
      000157 00                     391 	.db #0x00	; 0
      000158 00                     392 	.db #0x00	; 0
      000159 00                     393 	.db #0x00	; 0
      00015A 00                     394 	.db #0x00	; 0
      00015B 00                     395 	.db #0x00	; 0
      00015C 00                     396 	.db #0x00	; 0
      00015D 00                     397 	.db #0x00	; 0
      00015E 00                     398 	.db #0x00	; 0
      00015F 00                     399 	.db #0x00	; 0
      000160 00                     400 	.db #0x00	; 0
      000161 00                     401 	.db #0x00	; 0
      000162 00                     402 	.db #0x00	; 0
      000163 00                     403 	.db #0x00	; 0
      000164 00                     404 	.db #0x00	; 0
      000165 00                     405 	.db #0x00	; 0
      000166 00                     406 	.db #0x00	; 0
      000167 00                     407 	.db #0x00	; 0
                                    408 	.area _CABS (ABS)
