                                      1 ;--------------------------------------------------------
                                      2 ; File Created by SDCC : free open source ANSI-C Compiler
                                      3 ; Version 4.1.6 #12539 (Linux)
                                      4 ;--------------------------------------------------------
                                      5 	.module splashScreen_data
                                      6 	.optsdcc -mgbz80
                                      7 	
                                      8 ;--------------------------------------------------------
                                      9 ; Public variables in this module
                                     10 ;--------------------------------------------------------
                                     11 	.globl _splashScreen_data
                                     12 ;--------------------------------------------------------
                                     13 ; special function registers
                                     14 ;--------------------------------------------------------
                                     15 ;--------------------------------------------------------
                                     16 ; ram data
                                     17 ;--------------------------------------------------------
                                     18 	.area _DATA
                                     19 ;--------------------------------------------------------
                                     20 ; ram data
                                     21 ;--------------------------------------------------------
                                     22 	.area _INITIALIZED
                                     23 ;--------------------------------------------------------
                                     24 ; absolute external ram data
                                     25 ;--------------------------------------------------------
                                     26 	.area _DABS (ABS)
                                     27 ;--------------------------------------------------------
                                     28 ; global & static initialisations
                                     29 ;--------------------------------------------------------
                                     30 	.area _HOME
                                     31 	.area _GSINIT
                                     32 	.area _GSFINAL
                                     33 	.area _GSINIT
                                     34 ;--------------------------------------------------------
                                     35 ; Home
                                     36 ;--------------------------------------------------------
                                     37 	.area _HOME
                                     38 	.area _HOME
                                     39 ;--------------------------------------------------------
                                     40 ; code
                                     41 ;--------------------------------------------------------
                                     42 	.area _CODE
                                     43 	.area _CODE
      000000                         44 _splashScreen_data:
      000000 00                      45 	.db #0x00	; 0
      000001 00                      46 	.db #0x00	; 0
      000002 00                      47 	.db #0x00	; 0
      000003 00                      48 	.db #0x00	; 0
      000004 00                      49 	.db #0x00	; 0
      000005 00                      50 	.db #0x00	; 0
      000006 00                      51 	.db #0x00	; 0
      000007 00                      52 	.db #0x00	; 0
      000008 00                      53 	.db #0x00	; 0
      000009 00                      54 	.db #0x00	; 0
      00000A 00                      55 	.db #0x00	; 0
      00000B 00                      56 	.db #0x00	; 0
      00000C 00                      57 	.db #0x00	; 0
      00000D 00                      58 	.db #0x00	; 0
      00000E 00                      59 	.db #0x00	; 0
      00000F 00                      60 	.db #0x00	; 0
      000010 00                      61 	.db #0x00	; 0
      000011 00                      62 	.db #0x00	; 0
      000012 00                      63 	.db #0x00	; 0
      000013 00                      64 	.db #0x00	; 0
      000014 00                      65 	.db #0x00	; 0
      000015 00                      66 	.db #0x00	; 0
      000016 07                      67 	.db #0x07	; 7
      000017 03                      68 	.db #0x03	; 3
      000018 07                      69 	.db #0x07	; 7
      000019 03                      70 	.db #0x03	; 3
      00001A 07                      71 	.db #0x07	; 7
      00001B 03                      72 	.db #0x03	; 3
      00001C 03                      73 	.db #0x03	; 3
      00001D 03                      74 	.db #0x03	; 3
      00001E 03                      75 	.db #0x03	; 3
      00001F 03                      76 	.db #0x03	; 3
      000020 00                      77 	.db #0x00	; 0
      000021 00                      78 	.db #0x00	; 0
      000022 00                      79 	.db #0x00	; 0
      000023 00                      80 	.db #0x00	; 0
      000024 BB                      81 	.db #0xbb	; 187
      000025 07                      82 	.db #0x07	; 7
      000026 FF                      83 	.db #0xff	; 255
      000027 FF                      84 	.db #0xff	; 255
      000028 FF                      85 	.db #0xff	; 255
      000029 FF                      86 	.db #0xff	; 255
      00002A FF                      87 	.db #0xff	; 255
      00002B FF                      88 	.db #0xff	; 255
      00002C FF                      89 	.db #0xff	; 255
      00002D FF                      90 	.db #0xff	; 255
      00002E FF                      91 	.db #0xff	; 255
      00002F FF                      92 	.db #0xff	; 255
      000030 00                      93 	.db #0x00	; 0
      000031 00                      94 	.db #0x00	; 0
      000032 1E                      95 	.db #0x1e	; 30
      000033 01                      96 	.db #0x01	; 1
      000034 FF                      97 	.db #0xff	; 255
      000035 FF                      98 	.db #0xff	; 255
      000036 FF                      99 	.db #0xff	; 255
      000037 FF                     100 	.db #0xff	; 255
      000038 FF                     101 	.db #0xff	; 255
      000039 FF                     102 	.db #0xff	; 255
      00003A FF                     103 	.db #0xff	; 255
      00003B FF                     104 	.db #0xff	; 255
      00003C FF                     105 	.db #0xff	; 255
      00003D FF                     106 	.db #0xff	; 255
      00003E FF                     107 	.db #0xff	; 255
      00003F FF                     108 	.db #0xff	; 255
      000040 08                     109 	.db #0x08	; 8
      000041 00                     110 	.db #0x00	; 0
      000042 FC                     111 	.db #0xfc	; 252
      000043 F8                     112 	.db #0xf8	; 248
      000044 FC                     113 	.db #0xfc	; 252
      000045 F8                     114 	.db #0xf8	; 248
      000046 FC                     115 	.db #0xfc	; 252
      000047 F8                     116 	.db #0xf8	; 248
      000048 FC                     117 	.db #0xfc	; 252
      000049 F8                     118 	.db #0xf8	; 248
      00004A F8                     119 	.db #0xf8	; 248
      00004B FC                     120 	.db #0xfc	; 252
      00004C F8                     121 	.db #0xf8	; 248
      00004D FC                     122 	.db #0xfc	; 252
      00004E FC                     123 	.db #0xfc	; 252
      00004F FC                     124 	.db #0xfc	; 252
      000050 00                     125 	.db #0x00	; 0
      000051 00                     126 	.db #0x00	; 0
      000052 00                     127 	.db #0x00	; 0
      000053 00                     128 	.db #0x00	; 0
      000054 00                     129 	.db #0x00	; 0
      000055 00                     130 	.db #0x00	; 0
      000056 00                     131 	.db #0x00	; 0
      000057 00                     132 	.db #0x00	; 0
      000058 00                     133 	.db #0x00	; 0
      000059 00                     134 	.db #0x00	; 0
      00005A 00                     135 	.db #0x00	; 0
      00005B 00                     136 	.db #0x00	; 0
      00005C 7F                     137 	.db #0x7f	; 127
      00005D 7F                     138 	.db #0x7f	; 127
      00005E 7F                     139 	.db #0x7f	; 127
      00005F 7F                     140 	.db #0x7f	; 127
      000060 00                     141 	.db #0x00	; 0
      000061 00                     142 	.db #0x00	; 0
      000062 00                     143 	.db #0x00	; 0
      000063 00                     144 	.db #0x00	; 0
      000064 00                     145 	.db #0x00	; 0
      000065 00                     146 	.db #0x00	; 0
      000066 00                     147 	.db #0x00	; 0
      000067 00                     148 	.db #0x00	; 0
      000068 00                     149 	.db #0x00	; 0
      000069 00                     150 	.db #0x00	; 0
      00006A 00                     151 	.db #0x00	; 0
      00006B 00                     152 	.db #0x00	; 0
      00006C 80                     153 	.db #0x80	; 128
      00006D 80                     154 	.db #0x80	; 128
      00006E 80                     155 	.db #0x80	; 128
      00006F 80                     156 	.db #0x80	; 128
      000070 00                     157 	.db #0x00	; 0
      000071 00                     158 	.db #0x00	; 0
      000072 00                     159 	.db #0x00	; 0
      000073 00                     160 	.db #0x00	; 0
      000074 00                     161 	.db #0x00	; 0
      000075 00                     162 	.db #0x00	; 0
      000076 00                     163 	.db #0x00	; 0
      000077 00                     164 	.db #0x00	; 0
      000078 00                     165 	.db #0x00	; 0
      000079 00                     166 	.db #0x00	; 0
      00007A 10                     167 	.db #0x10	; 16
      00007B 00                     168 	.db #0x00	; 0
      00007C 30                     169 	.db #0x30	; 48	'0'
      00007D 18                     170 	.db #0x18	; 24
      00007E 78                     171 	.db #0x78	; 120	'x'
      00007F 3C                     172 	.db #0x3c	; 60
      000080 07                     173 	.db #0x07	; 7
      000081 03                     174 	.db #0x03	; 3
      000082 03                     175 	.db #0x03	; 3
      000083 03                     176 	.db #0x03	; 3
      000084 03                     177 	.db #0x03	; 3
      000085 03                     178 	.db #0x03	; 3
      000086 03                     179 	.db #0x03	; 3
      000087 03                     180 	.db #0x03	; 3
      000088 01                     181 	.db #0x01	; 1
      000089 03                     182 	.db #0x03	; 3
      00008A 01                     183 	.db #0x01	; 1
      00008B 03                     184 	.db #0x03	; 3
      00008C 03                     185 	.db #0x03	; 3
      00008D 01                     186 	.db #0x01	; 1
      00008E 03                     187 	.db #0x03	; 3
      00008F 01                     188 	.db #0x01	; 1
      000090 FF                     189 	.db #0xff	; 255
      000091 FF                     190 	.db #0xff	; 255
      000092 FF                     191 	.db #0xff	; 255
      000093 FF                     192 	.db #0xff	; 255
      000094 FE                     193 	.db #0xfe	; 254
      000095 FF                     194 	.db #0xff	; 255
      000096 FF                     195 	.db #0xff	; 255
      000097 FE                     196 	.db #0xfe	; 254
      000098 FF                     197 	.db #0xff	; 255
      000099 FE                     198 	.db #0xfe	; 254
      00009A FE                     199 	.db #0xfe	; 254
      00009B FF                     200 	.db #0xff	; 255
      00009C FF                     201 	.db #0xff	; 255
      00009D FF                     202 	.db #0xff	; 255
      00009E FF                     203 	.db #0xff	; 255
      00009F FF                     204 	.db #0xff	; 255
      0000A0 FF                     205 	.db #0xff	; 255
      0000A1 FF                     206 	.db #0xff	; 255
      0000A2 FE                     207 	.db #0xfe	; 254
      0000A3 FF                     208 	.db #0xff	; 255
      0000A4 D0                     209 	.db #0xd0	; 208
      0000A5 00                     210 	.db #0x00	; 0
      0000A6 00                     211 	.db #0x00	; 0
      0000A7 00                     212 	.db #0x00	; 0
      0000A8 00                     213 	.db #0x00	; 0
      0000A9 00                     214 	.db #0x00	; 0
      0000AA 00                     215 	.db #0x00	; 0
      0000AB 00                     216 	.db #0x00	; 0
      0000AC 7E                     217 	.db #0x7e	; 126
      0000AD 00                     218 	.db #0x00	; 0
      0000AE FF                     219 	.db #0xff	; 255
      0000AF FF                     220 	.db #0xff	; 255
      0000B0 FC                     221 	.db #0xfc	; 252
      0000B1 FC                     222 	.db #0xfc	; 252
      0000B2 74                     223 	.db #0x74	; 116	't'
      0000B3 80                     224 	.db #0x80	; 128
      0000B4 00                     225 	.db #0x00	; 0
      0000B5 00                     226 	.db #0x00	; 0
      0000B6 00                     227 	.db #0x00	; 0
      0000B7 00                     228 	.db #0x00	; 0
      0000B8 00                     229 	.db #0x00	; 0
      0000B9 00                     230 	.db #0x00	; 0
      0000BA 00                     231 	.db #0x00	; 0
      0000BB 00                     232 	.db #0x00	; 0
      0000BC 00                     233 	.db #0x00	; 0
      0000BD 00                     234 	.db #0x00	; 0
      0000BE A0                     235 	.db #0xa0	; 160
      0000BF C0                     236 	.db #0xc0	; 192
      0000C0 06                     237 	.db #0x06	; 6
      0000C1 00                     238 	.db #0x00	; 0
      0000C2 1F                     239 	.db #0x1f	; 31
      0000C3 0F                     240 	.db #0x0f	; 15
      0000C4 1F                     241 	.db #0x1f	; 31
      0000C5 3F                     242 	.db #0x3f	; 63
      0000C6 78                     243 	.db #0x78	; 120	'x'
      0000C7 3F                     244 	.db #0x3f	; 63
      0000C8 78                     245 	.db #0x78	; 120	'x'
      0000C9 70                     246 	.db #0x70	; 112	'p'
      0000CA 78                     247 	.db #0x78	; 120	'x'
      0000CB 70                     248 	.db #0x70	; 112	'p'
      0000CC 70                     249 	.db #0x70	; 112	'p'
      0000CD 70                     250 	.db #0x70	; 112	'p'
      0000CE 34                     251 	.db #0x34	; 52	'4'
      0000CF 78                     252 	.db #0x78	; 120	'x'
      0000D0 00                     253 	.db #0x00	; 0
      0000D1 00                     254 	.db #0x00	; 0
      0000D2 C0                     255 	.db #0xc0	; 192
      0000D3 80                     256 	.db #0x80	; 128
      0000D4 C0                     257 	.db #0xc0	; 192
      0000D5 E0                     258 	.db #0xe0	; 224
      0000D6 F0                     259 	.db #0xf0	; 240
      0000D7 E0                     260 	.db #0xe0	; 224
      0000D8 73                     261 	.db #0x73	; 115	's'
      0000D9 E1                     262 	.db #0xe1	; 225
      0000DA E3                     263 	.db #0xe3	; 227
      0000DB 77                     264 	.db #0x77	; 119	'w'
      0000DC EF                     265 	.db #0xef	; 239
      0000DD 77                     266 	.db #0x77	; 119	'w'
      0000DE FF                     267 	.db #0xff	; 255
      0000DF EF                     268 	.db #0xef	; 239
      0000E0 00                     269 	.db #0x00	; 0
      0000E1 00                     270 	.db #0x00	; 0
      0000E2 00                     271 	.db #0x00	; 0
      0000E3 00                     272 	.db #0x00	; 0
      0000E4 00                     273 	.db #0x00	; 0
      0000E5 00                     274 	.db #0x00	; 0
      0000E6 20                     275 	.db #0x20	; 32
      0000E7 00                     276 	.db #0x00	; 0
      0000E8 FA                     277 	.db #0xfa	; 250
      0000E9 FC                     278 	.db #0xfc	; 252
      0000EA FE                     279 	.db #0xfe	; 254
      0000EB FF                     280 	.db #0xff	; 255
      0000EC FF                     281 	.db #0xff	; 255
      0000ED FF                     282 	.db #0xff	; 255
      0000EE FF                     283 	.db #0xff	; 255
      0000EF FF                     284 	.db #0xff	; 255
      0000F0 00                     285 	.db #0x00	; 0
      0000F1 00                     286 	.db #0x00	; 0
      0000F2 00                     287 	.db #0x00	; 0
      0000F3 00                     288 	.db #0x00	; 0
      0000F4 00                     289 	.db #0x00	; 0
      0000F5 00                     290 	.db #0x00	; 0
      0000F6 00                     291 	.db #0x00	; 0
      0000F7 00                     292 	.db #0x00	; 0
      0000F8 00                     293 	.db #0x00	; 0
      0000F9 00                     294 	.db #0x00	; 0
      0000FA 80                     295 	.db #0x80	; 128
      0000FB 00                     296 	.db #0x00	; 0
      0000FC 80                     297 	.db #0x80	; 128
      0000FD 80                     298 	.db #0x80	; 128
      0000FE C0                     299 	.db #0xc0	; 192
      0000FF 80                     300 	.db #0x80	; 128
      000100 FF                     301 	.db #0xff	; 255
      000101 7F                     302 	.db #0x7f	; 127
      000102 7F                     303 	.db #0x7f	; 127
      000103 7F                     304 	.db #0x7f	; 127
      000104 7F                     305 	.db #0x7f	; 127
      000105 7F                     306 	.db #0x7f	; 127
      000106 7F                     307 	.db #0x7f	; 127
      000107 7F                     308 	.db #0x7f	; 127
      000108 FF                     309 	.db #0xff	; 255
      000109 7F                     310 	.db #0x7f	; 127
      00010A 7F                     311 	.db #0x7f	; 127
      00010B 7F                     312 	.db #0x7f	; 127
      00010C 7F                     313 	.db #0x7f	; 127
      00010D 7F                     314 	.db #0x7f	; 127
      00010E 7F                     315 	.db #0x7f	; 127
      00010F 7F                     316 	.db #0x7f	; 127
      000110 80                     317 	.db #0x80	; 128
      000111 80                     318 	.db #0x80	; 128
      000112 81                     319 	.db #0x81	; 129
      000113 80                     320 	.db #0x80	; 128
      000114 81                     321 	.db #0x81	; 129
      000115 83                     322 	.db #0x83	; 131
      000116 87                     323 	.db #0x87	; 135
      000117 83                     324 	.db #0x83	; 131
      000118 87                     325 	.db #0x87	; 135
      000119 8F                     326 	.db #0x8f	; 143
      00011A 9F                     327 	.db #0x9f	; 159
      00011B 8F                     328 	.db #0x8f	; 143
      00011C 9F                     329 	.db #0x9f	; 159
      00011D BF                     330 	.db #0xbf	; 191
      00011E FF                     331 	.db #0xff	; 255
      00011F BF                     332 	.db #0xbf	; 191
      000120 FE                     333 	.db #0xfe	; 254
      000121 7E                     334 	.db #0x7e	; 126
      000122 FF                     335 	.db #0xff	; 255
      000123 FF                     336 	.db #0xff	; 255
      000124 FF                     337 	.db #0xff	; 255
      000125 FF                     338 	.db #0xff	; 255
      000126 FF                     339 	.db #0xff	; 255
      000127 FF                     340 	.db #0xff	; 255
      000128 FF                     341 	.db #0xff	; 255
      000129 FF                     342 	.db #0xff	; 255
      00012A FE                     343 	.db #0xfe	; 254
      00012B FF                     344 	.db #0xff	; 255
      00012C FE                     345 	.db #0xfe	; 254
      00012D FC                     346 	.db #0xfc	; 252
      00012E F8                     347 	.db #0xf8	; 248
      00012F FC                     348 	.db #0xfc	; 252
      000130 00                     349 	.db #0x00	; 0
      000131 00                     350 	.db #0x00	; 0
      000132 80                     351 	.db #0x80	; 128
      000133 00                     352 	.db #0x00	; 0
      000134 80                     353 	.db #0x80	; 128
      000135 80                     354 	.db #0x80	; 128
      000136 80                     355 	.db #0x80	; 128
      000137 C0                     356 	.db #0xc0	; 192
      000138 00                     357 	.db #0x00	; 0
      000139 80                     358 	.db #0x80	; 128
      00013A 30                     359 	.db #0x30	; 48	'0'
      00013B 00                     360 	.db #0x00	; 0
      00013C 78                     361 	.db #0x78	; 120	'x'
      00013D 78                     362 	.db #0x78	; 120	'x'
      00013E 78                     363 	.db #0x78	; 120	'x'
      00013F 78                     364 	.db #0x78	; 120	'x'
      000140 00                     365 	.db #0x00	; 0
      000141 00                     366 	.db #0x00	; 0
      000142 00                     367 	.db #0x00	; 0
      000143 00                     368 	.db #0x00	; 0
      000144 00                     369 	.db #0x00	; 0
      000145 00                     370 	.db #0x00	; 0
      000146 00                     371 	.db #0x00	; 0
      000147 00                     372 	.db #0x00	; 0
      000148 A0                     373 	.db #0xa0	; 160
      000149 00                     374 	.db #0x00	; 0
      00014A FC                     375 	.db #0xfc	; 252
      00014B FC                     376 	.db #0xfc	; 252
      00014C FC                     377 	.db #0xfc	; 252
      00014D FC                     378 	.db #0xfc	; 252
      00014E FC                     379 	.db #0xfc	; 252
      00014F FC                     380 	.db #0xfc	; 252
      000150 03                     381 	.db #0x03	; 3
      000151 01                     382 	.db #0x01	; 1
      000152 03                     383 	.db #0x03	; 3
      000153 01                     384 	.db #0x01	; 1
      000154 03                     385 	.db #0x03	; 3
      000155 01                     386 	.db #0x01	; 1
      000156 01                     387 	.db #0x01	; 1
      000157 01                     388 	.db #0x01	; 1
      000158 01                     389 	.db #0x01	; 1
      000159 01                     390 	.db #0x01	; 1
      00015A 01                     391 	.db #0x01	; 1
      00015B 01                     392 	.db #0x01	; 1
      00015C 01                     393 	.db #0x01	; 1
      00015D 01                     394 	.db #0x01	; 1
      00015E 00                     395 	.db #0x00	; 0
      00015F 01                     396 	.db #0x01	; 1
      000160 FF                     397 	.db #0xff	; 255
      000161 FF                     398 	.db #0xff	; 255
      000162 FF                     399 	.db #0xff	; 255
      000163 FF                     400 	.db #0xff	; 255
      000164 FF                     401 	.db #0xff	; 255
      000165 FF                     402 	.db #0xff	; 255
      000166 FF                     403 	.db #0xff	; 255
      000167 FF                     404 	.db #0xff	; 255
      000168 FF                     405 	.db #0xff	; 255
      000169 FF                     406 	.db #0xff	; 255
      00016A FF                     407 	.db #0xff	; 255
      00016B FF                     408 	.db #0xff	; 255
      00016C FF                     409 	.db #0xff	; 255
      00016D FF                     410 	.db #0xff	; 255
      00016E FF                     411 	.db #0xff	; 255
      00016F FF                     412 	.db #0xff	; 255
      000170 FF                     413 	.db #0xff	; 255
      000171 FF                     414 	.db #0xff	; 255
      000172 FF                     415 	.db #0xff	; 255
      000173 FF                     416 	.db #0xff	; 255
      000174 FF                     417 	.db #0xff	; 255
      000175 FF                     418 	.db #0xff	; 255
      000176 FF                     419 	.db #0xff	; 255
      000177 FF                     420 	.db #0xff	; 255
      000178 FF                     421 	.db #0xff	; 255
      000179 FF                     422 	.db #0xff	; 255
      00017A FF                     423 	.db #0xff	; 255
      00017B FF                     424 	.db #0xff	; 255
      00017C FF                     425 	.db #0xff	; 255
      00017D FF                     426 	.db #0xff	; 255
      00017E 8F                     427 	.db #0x8f	; 143
      00017F 03                     428 	.db #0x03	; 3
      000180 E8                     429 	.db #0xe8	; 232
      000181 F0                     430 	.db #0xf0	; 240
      000182 F8                     431 	.db #0xf8	; 248
      000183 FC                     432 	.db #0xfc	; 252
      000184 FE                     433 	.db #0xfe	; 254
      000185 FC                     434 	.db #0xfc	; 252
      000186 FF                     435 	.db #0xff	; 255
      000187 FE                     436 	.db #0xfe	; 254
      000188 FF                     437 	.db #0xff	; 255
      000189 FF                     438 	.db #0xff	; 255
      00018A FF                     439 	.db #0xff	; 255
      00018B FF                     440 	.db #0xff	; 255
      00018C FF                     441 	.db #0xff	; 255
      00018D FF                     442 	.db #0xff	; 255
      00018E FF                     443 	.db #0xff	; 255
      00018F FF                     444 	.db #0xff	; 255
      000190 3F                     445 	.db #0x3f	; 63
      000191 3F                     446 	.db #0x3f	; 63
      000192 3F                     447 	.db #0x3f	; 63
      000193 1F                     448 	.db #0x1f	; 31
      000194 07                     449 	.db #0x07	; 7
      000195 0F                     450 	.db #0x0f	; 15
      000196 02                     451 	.db #0x02	; 2
      000197 01                     452 	.db #0x01	; 1
      000198 81                     453 	.db #0x81	; 129
      000199 01                     454 	.db #0x01	; 1
      00019A 01                     455 	.db #0x01	; 1
      00019B 81                     456 	.db #0x81	; 129
      00019C 83                     457 	.db #0x83	; 131
      00019D 81                     458 	.db #0x81	; 129
      00019E C1                     459 	.db #0xc1	; 193
      00019F 81                     460 	.db #0x81	; 129
      0001A0 FF                     461 	.db #0xff	; 255
      0001A1 EF                     462 	.db #0xef	; 239
      0001A2 DF                     463 	.db #0xdf	; 223
      0001A3 CF                     464 	.db #0xcf	; 207
      0001A4 8F                     465 	.db #0x8f	; 143
      0001A5 1F                     466 	.db #0x1f	; 31
      0001A6 CF                     467 	.db #0xcf	; 207
      0001A7 1F                     468 	.db #0x1f	; 31
      0001A8 FF                     469 	.db #0xff	; 255
      0001A9 FF                     470 	.db #0xff	; 255
      0001AA FF                     471 	.db #0xff	; 255
      0001AB FF                     472 	.db #0xff	; 255
      0001AC FF                     473 	.db #0xff	; 255
      0001AD FF                     474 	.db #0xff	; 255
      0001AE FF                     475 	.db #0xff	; 255
      0001AF FF                     476 	.db #0xff	; 255
      0001B0 FF                     477 	.db #0xff	; 255
      0001B1 FF                     478 	.db #0xff	; 255
      0001B2 EB                     479 	.db #0xeb	; 235
      0001B3 F7                     480 	.db #0xf7	; 247
      0001B4 E1                     481 	.db #0xe1	; 225
      0001B5 C0                     482 	.db #0xc0	; 192
      0001B6 80                     483 	.db #0x80	; 128
      0001B7 C0                     484 	.db #0xc0	; 192
      0001B8 C0                     485 	.db #0xc0	; 192
      0001B9 80                     486 	.db #0x80	; 128
      0001BA DC                     487 	.db #0xdc	; 220
      0001BB E0                     488 	.db #0xe0	; 224
      0001BC FE                     489 	.db #0xfe	; 254
      0001BD FC                     490 	.db #0xfc	; 252
      0001BE FE                     491 	.db #0xfe	; 254
      0001BF FC                     492 	.db #0xfc	; 252
      0001C0 80                     493 	.db #0x80	; 128
      0001C1 80                     494 	.db #0x80	; 128
      0001C2 80                     495 	.db #0x80	; 128
      0001C3 80                     496 	.db #0x80	; 128
      0001C4 00                     497 	.db #0x00	; 0
      0001C5 80                     498 	.db #0x80	; 128
      0001C6 00                     499 	.db #0x00	; 0
      0001C7 00                     500 	.db #0x00	; 0
      0001C8 00                     501 	.db #0x00	; 0
      0001C9 00                     502 	.db #0x00	; 0
      0001CA 00                     503 	.db #0x00	; 0
      0001CB 00                     504 	.db #0x00	; 0
      0001CC 00                     505 	.db #0x00	; 0
      0001CD 00                     506 	.db #0x00	; 0
      0001CE 00                     507 	.db #0x00	; 0
      0001CF 00                     508 	.db #0x00	; 0
      0001D0 F0                     509 	.db #0xf0	; 240
      0001D1 F8                     510 	.db #0xf8	; 248
      0001D2 E0                     511 	.db #0xe0	; 224
      0001D3 F0                     512 	.db #0xf0	; 240
      0001D4 C0                     513 	.db #0xc0	; 192
      0001D5 E0                     514 	.db #0xe0	; 224
      0001D6 80                     515 	.db #0x80	; 128
      0001D7 C0                     516 	.db #0xc0	; 192
      0001D8 80                     517 	.db #0x80	; 128
      0001D9 C0                     518 	.db #0xc0	; 192
      0001DA C0                     519 	.db #0xc0	; 192
      0001DB E0                     520 	.db #0xe0	; 224
      0001DC F0                     521 	.db #0xf0	; 240
      0001DD E0                     522 	.db #0xe0	; 224
      0001DE F8                     523 	.db #0xf8	; 248
      0001DF F0                     524 	.db #0xf0	; 240
      0001E0 30                     525 	.db #0x30	; 48	'0'
      0001E1 78                     526 	.db #0x78	; 120	'x'
      0001E2 30                     527 	.db #0x30	; 48	'0'
      0001E3 00                     528 	.db #0x00	; 0
      0001E4 78                     529 	.db #0x78	; 120	'x'
      0001E5 00                     530 	.db #0x00	; 0
      0001E6 78                     531 	.db #0x78	; 120	'x'
      0001E7 78                     532 	.db #0x78	; 120	'x'
      0001E8 78                     533 	.db #0x78	; 120	'x'
      0001E9 78                     534 	.db #0x78	; 120	'x'
      0001EA 78                     535 	.db #0x78	; 120	'x'
      0001EB 78                     536 	.db #0x78	; 120	'x'
      0001EC 78                     537 	.db #0x78	; 120	'x'
      0001ED 78                     538 	.db #0x78	; 120	'x'
      0001EE 79                     539 	.db #0x79	; 121	'y'
      0001EF 78                     540 	.db #0x78	; 120	'x'
      0001F0 00                     541 	.db #0x00	; 0
      0001F1 00                     542 	.db #0x00	; 0
      0001F2 00                     543 	.db #0x00	; 0
      0001F3 00                     544 	.db #0x00	; 0
      0001F4 00                     545 	.db #0x00	; 0
      0001F5 00                     546 	.db #0x00	; 0
      0001F6 00                     547 	.db #0x00	; 0
      0001F7 00                     548 	.db #0x00	; 0
      0001F8 00                     549 	.db #0x00	; 0
      0001F9 00                     550 	.db #0x00	; 0
      0001FA 00                     551 	.db #0x00	; 0
      0001FB 00                     552 	.db #0x00	; 0
      0001FC 00                     553 	.db #0x00	; 0
      0001FD 00                     554 	.db #0x00	; 0
      0001FE 45                     555 	.db #0x45	; 69	'E'
      0001FF 00                     556 	.db #0x00	; 0
      000200 00                     557 	.db #0x00	; 0
      000201 00                     558 	.db #0x00	; 0
      000202 00                     559 	.db #0x00	; 0
      000203 00                     560 	.db #0x00	; 0
      000204 00                     561 	.db #0x00	; 0
      000205 00                     562 	.db #0x00	; 0
      000206 00                     563 	.db #0x00	; 0
      000207 00                     564 	.db #0x00	; 0
      000208 00                     565 	.db #0x00	; 0
      000209 00                     566 	.db #0x00	; 0
      00020A 01                     567 	.db #0x01	; 1
      00020B 00                     568 	.db #0x00	; 0
      00020C 03                     569 	.db #0x03	; 3
      00020D 01                     570 	.db #0x01	; 1
      00020E 83                     571 	.db #0x83	; 131
      00020F 03                     572 	.db #0x03	; 3
      000210 00                     573 	.db #0x00	; 0
      000211 00                     574 	.db #0x00	; 0
      000212 00                     575 	.db #0x00	; 0
      000213 00                     576 	.db #0x00	; 0
      000214 00                     577 	.db #0x00	; 0
      000215 00                     578 	.db #0x00	; 0
      000216 00                     579 	.db #0x00	; 0
      000217 00                     580 	.db #0x00	; 0
      000218 30                     581 	.db #0x30	; 48	'0'
      000219 00                     582 	.db #0x00	; 0
      00021A 7C                     583 	.db #0x7c	; 124
      00021B FE                     584 	.db #0xfe	; 254
      00021C FF                     585 	.db #0xff	; 255
      00021D FF                     586 	.db #0xff	; 255
      00021E FF                     587 	.db #0xff	; 255
      00021F FF                     588 	.db #0xff	; 255
      000220 FC                     589 	.db #0xfc	; 252
      000221 FC                     590 	.db #0xfc	; 252
      000222 FC                     591 	.db #0xfc	; 252
      000223 FC                     592 	.db #0xfc	; 252
      000224 FC                     593 	.db #0xfc	; 252
      000225 FC                     594 	.db #0xfc	; 252
      000226 FC                     595 	.db #0xfc	; 252
      000227 FC                     596 	.db #0xfc	; 252
      000228 FC                     597 	.db #0xfc	; 252
      000229 FC                     598 	.db #0xfc	; 252
      00022A FC                     599 	.db #0xfc	; 252
      00022B FC                     600 	.db #0xfc	; 252
      00022C FC                     601 	.db #0xfc	; 252
      00022D FC                     602 	.db #0xfc	; 252
      00022E FC                     603 	.db #0xfc	; 252
      00022F FC                     604 	.db #0xfc	; 252
      000230 7C                     605 	.db #0x7c	; 124
      000231 1E                     606 	.db #0x1e	; 30
      000232 04                     607 	.db #0x04	; 4
      000233 00                     608 	.db #0x00	; 0
      000234 00                     609 	.db #0x00	; 0
      000235 00                     610 	.db #0x00	; 0
      000236 00                     611 	.db #0x00	; 0
      000237 00                     612 	.db #0x00	; 0
      000238 00                     613 	.db #0x00	; 0
      000239 00                     614 	.db #0x00	; 0
      00023A 04                     615 	.db #0x04	; 4
      00023B 00                     616 	.db #0x00	; 0
      00023C 0C                     617 	.db #0x0c	; 12
      00023D 06                     618 	.db #0x06	; 6
      00023E 1F                     619 	.db #0x1f	; 31
      00023F 0F                     620 	.db #0x0f	; 15
      000240 03                     621 	.db #0x03	; 3
      000241 01                     622 	.db #0x01	; 1
      000242 01                     623 	.db #0x01	; 1
      000243 00                     624 	.db #0x00	; 0
      000244 00                     625 	.db #0x00	; 0
      000245 00                     626 	.db #0x00	; 0
      000246 00                     627 	.db #0x00	; 0
      000247 00                     628 	.db #0x00	; 0
      000248 01                     629 	.db #0x01	; 1
      000249 00                     630 	.db #0x00	; 0
      00024A 00                     631 	.db #0x00	; 0
      00024B 01                     632 	.db #0x01	; 1
      00024C 03                     633 	.db #0x03	; 3
      00024D 01                     634 	.db #0x01	; 1
      00024E CB                     635 	.db #0xcb	; 203
      00024F 07                     636 	.db #0x07	; 7
      000250 C3                     637 	.db #0xc3	; 195
      000251 81                     638 	.db #0x81	; 129
      000252 81                     639 	.db #0x81	; 129
      000253 C0                     640 	.db #0xc0	; 192
      000254 C0                     641 	.db #0xc0	; 192
      000255 C0                     642 	.db #0xc0	; 192
      000256 C0                     643 	.db #0xc0	; 192
      000257 C0                     644 	.db #0xc0	; 192
      000258 C0                     645 	.db #0xc0	; 192
      000259 C0                     646 	.db #0xc0	; 192
      00025A 80                     647 	.db #0x80	; 128
      00025B C0                     648 	.db #0xc0	; 192
      00025C C0                     649 	.db #0xc0	; 192
      00025D 80                     650 	.db #0x80	; 128
      00025E 80                     651 	.db #0x80	; 128
      00025F 80                     652 	.db #0x80	; 128
      000260 FF                     653 	.db #0xff	; 255
      000261 FF                     654 	.db #0xff	; 255
      000262 BF                     655 	.db #0xbf	; 191
      000263 7F                     656 	.db #0x7f	; 127
      000264 3F                     657 	.db #0x3f	; 63
      000265 3F                     658 	.db #0x3f	; 63
      000266 3F                     659 	.db #0x3f	; 63
      000267 3F                     660 	.db #0x3f	; 63
      000268 3F                     661 	.db #0x3f	; 63
      000269 3F                     662 	.db #0x3f	; 63
      00026A 7F                     663 	.db #0x7f	; 127
      00026B 3F                     664 	.db #0x3f	; 63
      00026C 7F                     665 	.db #0x7f	; 127
      00026D 3F                     666 	.db #0x3f	; 63
      00026E 3F                     667 	.db #0x3f	; 63
      00026F 7F                     668 	.db #0x7f	; 127
      000270 FC                     669 	.db #0xfc	; 252
      000271 FC                     670 	.db #0xfc	; 252
      000272 FC                     671 	.db #0xfc	; 252
      000273 FC                     672 	.db #0xfc	; 252
      000274 FC                     673 	.db #0xfc	; 252
      000275 F8                     674 	.db #0xf8	; 248
      000276 B4                     675 	.db #0xb4	; 180
      000277 08                     676 	.db #0x08	; 8
      000278 80                     677 	.db #0x80	; 128
      000279 00                     678 	.db #0x00	; 0
      00027A 01                     679 	.db #0x01	; 1
      00027B 00                     680 	.db #0x00	; 0
      00027C 00                     681 	.db #0x00	; 0
      00027D 01                     682 	.db #0x01	; 1
      00027E 01                     683 	.db #0x01	; 1
      00027F 01                     684 	.db #0x01	; 1
      000280 00                     685 	.db #0x00	; 0
      000281 00                     686 	.db #0x00	; 0
      000282 04                     687 	.db #0x04	; 4
      000283 00                     688 	.db #0x00	; 0
      000284 2E                     689 	.db #0x2e	; 46
      000285 1F                     690 	.db #0x1f	; 31
      000286 3F                     691 	.db #0x3f	; 63
      000287 7F                     692 	.db #0x7f	; 127
      000288 7F                     693 	.db #0x7f	; 127
      000289 FF                     694 	.db #0xff	; 255
      00028A FF                     695 	.db #0xff	; 255
      00028B FF                     696 	.db #0xff	; 255
      00028C F8                     697 	.db #0xf8	; 248
      00028D F0                     698 	.db #0xf0	; 240
      00028E F0                     699 	.db #0xf0	; 240
      00028F E0                     700 	.db #0xe0	; 224
      000290 00                     701 	.db #0x00	; 0
      000291 00                     702 	.db #0x00	; 0
      000292 00                     703 	.db #0x00	; 0
      000293 00                     704 	.db #0x00	; 0
      000294 FC                     705 	.db #0xfc	; 252
      000295 78                     706 	.db #0x78	; 120	'x'
      000296 FC                     707 	.db #0xfc	; 252
      000297 F8                     708 	.db #0xf8	; 248
      000298 F8                     709 	.db #0xf8	; 248
      000299 F8                     710 	.db #0xf8	; 248
      00029A FC                     711 	.db #0xfc	; 252
      00029B F8                     712 	.db #0xf8	; 248
      00029C 7C                     713 	.db #0x7c	; 124
      00029D F8                     714 	.db #0xf8	; 248
      00029E FC                     715 	.db #0xfc	; 252
      00029F 78                     716 	.db #0x78	; 120	'x'
      0002A0 FF                     717 	.db #0xff	; 255
      0002A1 FF                     718 	.db #0xff	; 255
      0002A2 FF                     719 	.db #0xff	; 255
      0002A3 FF                     720 	.db #0xff	; 255
      0002A4 DF                     721 	.db #0xdf	; 223
      0002A5 EF                     722 	.db #0xef	; 239
      0002A6 8F                     723 	.db #0x8f	; 143
      0002A7 C7                     724 	.db #0xc7	; 199
      0002A8 87                     725 	.db #0x87	; 135
      0002A9 83                     726 	.db #0x83	; 131
      0002AA 81                     727 	.db #0x81	; 129
      0002AB 83                     728 	.db #0x83	; 131
      0002AC 81                     729 	.db #0x81	; 129
      0002AD 81                     730 	.db #0x81	; 129
      0002AE 80                     731 	.db #0x80	; 128
      0002AF 80                     732 	.db #0x80	; 128
      0002B0 FC                     733 	.db #0xfc	; 252
      0002B1 F8                     734 	.db #0xf8	; 248
      0002B2 FC                     735 	.db #0xfc	; 252
      0002B3 FC                     736 	.db #0xfc	; 252
      0002B4 FE                     737 	.db #0xfe	; 254
      0002B5 FE                     738 	.db #0xfe	; 254
      0002B6 FE                     739 	.db #0xfe	; 254
      0002B7 FF                     740 	.db #0xff	; 255
      0002B8 FF                     741 	.db #0xff	; 255
      0002B9 FF                     742 	.db #0xff	; 255
      0002BA FF                     743 	.db #0xff	; 255
      0002BB FF                     744 	.db #0xff	; 255
      0002BC FF                     745 	.db #0xff	; 255
      0002BD FF                     746 	.db #0xff	; 255
      0002BE FF                     747 	.db #0xff	; 255
      0002BF FF                     748 	.db #0xff	; 255
      0002C0 3B                     749 	.db #0x3b	; 59
      0002C1 7B                     750 	.db #0x7b	; 123
      0002C2 3B                     751 	.db #0x3b	; 59
      0002C3 7B                     752 	.db #0x7b	; 123
      0002C4 3B                     753 	.db #0x3b	; 59
      0002C5 7B                     754 	.db #0x7b	; 123
      0002C6 3B                     755 	.db #0x3b	; 59
      0002C7 7B                     756 	.db #0x7b	; 123
      0002C8 D3                     757 	.db #0xd3	; 211
      0002C9 2B                     758 	.db #0x2b	; 43
      0002CA C3                     759 	.db #0xc3	; 195
      0002CB 83                     760 	.db #0x83	; 131
      0002CC E3                     761 	.db #0xe3	; 227
      0002CD C3                     762 	.db #0xc3	; 195
      0002CE F3                     763 	.db #0xf3	; 243
      0002CF E3                     764 	.db #0xe3	; 227
      0002D0 F7                     765 	.db #0xf7	; 247
      0002D1 CF                     766 	.db #0xcf	; 207
      0002D2 FF                     767 	.db #0xff	; 255
      0002D3 FF                     768 	.db #0xff	; 255
      0002D4 FF                     769 	.db #0xff	; 255
      0002D5 FF                     770 	.db #0xff	; 255
      0002D6 FF                     771 	.db #0xff	; 255
      0002D7 FF                     772 	.db #0xff	; 255
      0002D8 D1                     773 	.db #0xd1	; 209
      0002D9 E3                     774 	.db #0xe3	; 227
      0002DA E3                     775 	.db #0xe3	; 227
      0002DB C1                     776 	.db #0xc1	; 193
      0002DC E1                     777 	.db #0xe1	; 225
      0002DD C1                     778 	.db #0xc1	; 193
      0002DE E1                     779 	.db #0xe1	; 225
      0002DF C1                     780 	.db #0xc1	; 193
      0002E0 A3                     781 	.db #0xa3	; 163
      0002E1 C7                     782 	.db #0xc7	; 199
      0002E2 CF                     783 	.db #0xcf	; 207
      0002E3 E7                     784 	.db #0xe7	; 231
      0002E4 FF                     785 	.db #0xff	; 255
      0002E5 E7                     786 	.db #0xe7	; 231
      0002E6 FF                     787 	.db #0xff	; 255
      0002E7 EF                     788 	.db #0xef	; 239
      0002E8 FF                     789 	.db #0xff	; 255
      0002E9 EF                     790 	.db #0xef	; 239
      0002EA FF                     791 	.db #0xff	; 255
      0002EB EF                     792 	.db #0xef	; 239
      0002EC F7                     793 	.db #0xf7	; 247
      0002ED EF                     794 	.db #0xef	; 239
      0002EE FF                     795 	.db #0xff	; 255
      0002EF E7                     796 	.db #0xe7	; 231
      0002F0 FF                     797 	.db #0xff	; 255
      0002F1 FF                     798 	.db #0xff	; 255
      0002F2 FF                     799 	.db #0xff	; 255
      0002F3 E3                     800 	.db #0xe3	; 227
      0002F4 E0                     801 	.db #0xe0	; 224
      0002F5 C1                     802 	.db #0xc1	; 193
      0002F6 C0                     803 	.db #0xc0	; 192
      0002F7 80                     804 	.db #0x80	; 128
      0002F8 C0                     805 	.db #0xc0	; 192
      0002F9 80                     806 	.db #0x80	; 128
      0002FA C0                     807 	.db #0xc0	; 192
      0002FB 80                     808 	.db #0x80	; 128
      0002FC C1                     809 	.db #0xc1	; 193
      0002FD 80                     810 	.db #0x80	; 128
      0002FE E3                     811 	.db #0xe3	; 227
      0002FF C1                     812 	.db #0xc1	; 193
      000300 00                     813 	.db #0x00	; 0
      000301 00                     814 	.db #0x00	; 0
      000302 00                     815 	.db #0x00	; 0
      000303 00                     816 	.db #0x00	; 0
      000304 01                     817 	.db #0x01	; 1
      000305 00                     818 	.db #0x00	; 0
      000306 01                     819 	.db #0x01	; 1
      000307 00                     820 	.db #0x00	; 0
      000308 00                     821 	.db #0x00	; 0
      000309 00                     822 	.db #0x00	; 0
      00030A 00                     823 	.db #0x00	; 0
      00030B 00                     824 	.db #0x00	; 0
      00030C 00                     825 	.db #0x00	; 0
      00030D 00                     826 	.db #0x00	; 0
      00030E 00                     827 	.db #0x00	; 0
      00030F 00                     828 	.db #0x00	; 0
      000310 1F                     829 	.db #0x1f	; 31
      000311 3F                     830 	.db #0x3f	; 63
      000312 3F                     831 	.db #0x3f	; 63
      000313 7F                     832 	.db #0x7f	; 127
      000314 FF                     833 	.db #0xff	; 255
      000315 FF                     834 	.db #0xff	; 255
      000316 FF                     835 	.db #0xff	; 255
      000317 FF                     836 	.db #0xff	; 255
      000318 7F                     837 	.db #0x7f	; 127
      000319 7F                     838 	.db #0x7f	; 127
      00031A 5F                     839 	.db #0x5f	; 95
      00031B 3F                     840 	.db #0x3f	; 63
      00031C 0F                     841 	.db #0x0f	; 15
      00031D 1F                     842 	.db #0x1f	; 31
      00031E 03                     843 	.db #0x03	; 3
      00031F 07                     844 	.db #0x07	; 7
      000320 FF                     845 	.db #0xff	; 255
      000321 FF                     846 	.db #0xff	; 255
      000322 FF                     847 	.db #0xff	; 255
      000323 FF                     848 	.db #0xff	; 255
      000324 FE                     849 	.db #0xfe	; 254
      000325 FF                     850 	.db #0xff	; 255
      000326 FE                     851 	.db #0xfe	; 254
      000327 FE                     852 	.db #0xfe	; 254
      000328 FE                     853 	.db #0xfe	; 254
      000329 FC                     854 	.db #0xfc	; 252
      00032A FC                     855 	.db #0xfc	; 252
      00032B F8                     856 	.db #0xf8	; 248
      00032C E0                     857 	.db #0xe0	; 224
      00032D F0                     858 	.db #0xf0	; 240
      00032E A0                     859 	.db #0xa0	; 160
      00032F C0                     860 	.db #0xc0	; 192
      000330 00                     861 	.db #0x00	; 0
      000331 80                     862 	.db #0x80	; 128
      000332 80                     863 	.db #0x80	; 128
      000333 00                     864 	.db #0x00	; 0
      000334 00                     865 	.db #0x00	; 0
      000335 00                     866 	.db #0x00	; 0
      000336 00                     867 	.db #0x00	; 0
      000337 00                     868 	.db #0x00	; 0
      000338 00                     869 	.db #0x00	; 0
      000339 00                     870 	.db #0x00	; 0
      00033A 00                     871 	.db #0x00	; 0
      00033B 00                     872 	.db #0x00	; 0
      00033C 00                     873 	.db #0x00	; 0
      00033D 00                     874 	.db #0x00	; 0
      00033E 00                     875 	.db #0x00	; 0
      00033F 00                     876 	.db #0x00	; 0
      000340 7F                     877 	.db #0x7f	; 127
      000341 7F                     878 	.db #0x7f	; 127
      000342 7E                     879 	.db #0x7e	; 126
      000343 7F                     880 	.db #0x7f	; 127
      000344 7F                     881 	.db #0x7f	; 127
      000345 7E                     882 	.db #0x7e	; 126
      000346 FF                     883 	.db #0xff	; 255
      000347 7E                     884 	.db #0x7e	; 126
      000348 FF                     885 	.db #0xff	; 255
      000349 7E                     886 	.db #0x7e	; 126
      00034A FE                     887 	.db #0xfe	; 254
      00034B 7E                     888 	.db #0x7e	; 126
      00034C 7E                     889 	.db #0x7e	; 126
      00034D 0E                     890 	.db #0x0e	; 14
      00034E 02                     891 	.db #0x02	; 2
      00034F 00                     892 	.db #0x00	; 0
      000350 01                     893 	.db #0x01	; 1
      000351 01                     894 	.db #0x01	; 1
      000352 01                     895 	.db #0x01	; 1
      000353 01                     896 	.db #0x01	; 1
      000354 01                     897 	.db #0x01	; 1
      000355 01                     898 	.db #0x01	; 1
      000356 01                     899 	.db #0x01	; 1
      000357 00                     900 	.db #0x00	; 0
      000358 00                     901 	.db #0x00	; 0
      000359 00                     902 	.db #0x00	; 0
      00035A 00                     903 	.db #0x00	; 0
      00035B 00                     904 	.db #0x00	; 0
      00035C 00                     905 	.db #0x00	; 0
      00035D 00                     906 	.db #0x00	; 0
      00035E 00                     907 	.db #0x00	; 0
      00035F 00                     908 	.db #0x00	; 0
      000360 F0                     909 	.db #0xf0	; 240
      000361 E0                     910 	.db #0xe0	; 224
      000362 F0                     911 	.db #0xf0	; 240
      000363 E0                     912 	.db #0xe0	; 224
      000364 E0                     913 	.db #0xe0	; 224
      000365 F0                     914 	.db #0xf0	; 240
      000366 F6                     915 	.db #0xf6	; 246
      000367 F9                     916 	.db #0xf9	; 249
      000368 FF                     917 	.db #0xff	; 255
      000369 FF                     918 	.db #0xff	; 255
      00036A FF                     919 	.db #0xff	; 255
      00036B 7F                     920 	.db #0x7f	; 127
      00036C 7F                     921 	.db #0x7f	; 127
      00036D 3F                     922 	.db #0x3f	; 63
      00036E 1F                     923 	.db #0x1f	; 31
      00036F 00                     924 	.db #0x00	; 0
      000370 7C                     925 	.db #0x7c	; 124
      000371 78                     926 	.db #0x78	; 120	'x'
      000372 7C                     927 	.db #0x7c	; 124
      000373 78                     928 	.db #0x78	; 120	'x'
      000374 7C                     929 	.db #0x7c	; 124
      000375 F8                     930 	.db #0xf8	; 248
      000376 F8                     931 	.db #0xf8	; 248
      000377 FC                     932 	.db #0xfc	; 252
      000378 FC                     933 	.db #0xfc	; 252
      000379 F8                     934 	.db #0xf8	; 248
      00037A F8                     935 	.db #0xf8	; 248
      00037B FC                     936 	.db #0xfc	; 252
      00037C 38                     937 	.db #0x38	; 56	'8'
      00037D FC                     938 	.db #0xfc	; 252
      00037E 74                     939 	.db #0x74	; 116	't'
      00037F 08                     940 	.db #0x08	; 8
      000380 FF                     941 	.db #0xff	; 255
      000381 7F                     942 	.db #0x7f	; 127
      000382 7F                     943 	.db #0x7f	; 127
      000383 7F                     944 	.db #0x7f	; 127
      000384 7F                     945 	.db #0x7f	; 127
      000385 7F                     946 	.db #0x7f	; 127
      000386 7F                     947 	.db #0x7f	; 127
      000387 7F                     948 	.db #0x7f	; 127
      000388 FF                     949 	.db #0xff	; 255
      000389 7F                     950 	.db #0x7f	; 127
      00038A 00                     951 	.db #0x00	; 0
      00038B 00                     952 	.db #0x00	; 0
      00038C 00                     953 	.db #0x00	; 0
      00038D 00                     954 	.db #0x00	; 0
      00038E 00                     955 	.db #0x00	; 0
      00038F 00                     956 	.db #0x00	; 0
      000390 80                     957 	.db #0x80	; 128
      000391 80                     958 	.db #0x80	; 128
      000392 80                     959 	.db #0x80	; 128
      000393 80                     960 	.db #0x80	; 128
      000394 80                     961 	.db #0x80	; 128
      000395 80                     962 	.db #0x80	; 128
      000396 80                     963 	.db #0x80	; 128
      000397 80                     964 	.db #0x80	; 128
      000398 80                     965 	.db #0x80	; 128
      000399 80                     966 	.db #0x80	; 128
      00039A 00                     967 	.db #0x00	; 0
      00039B 00                     968 	.db #0x00	; 0
      00039C 00                     969 	.db #0x00	; 0
      00039D 00                     970 	.db #0x00	; 0
      00039E 00                     971 	.db #0x00	; 0
      00039F 00                     972 	.db #0x00	; 0
      0003A0 FF                     973 	.db #0xff	; 255
      0003A1 7F                     974 	.db #0x7f	; 127
      0003A2 7F                     975 	.db #0x7f	; 127
      0003A3 3F                     976 	.db #0x3f	; 63
      0003A4 1F                     977 	.db #0x1f	; 31
      0003A5 3F                     978 	.db #0x3f	; 63
      0003A6 0F                     979 	.db #0x0f	; 15
      0003A7 1F                     980 	.db #0x1f	; 31
      0003A8 1F                     981 	.db #0x1f	; 31
      0003A9 0E                     982 	.db #0x0e	; 14
      0003AA 0E                     983 	.db #0x0e	; 14
      0003AB 04                     984 	.db #0x04	; 4
      0003AC 00                     985 	.db #0x00	; 0
      0003AD 00                     986 	.db #0x00	; 0
      0003AE 00                     987 	.db #0x00	; 0
      0003AF 00                     988 	.db #0x00	; 0
      0003B0 E3                     989 	.db #0xe3	; 227
      0003B1 F3                     990 	.db #0xf3	; 243
      0003B2 C3                     991 	.db #0xc3	; 195
      0003B3 E3                     992 	.db #0xe3	; 227
      0003B4 C3                     993 	.db #0xc3	; 195
      0003B5 83                     994 	.db #0x83	; 131
      0003B6 83                     995 	.db #0x83	; 131
      0003B7 03                     996 	.db #0x03	; 3
      0003B8 03                     997 	.db #0x03	; 3
      0003B9 03                     998 	.db #0x03	; 3
      0003BA 03                     999 	.db #0x03	; 3
      0003BB 00                    1000 	.db #0x00	; 0
      0003BC 00                    1001 	.db #0x00	; 0
      0003BD 00                    1002 	.db #0x00	; 0
      0003BE 00                    1003 	.db #0x00	; 0
      0003BF 00                    1004 	.db #0x00	; 0
      0003C0 E3                    1005 	.db #0xe3	; 227
      0003C1 C1                    1006 	.db #0xc1	; 193
      0003C2 E1                    1007 	.db #0xe1	; 225
      0003C3 C1                    1008 	.db #0xc1	; 193
      0003C4 E1                    1009 	.db #0xe1	; 225
      0003C5 C1                    1010 	.db #0xc1	; 193
      0003C6 E1                    1011 	.db #0xe1	; 225
      0003C7 C1                    1012 	.db #0xc1	; 193
      0003C8 E3                    1013 	.db #0xe3	; 227
      0003C9 C1                    1014 	.db #0xc1	; 193
      0003CA C1                    1015 	.db #0xc1	; 193
      0003CB 00                    1016 	.db #0x00	; 0
      0003CC 00                    1017 	.db #0x00	; 0
      0003CD 00                    1018 	.db #0x00	; 0
      0003CE 00                    1019 	.db #0x00	; 0
      0003CF 00                    1020 	.db #0x00	; 0
      0003D0 F7                    1021 	.db #0xf7	; 247
      0003D1 E7                    1022 	.db #0xe7	; 231
      0003D2 F3                    1023 	.db #0xf3	; 243
      0003D3 E7                    1024 	.db #0xe7	; 231
      0003D4 F3                    1025 	.db #0xf3	; 243
      0003D5 E3                    1026 	.db #0xe3	; 227
      0003D6 F3                    1027 	.db #0xf3	; 243
      0003D7 E1                    1028 	.db #0xe1	; 225
      0003D8 F0                    1029 	.db #0xf0	; 240
      0003D9 E0                    1030 	.db #0xe0	; 224
      0003DA E0                    1031 	.db #0xe0	; 224
      0003DB 00                    1032 	.db #0x00	; 0
      0003DC 00                    1033 	.db #0x00	; 0
      0003DD 00                    1034 	.db #0x00	; 0
      0003DE 00                    1035 	.db #0x00	; 0
      0003DF 00                    1036 	.db #0x00	; 0
      0003E0 F3                    1037 	.db #0xf3	; 243
      0003E1 FF                    1038 	.db #0xff	; 255
      0003E2 FF                    1039 	.db #0xff	; 255
      0003E3 FF                    1040 	.db #0xff	; 255
      0003E4 FF                    1041 	.db #0xff	; 255
      0003E5 FF                    1042 	.db #0xff	; 255
      0003E6 FF                    1043 	.db #0xff	; 255
      0003E7 FE                    1044 	.db #0xfe	; 254
      0003E8 78                    1045 	.db #0x78	; 120	'x'
      0003E9 FC                    1046 	.db #0xfc	; 252
      0003EA 20                    1047 	.db #0x20	; 32
      0003EB 00                    1048 	.db #0x00	; 0
      0003EC 00                    1049 	.db #0x00	; 0
      0003ED 00                    1050 	.db #0x00	; 0
      0003EE 00                    1051 	.db #0x00	; 0
      0003EF 00                    1052 	.db #0x00	; 0
      0003F0 FC                    1053 	.db #0xfc	; 252
      0003F1 FC                    1054 	.db #0xfc	; 252
      0003F2 FC                    1055 	.db #0xfc	; 252
      0003F3 FC                    1056 	.db #0xfc	; 252
      0003F4 FC                    1057 	.db #0xfc	; 252
      0003F5 FC                    1058 	.db #0xfc	; 252
      0003F6 FC                    1059 	.db #0xfc	; 252
      0003F7 FC                    1060 	.db #0xfc	; 252
      0003F8 FC                    1061 	.db #0xfc	; 252
      0003F9 FC                    1062 	.db #0xfc	; 252
      0003FA 00                    1063 	.db #0x00	; 0
      0003FB 00                    1064 	.db #0x00	; 0
      0003FC 00                    1065 	.db #0x00	; 0
      0003FD 00                    1066 	.db #0x00	; 0
      0003FE 00                    1067 	.db #0x00	; 0
      0003FF 00                    1068 	.db #0x00	; 0
      000400 01                    1069 	.db #0x01	; 1
      000401 00                    1070 	.db #0x00	; 0
      000402 00                    1071 	.db #0x00	; 0
      000403 00                    1072 	.db #0x00	; 0
      000404 00                    1073 	.db #0x00	; 0
      000405 00                    1074 	.db #0x00	; 0
      000406 00                    1075 	.db #0x00	; 0
      000407 00                    1076 	.db #0x00	; 0
      000408 00                    1077 	.db #0x00	; 0
      000409 00                    1078 	.db #0x00	; 0
      00040A 00                    1079 	.db #0x00	; 0
      00040B 00                    1080 	.db #0x00	; 0
      00040C 00                    1081 	.db #0x00	; 0
      00040D 00                    1082 	.db #0x00	; 0
      00040E 00                    1083 	.db #0x00	; 0
      00040F 00                    1084 	.db #0x00	; 0
      000410 7D                    1085 	.db #0x7d	; 125
      000411 FE                    1086 	.db #0xfe	; 254
      000412 00                    1087 	.db #0x00	; 0
      000413 00                    1088 	.db #0x00	; 0
      000414 00                    1089 	.db #0x00	; 0
      000415 00                    1090 	.db #0x00	; 0
      000416 00                    1091 	.db #0x00	; 0
      000417 00                    1092 	.db #0x00	; 0
      000418 00                    1093 	.db #0x00	; 0
      000419 00                    1094 	.db #0x00	; 0
      00041A 00                    1095 	.db #0x00	; 0
      00041B 00                    1096 	.db #0x00	; 0
      00041C 00                    1097 	.db #0x00	; 0
      00041D 00                    1098 	.db #0x00	; 0
      00041E 00                    1099 	.db #0x00	; 0
      00041F 00                    1100 	.db #0x00	; 0
      000420 80                    1101 	.db #0x80	; 128
      000421 00                    1102 	.db #0x00	; 0
      000422 00                    1103 	.db #0x00	; 0
      000423 00                    1104 	.db #0x00	; 0
      000424 00                    1105 	.db #0x00	; 0
      000425 00                    1106 	.db #0x00	; 0
      000426 00                    1107 	.db #0x00	; 0
      000427 00                    1108 	.db #0x00	; 0
      000428 00                    1109 	.db #0x00	; 0
      000429 00                    1110 	.db #0x00	; 0
      00042A 00                    1111 	.db #0x00	; 0
      00042B 00                    1112 	.db #0x00	; 0
      00042C 00                    1113 	.db #0x00	; 0
      00042D 00                    1114 	.db #0x00	; 0
      00042E 00                    1115 	.db #0x00	; 0
      00042F 00                    1116 	.db #0x00	; 0
      000430 3E                    1117 	.db #0x3e	; 62
      000431 3E                    1118 	.db #0x3e	; 62
      000432 63                    1119 	.db #0x63	; 99	'c'
      000433 63                    1120 	.db #0x63	; 99	'c'
      000434 63                    1121 	.db #0x63	; 99	'c'
      000435 63                    1122 	.db #0x63	; 99	'c'
      000436 7F                    1123 	.db #0x7f	; 127
      000437 7F                    1124 	.db #0x7f	; 127
      000438 63                    1125 	.db #0x63	; 99	'c'
      000439 63                    1126 	.db #0x63	; 99	'c'
      00043A 63                    1127 	.db #0x63	; 99	'c'
      00043B 63                    1128 	.db #0x63	; 99	'c'
      00043C 63                    1129 	.db #0x63	; 99	'c'
      00043D 63                    1130 	.db #0x63	; 99	'c'
      00043E 00                    1131 	.db #0x00	; 0
      00043F 00                    1132 	.db #0x00	; 0
      000440 7E                    1133 	.db #0x7e	; 126
      000441 7E                    1134 	.db #0x7e	; 126
      000442 33                    1135 	.db #0x33	; 51	'3'
      000443 33                    1136 	.db #0x33	; 51	'3'
      000444 33                    1137 	.db #0x33	; 51	'3'
      000445 33                    1138 	.db #0x33	; 51	'3'
      000446 3E                    1139 	.db #0x3e	; 62
      000447 3E                    1140 	.db #0x3e	; 62
      000448 33                    1141 	.db #0x33	; 51	'3'
      000449 33                    1142 	.db #0x33	; 51	'3'
      00044A 33                    1143 	.db #0x33	; 51	'3'
      00044B 33                    1144 	.db #0x33	; 51	'3'
      00044C 7E                    1145 	.db #0x7e	; 126
      00044D 7E                    1146 	.db #0x7e	; 126
      00044E 00                    1147 	.db #0x00	; 0
      00044F 00                    1148 	.db #0x00	; 0
      000450 3E                    1149 	.db #0x3e	; 62
      000451 3E                    1150 	.db #0x3e	; 62
      000452 63                    1151 	.db #0x63	; 99	'c'
      000453 63                    1152 	.db #0x63	; 99	'c'
      000454 60                    1153 	.db #0x60	; 96
      000455 60                    1154 	.db #0x60	; 96
      000456 60                    1155 	.db #0x60	; 96
      000457 60                    1156 	.db #0x60	; 96
      000458 60                    1157 	.db #0x60	; 96
      000459 60                    1158 	.db #0x60	; 96
      00045A 63                    1159 	.db #0x63	; 99	'c'
      00045B 63                    1160 	.db #0x63	; 99	'c'
      00045C 3E                    1161 	.db #0x3e	; 62
      00045D 3E                    1162 	.db #0x3e	; 62
      00045E 00                    1163 	.db #0x00	; 0
      00045F 00                    1164 	.db #0x00	; 0
      000460 7E                    1165 	.db #0x7e	; 126
      000461 7E                    1166 	.db #0x7e	; 126
      000462 33                    1167 	.db #0x33	; 51	'3'
      000463 33                    1168 	.db #0x33	; 51	'3'
      000464 33                    1169 	.db #0x33	; 51	'3'
      000465 33                    1170 	.db #0x33	; 51	'3'
      000466 33                    1171 	.db #0x33	; 51	'3'
      000467 33                    1172 	.db #0x33	; 51	'3'
      000468 33                    1173 	.db #0x33	; 51	'3'
      000469 33                    1174 	.db #0x33	; 51	'3'
      00046A 33                    1175 	.db #0x33	; 51	'3'
      00046B 33                    1176 	.db #0x33	; 51	'3'
      00046C 7E                    1177 	.db #0x7e	; 126
      00046D 7E                    1178 	.db #0x7e	; 126
      00046E 00                    1179 	.db #0x00	; 0
      00046F 00                    1180 	.db #0x00	; 0
      000470 7F                    1181 	.db #0x7f	; 127
      000471 7F                    1182 	.db #0x7f	; 127
      000472 31                    1183 	.db #0x31	; 49	'1'
      000473 31                    1184 	.db #0x31	; 49	'1'
      000474 34                    1185 	.db #0x34	; 52	'4'
      000475 34                    1186 	.db #0x34	; 52	'4'
      000476 3C                    1187 	.db #0x3c	; 60
      000477 3C                    1188 	.db #0x3c	; 60
      000478 34                    1189 	.db #0x34	; 52	'4'
      000479 34                    1190 	.db #0x34	; 52	'4'
      00047A 31                    1191 	.db #0x31	; 49	'1'
      00047B 31                    1192 	.db #0x31	; 49	'1'
      00047C 7F                    1193 	.db #0x7f	; 127
      00047D 7F                    1194 	.db #0x7f	; 127
      00047E 00                    1195 	.db #0x00	; 0
      00047F 00                    1196 	.db #0x00	; 0
      000480 7F                    1197 	.db #0x7f	; 127
      000481 7F                    1198 	.db #0x7f	; 127
      000482 31                    1199 	.db #0x31	; 49	'1'
      000483 31                    1200 	.db #0x31	; 49	'1'
      000484 34                    1201 	.db #0x34	; 52	'4'
      000485 34                    1202 	.db #0x34	; 52	'4'
      000486 3C                    1203 	.db #0x3c	; 60
      000487 3C                    1204 	.db #0x3c	; 60
      000488 34                    1205 	.db #0x34	; 52	'4'
      000489 34                    1206 	.db #0x34	; 52	'4'
      00048A 30                    1207 	.db #0x30	; 48	'0'
      00048B 30                    1208 	.db #0x30	; 48	'0'
      00048C 78                    1209 	.db #0x78	; 120	'x'
      00048D 78                    1210 	.db #0x78	; 120	'x'
      00048E 00                    1211 	.db #0x00	; 0
      00048F 00                    1212 	.db #0x00	; 0
      000490 3E                    1213 	.db #0x3e	; 62
      000491 3E                    1214 	.db #0x3e	; 62
      000492 63                    1215 	.db #0x63	; 99	'c'
      000493 63                    1216 	.db #0x63	; 99	'c'
      000494 63                    1217 	.db #0x63	; 99	'c'
      000495 63                    1218 	.db #0x63	; 99	'c'
      000496 60                    1219 	.db #0x60	; 96
      000497 60                    1220 	.db #0x60	; 96
      000498 67                    1221 	.db #0x67	; 103	'g'
      000499 67                    1222 	.db #0x67	; 103	'g'
      00049A 63                    1223 	.db #0x63	; 99	'c'
      00049B 63                    1224 	.db #0x63	; 99	'c'
      00049C 3F                    1225 	.db #0x3f	; 63
      00049D 3F                    1226 	.db #0x3f	; 63
      00049E 00                    1227 	.db #0x00	; 0
      00049F 00                    1228 	.db #0x00	; 0
      0004A0 63                    1229 	.db #0x63	; 99	'c'
      0004A1 63                    1230 	.db #0x63	; 99	'c'
      0004A2 63                    1231 	.db #0x63	; 99	'c'
      0004A3 63                    1232 	.db #0x63	; 99	'c'
      0004A4 63                    1233 	.db #0x63	; 99	'c'
      0004A5 63                    1234 	.db #0x63	; 99	'c'
      0004A6 7F                    1235 	.db #0x7f	; 127
      0004A7 7F                    1236 	.db #0x7f	; 127
      0004A8 63                    1237 	.db #0x63	; 99	'c'
      0004A9 63                    1238 	.db #0x63	; 99	'c'
      0004AA 63                    1239 	.db #0x63	; 99	'c'
      0004AB 63                    1240 	.db #0x63	; 99	'c'
      0004AC 63                    1241 	.db #0x63	; 99	'c'
      0004AD 63                    1242 	.db #0x63	; 99	'c'
      0004AE 00                    1243 	.db #0x00	; 0
      0004AF 00                    1244 	.db #0x00	; 0
      0004B0 3E                    1245 	.db #0x3e	; 62
      0004B1 3E                    1246 	.db #0x3e	; 62
      0004B2 1C                    1247 	.db #0x1c	; 28
      0004B3 1C                    1248 	.db #0x1c	; 28
      0004B4 1C                    1249 	.db #0x1c	; 28
      0004B5 1C                    1250 	.db #0x1c	; 28
      0004B6 1C                    1251 	.db #0x1c	; 28
      0004B7 1C                    1252 	.db #0x1c	; 28
      0004B8 1C                    1253 	.db #0x1c	; 28
      0004B9 1C                    1254 	.db #0x1c	; 28
      0004BA 1C                    1255 	.db #0x1c	; 28
      0004BB 1C                    1256 	.db #0x1c	; 28
      0004BC 3E                    1257 	.db #0x3e	; 62
      0004BD 3E                    1258 	.db #0x3e	; 62
      0004BE 00                    1259 	.db #0x00	; 0
      0004BF 00                    1260 	.db #0x00	; 0
      0004C0 0F                    1261 	.db #0x0f	; 15
      0004C1 0F                    1262 	.db #0x0f	; 15
      0004C2 06                    1263 	.db #0x06	; 6
      0004C3 06                    1264 	.db #0x06	; 6
      0004C4 06                    1265 	.db #0x06	; 6
      0004C5 06                    1266 	.db #0x06	; 6
      0004C6 06                    1267 	.db #0x06	; 6
      0004C7 06                    1268 	.db #0x06	; 6
      0004C8 66                    1269 	.db #0x66	; 102	'f'
      0004C9 66                    1270 	.db #0x66	; 102	'f'
      0004CA 66                    1271 	.db #0x66	; 102	'f'
      0004CB 66                    1272 	.db #0x66	; 102	'f'
      0004CC 3C                    1273 	.db #0x3c	; 60
      0004CD 3C                    1274 	.db #0x3c	; 60
      0004CE 00                    1275 	.db #0x00	; 0
      0004CF 00                    1276 	.db #0x00	; 0
      0004D0 73                    1277 	.db #0x73	; 115	's'
      0004D1 73                    1278 	.db #0x73	; 115	's'
      0004D2 33                    1279 	.db #0x33	; 51	'3'
      0004D3 33                    1280 	.db #0x33	; 51	'3'
      0004D4 36                    1281 	.db #0x36	; 54	'6'
      0004D5 36                    1282 	.db #0x36	; 54	'6'
      0004D6 3C                    1283 	.db #0x3c	; 60
      0004D7 3C                    1284 	.db #0x3c	; 60
      0004D8 36                    1285 	.db #0x36	; 54	'6'
      0004D9 36                    1286 	.db #0x36	; 54	'6'
      0004DA 33                    1287 	.db #0x33	; 51	'3'
      0004DB 33                    1288 	.db #0x33	; 51	'3'
      0004DC 73                    1289 	.db #0x73	; 115	's'
      0004DD 73                    1290 	.db #0x73	; 115	's'
      0004DE 00                    1291 	.db #0x00	; 0
      0004DF 00                    1292 	.db #0x00	; 0
      0004E0 78                    1293 	.db #0x78	; 120	'x'
      0004E1 78                    1294 	.db #0x78	; 120	'x'
      0004E2 30                    1295 	.db #0x30	; 48	'0'
      0004E3 30                    1296 	.db #0x30	; 48	'0'
      0004E4 30                    1297 	.db #0x30	; 48	'0'
      0004E5 30                    1298 	.db #0x30	; 48	'0'
      0004E6 30                    1299 	.db #0x30	; 48	'0'
      0004E7 30                    1300 	.db #0x30	; 48	'0'
      0004E8 31                    1301 	.db #0x31	; 49	'1'
      0004E9 31                    1302 	.db #0x31	; 49	'1'
      0004EA 33                    1303 	.db #0x33	; 51	'3'
      0004EB 33                    1304 	.db #0x33	; 51	'3'
      0004EC 7F                    1305 	.db #0x7f	; 127
      0004ED 7F                    1306 	.db #0x7f	; 127
      0004EE 00                    1307 	.db #0x00	; 0
      0004EF 00                    1308 	.db #0x00	; 0
      0004F0 41                    1309 	.db #0x41	; 65	'A'
      0004F1 41                    1310 	.db #0x41	; 65	'A'
      0004F2 63                    1311 	.db #0x63	; 99	'c'
      0004F3 63                    1312 	.db #0x63	; 99	'c'
      0004F4 77                    1313 	.db #0x77	; 119	'w'
      0004F5 77                    1314 	.db #0x77	; 119	'w'
      0004F6 7F                    1315 	.db #0x7f	; 127
      0004F7 7F                    1316 	.db #0x7f	; 127
      0004F8 6B                    1317 	.db #0x6b	; 107	'k'
      0004F9 6B                    1318 	.db #0x6b	; 107	'k'
      0004FA 63                    1319 	.db #0x63	; 99	'c'
      0004FB 63                    1320 	.db #0x63	; 99	'c'
      0004FC 63                    1321 	.db #0x63	; 99	'c'
      0004FD 63                    1322 	.db #0x63	; 99	'c'
      0004FE 00                    1323 	.db #0x00	; 0
      0004FF 00                    1324 	.db #0x00	; 0
      000500 63                    1325 	.db #0x63	; 99	'c'
      000501 63                    1326 	.db #0x63	; 99	'c'
      000502 73                    1327 	.db #0x73	; 115	's'
      000503 73                    1328 	.db #0x73	; 115	's'
      000504 7B                    1329 	.db #0x7b	; 123
      000505 7B                    1330 	.db #0x7b	; 123
      000506 6F                    1331 	.db #0x6f	; 111	'o'
      000507 6F                    1332 	.db #0x6f	; 111	'o'
      000508 67                    1333 	.db #0x67	; 103	'g'
      000509 67                    1334 	.db #0x67	; 103	'g'
      00050A 63                    1335 	.db #0x63	; 99	'c'
      00050B 63                    1336 	.db #0x63	; 99	'c'
      00050C 63                    1337 	.db #0x63	; 99	'c'
      00050D 63                    1338 	.db #0x63	; 99	'c'
      00050E 00                    1339 	.db #0x00	; 0
      00050F 00                    1340 	.db #0x00	; 0
      000510 3E                    1341 	.db #0x3e	; 62
      000511 3E                    1342 	.db #0x3e	; 62
      000512 63                    1343 	.db #0x63	; 99	'c'
      000513 63                    1344 	.db #0x63	; 99	'c'
      000514 63                    1345 	.db #0x63	; 99	'c'
      000515 63                    1346 	.db #0x63	; 99	'c'
      000516 63                    1347 	.db #0x63	; 99	'c'
      000517 63                    1348 	.db #0x63	; 99	'c'
      000518 63                    1349 	.db #0x63	; 99	'c'
      000519 63                    1350 	.db #0x63	; 99	'c'
      00051A 63                    1351 	.db #0x63	; 99	'c'
      00051B 63                    1352 	.db #0x63	; 99	'c'
      00051C 3E                    1353 	.db #0x3e	; 62
      00051D 3E                    1354 	.db #0x3e	; 62
      00051E 00                    1355 	.db #0x00	; 0
      00051F 00                    1356 	.db #0x00	; 0
      000520 7E                    1357 	.db #0x7e	; 126
      000521 7E                    1358 	.db #0x7e	; 126
      000522 31                    1359 	.db #0x31	; 49	'1'
      000523 31                    1360 	.db #0x31	; 49	'1'
      000524 31                    1361 	.db #0x31	; 49	'1'
      000525 31                    1362 	.db #0x31	; 49	'1'
      000526 3E                    1363 	.db #0x3e	; 62
      000527 3E                    1364 	.db #0x3e	; 62
      000528 30                    1365 	.db #0x30	; 48	'0'
      000529 30                    1366 	.db #0x30	; 48	'0'
      00052A 30                    1367 	.db #0x30	; 48	'0'
      00052B 30                    1368 	.db #0x30	; 48	'0'
      00052C 78                    1369 	.db #0x78	; 120	'x'
      00052D 78                    1370 	.db #0x78	; 120	'x'
      00052E 00                    1371 	.db #0x00	; 0
      00052F 00                    1372 	.db #0x00	; 0
      000530 3E                    1373 	.db #0x3e	; 62
      000531 3E                    1374 	.db #0x3e	; 62
      000532 63                    1375 	.db #0x63	; 99	'c'
      000533 63                    1376 	.db #0x63	; 99	'c'
      000534 63                    1377 	.db #0x63	; 99	'c'
      000535 63                    1378 	.db #0x63	; 99	'c'
      000536 63                    1379 	.db #0x63	; 99	'c'
      000537 63                    1380 	.db #0x63	; 99	'c'
      000538 6B                    1381 	.db #0x6b	; 107	'k'
      000539 6B                    1382 	.db #0x6b	; 107	'k'
      00053A 6F                    1383 	.db #0x6f	; 111	'o'
      00053B 6F                    1384 	.db #0x6f	; 111	'o'
      00053C 3E                    1385 	.db #0x3e	; 62
      00053D 3E                    1386 	.db #0x3e	; 62
      00053E 03                    1387 	.db #0x03	; 3
      00053F 03                    1388 	.db #0x03	; 3
      000540 7E                    1389 	.db #0x7e	; 126
      000541 7E                    1390 	.db #0x7e	; 126
      000542 33                    1391 	.db #0x33	; 51	'3'
      000543 33                    1392 	.db #0x33	; 51	'3'
      000544 33                    1393 	.db #0x33	; 51	'3'
      000545 33                    1394 	.db #0x33	; 51	'3'
      000546 3E                    1395 	.db #0x3e	; 62
      000547 3E                    1396 	.db #0x3e	; 62
      000548 33                    1397 	.db #0x33	; 51	'3'
      000549 33                    1398 	.db #0x33	; 51	'3'
      00054A 33                    1399 	.db #0x33	; 51	'3'
      00054B 33                    1400 	.db #0x33	; 51	'3'
      00054C 73                    1401 	.db #0x73	; 115	's'
      00054D 73                    1402 	.db #0x73	; 115	's'
      00054E 00                    1403 	.db #0x00	; 0
      00054F 00                    1404 	.db #0x00	; 0
      000550 3E                    1405 	.db #0x3e	; 62
      000551 3E                    1406 	.db #0x3e	; 62
      000552 63                    1407 	.db #0x63	; 99	'c'
      000553 63                    1408 	.db #0x63	; 99	'c'
      000554 60                    1409 	.db #0x60	; 96
      000555 60                    1410 	.db #0x60	; 96
      000556 3E                    1411 	.db #0x3e	; 62
      000557 3E                    1412 	.db #0x3e	; 62
      000558 03                    1413 	.db #0x03	; 3
      000559 03                    1414 	.db #0x03	; 3
      00055A 63                    1415 	.db #0x63	; 99	'c'
      00055B 63                    1416 	.db #0x63	; 99	'c'
      00055C 3E                    1417 	.db #0x3e	; 62
      00055D 3E                    1418 	.db #0x3e	; 62
      00055E 00                    1419 	.db #0x00	; 0
      00055F 00                    1420 	.db #0x00	; 0
      000560 7E                    1421 	.db #0x7e	; 126
      000561 7E                    1422 	.db #0x7e	; 126
      000562 5A                    1423 	.db #0x5a	; 90	'Z'
      000563 5A                    1424 	.db #0x5a	; 90	'Z'
      000564 5A                    1425 	.db #0x5a	; 90	'Z'
      000565 5A                    1426 	.db #0x5a	; 90	'Z'
      000566 18                    1427 	.db #0x18	; 24
      000567 18                    1428 	.db #0x18	; 24
      000568 18                    1429 	.db #0x18	; 24
      000569 18                    1430 	.db #0x18	; 24
      00056A 18                    1431 	.db #0x18	; 24
      00056B 18                    1432 	.db #0x18	; 24
      00056C 3C                    1433 	.db #0x3c	; 60
      00056D 3C                    1434 	.db #0x3c	; 60
      00056E 00                    1435 	.db #0x00	; 0
      00056F 00                    1436 	.db #0x00	; 0
      000570 63                    1437 	.db #0x63	; 99	'c'
      000571 63                    1438 	.db #0x63	; 99	'c'
      000572 63                    1439 	.db #0x63	; 99	'c'
      000573 63                    1440 	.db #0x63	; 99	'c'
      000574 63                    1441 	.db #0x63	; 99	'c'
      000575 63                    1442 	.db #0x63	; 99	'c'
      000576 63                    1443 	.db #0x63	; 99	'c'
      000577 63                    1444 	.db #0x63	; 99	'c'
      000578 63                    1445 	.db #0x63	; 99	'c'
      000579 63                    1446 	.db #0x63	; 99	'c'
      00057A 63                    1447 	.db #0x63	; 99	'c'
      00057B 63                    1448 	.db #0x63	; 99	'c'
      00057C 3E                    1449 	.db #0x3e	; 62
      00057D 3E                    1450 	.db #0x3e	; 62
      00057E 00                    1451 	.db #0x00	; 0
      00057F 00                    1452 	.db #0x00	; 0
      000580 63                    1453 	.db #0x63	; 99	'c'
      000581 63                    1454 	.db #0x63	; 99	'c'
      000582 63                    1455 	.db #0x63	; 99	'c'
      000583 63                    1456 	.db #0x63	; 99	'c'
      000584 63                    1457 	.db #0x63	; 99	'c'
      000585 63                    1458 	.db #0x63	; 99	'c'
      000586 63                    1459 	.db #0x63	; 99	'c'
      000587 63                    1460 	.db #0x63	; 99	'c'
      000588 36                    1461 	.db #0x36	; 54	'6'
      000589 36                    1462 	.db #0x36	; 54	'6'
      00058A 1C                    1463 	.db #0x1c	; 28
      00058B 1C                    1464 	.db #0x1c	; 28
      00058C 08                    1465 	.db #0x08	; 8
      00058D 08                    1466 	.db #0x08	; 8
      00058E 00                    1467 	.db #0x00	; 0
      00058F 00                    1468 	.db #0x00	; 0
      000590 63                    1469 	.db #0x63	; 99	'c'
      000591 63                    1470 	.db #0x63	; 99	'c'
      000592 63                    1471 	.db #0x63	; 99	'c'
      000593 63                    1472 	.db #0x63	; 99	'c'
      000594 6B                    1473 	.db #0x6b	; 107	'k'
      000595 6B                    1474 	.db #0x6b	; 107	'k'
      000596 7F                    1475 	.db #0x7f	; 127
      000597 7F                    1476 	.db #0x7f	; 127
      000598 77                    1477 	.db #0x77	; 119	'w'
      000599 77                    1478 	.db #0x77	; 119	'w'
      00059A 63                    1479 	.db #0x63	; 99	'c'
      00059B 63                    1480 	.db #0x63	; 99	'c'
      00059C 41                    1481 	.db #0x41	; 65	'A'
      00059D 41                    1482 	.db #0x41	; 65	'A'
      00059E 00                    1483 	.db #0x00	; 0
      00059F 00                    1484 	.db #0x00	; 0
      0005A0 63                    1485 	.db #0x63	; 99	'c'
      0005A1 63                    1486 	.db #0x63	; 99	'c'
      0005A2 36                    1487 	.db #0x36	; 54	'6'
      0005A3 36                    1488 	.db #0x36	; 54	'6'
      0005A4 1C                    1489 	.db #0x1c	; 28
      0005A5 1C                    1490 	.db #0x1c	; 28
      0005A6 08                    1491 	.db #0x08	; 8
      0005A7 08                    1492 	.db #0x08	; 8
      0005A8 1C                    1493 	.db #0x1c	; 28
      0005A9 1C                    1494 	.db #0x1c	; 28
      0005AA 36                    1495 	.db #0x36	; 54	'6'
      0005AB 36                    1496 	.db #0x36	; 54	'6'
      0005AC 63                    1497 	.db #0x63	; 99	'c'
      0005AD 63                    1498 	.db #0x63	; 99	'c'
      0005AE 00                    1499 	.db #0x00	; 0
      0005AF 00                    1500 	.db #0x00	; 0
      0005B0 66                    1501 	.db #0x66	; 102	'f'
      0005B1 66                    1502 	.db #0x66	; 102	'f'
      0005B2 66                    1503 	.db #0x66	; 102	'f'
      0005B3 66                    1504 	.db #0x66	; 102	'f'
      0005B4 66                    1505 	.db #0x66	; 102	'f'
      0005B5 66                    1506 	.db #0x66	; 102	'f'
      0005B6 3C                    1507 	.db #0x3c	; 60
      0005B7 3C                    1508 	.db #0x3c	; 60
      0005B8 18                    1509 	.db #0x18	; 24
      0005B9 18                    1510 	.db #0x18	; 24
      0005BA 18                    1511 	.db #0x18	; 24
      0005BB 18                    1512 	.db #0x18	; 24
      0005BC 3C                    1513 	.db #0x3c	; 60
      0005BD 3C                    1514 	.db #0x3c	; 60
      0005BE 00                    1515 	.db #0x00	; 0
      0005BF 00                    1516 	.db #0x00	; 0
      0005C0 7F                    1517 	.db #0x7f	; 127
      0005C1 7F                    1518 	.db #0x7f	; 127
      0005C2 63                    1519 	.db #0x63	; 99	'c'
      0005C3 63                    1520 	.db #0x63	; 99	'c'
      0005C4 46                    1521 	.db #0x46	; 70	'F'
      0005C5 46                    1522 	.db #0x46	; 70	'F'
      0005C6 0C                    1523 	.db #0x0c	; 12
      0005C7 0C                    1524 	.db #0x0c	; 12
      0005C8 19                    1525 	.db #0x19	; 25
      0005C9 19                    1526 	.db #0x19	; 25
      0005CA 33                    1527 	.db #0x33	; 51	'3'
      0005CB 33                    1528 	.db #0x33	; 51	'3'
      0005CC 7F                    1529 	.db #0x7f	; 127
      0005CD 7F                    1530 	.db #0x7f	; 127
      0005CE 00                    1531 	.db #0x00	; 0
      0005CF 00                    1532 	.db #0x00	; 0
                                   1533 	.area _INITIALIZER
                                   1534 	.area _CABS (ABS)
