                                      1 ;--------------------------------------------------------
                                      2 ; File Created by SDCC : free open source ANSI-C Compiler
                                      3 ; Version 4.1.6 #12539 (Linux)
                                      4 ;--------------------------------------------------------
                                      5 	.module splashScreen_map
                                      6 	.optsdcc -mgbz80
                                      7 	
                                      8 ;--------------------------------------------------------
                                      9 ; Public variables in this module
                                     10 ;--------------------------------------------------------
                                     11 	.globl _splashScreen_map
                                     12 ;--------------------------------------------------------
                                     13 ; special function registers
                                     14 ;--------------------------------------------------------
                                     15 ;--------------------------------------------------------
                                     16 ; ram data
                                     17 ;--------------------------------------------------------
                                     18 	.area _DATA
                                     19 ;--------------------------------------------------------
                                     20 ; ram data
                                     21 ;--------------------------------------------------------
                                     22 	.area _INITIALIZED
                                     23 ;--------------------------------------------------------
                                     24 ; absolute external ram data
                                     25 ;--------------------------------------------------------
                                     26 	.area _DABS (ABS)
                                     27 ;--------------------------------------------------------
                                     28 ; global & static initialisations
                                     29 ;--------------------------------------------------------
                                     30 	.area _HOME
                                     31 	.area _GSINIT
                                     32 	.area _GSFINAL
                                     33 	.area _GSINIT
                                     34 ;--------------------------------------------------------
                                     35 ; Home
                                     36 ;--------------------------------------------------------
                                     37 	.area _HOME
                                     38 	.area _HOME
                                     39 ;--------------------------------------------------------
                                     40 ; code
                                     41 ;--------------------------------------------------------
                                     42 	.area _CODE
                                     43 	.area _CODE
      000000                         44 _splashScreen_map:
      000000 00                      45 	.db #0x00	; 0
      000001 00                      46 	.db #0x00	; 0
      000002 00                      47 	.db #0x00	; 0
      000003 00                      48 	.db #0x00	; 0
      000004 00                      49 	.db #0x00	; 0
      000005 00                      50 	.db #0x00	; 0
      000006 00                      51 	.db #0x00	; 0
      000007 00                      52 	.db #0x00	; 0
      000008 00                      53 	.db #0x00	; 0
      000009 00                      54 	.db #0x00	; 0
      00000A 00                      55 	.db #0x00	; 0
      00000B 00                      56 	.db #0x00	; 0
      00000C 00                      57 	.db #0x00	; 0
      00000D 00                      58 	.db #0x00	; 0
      00000E 00                      59 	.db #0x00	; 0
      00000F 00                      60 	.db #0x00	; 0
      000010 00                      61 	.db #0x00	; 0
      000011 00                      62 	.db #0x00	; 0
      000012 00                      63 	.db #0x00	; 0
      000013 00                      64 	.db #0x00	; 0
      000014 00                      65 	.db #0x00	; 0
      000015 00                      66 	.db #0x00	; 0
      000016 00                      67 	.db #0x00	; 0
      000017 00                      68 	.db #0x00	; 0
      000018 00                      69 	.db #0x00	; 0
      000019 00                      70 	.db #0x00	; 0
      00001A 00                      71 	.db #0x00	; 0
      00001B 00                      72 	.db #0x00	; 0
      00001C 00                      73 	.db #0x00	; 0
      00001D 00                      74 	.db #0x00	; 0
      00001E 00                      75 	.db #0x00	; 0
      00001F 00                      76 	.db #0x00	; 0
      000020 00                      77 	.db #0x00	; 0
      000021 00                      78 	.db #0x00	; 0
      000022 00                      79 	.db #0x00	; 0
      000023 00                      80 	.db #0x00	; 0
      000024 00                      81 	.db #0x00	; 0
      000025 00                      82 	.db #0x00	; 0
      000026 00                      83 	.db #0x00	; 0
      000027 00                      84 	.db #0x00	; 0
      000028 00                      85 	.db #0x00	; 0
      000029 01                      86 	.db #0x01	; 1
      00002A 02                      87 	.db #0x02	; 2
      00002B 03                      88 	.db #0x03	; 3
      00002C 04                      89 	.db #0x04	; 4
      00002D 00                      90 	.db #0x00	; 0
      00002E 00                      91 	.db #0x00	; 0
      00002F 00                      92 	.db #0x00	; 0
      000030 00                      93 	.db #0x00	; 0
      000031 00                      94 	.db #0x00	; 0
      000032 05                      95 	.db #0x05	; 5
      000033 06                      96 	.db #0x06	; 6
      000034 07                      97 	.db #0x07	; 7
      000035 00                      98 	.db #0x00	; 0
      000036 00                      99 	.db #0x00	; 0
      000037 00                     100 	.db #0x00	; 0
      000038 00                     101 	.db #0x00	; 0
      000039 00                     102 	.db #0x00	; 0
      00003A 00                     103 	.db #0x00	; 0
      00003B 00                     104 	.db #0x00	; 0
      00003C 00                     105 	.db #0x00	; 0
      00003D 08                     106 	.db #0x08	; 8
      00003E 09                     107 	.db #0x09	; 9
      00003F 0A                     108 	.db #0x0a	; 10
      000040 0B                     109 	.db #0x0b	; 11
      000041 0C                     110 	.db #0x0c	; 12
      000042 0D                     111 	.db #0x0d	; 13
      000043 0E                     112 	.db #0x0e	; 14
      000044 0F                     113 	.db #0x0f	; 15
      000045 00                     114 	.db #0x00	; 0
      000046 10                     115 	.db #0x10	; 16
      000047 11                     116 	.db #0x11	; 17
      000048 12                     117 	.db #0x12	; 18
      000049 13                     118 	.db #0x13	; 19
      00004A 00                     119 	.db #0x00	; 0
      00004B 00                     120 	.db #0x00	; 0
      00004C 00                     121 	.db #0x00	; 0
      00004D 14                     122 	.db #0x14	; 20
      00004E 00                     123 	.db #0x00	; 0
      00004F 00                     124 	.db #0x00	; 0
      000050 00                     125 	.db #0x00	; 0
      000051 15                     126 	.db #0x15	; 21
      000052 16                     127 	.db #0x16	; 22
      000053 17                     128 	.db #0x17	; 23
      000054 18                     129 	.db #0x18	; 24
      000055 19                     130 	.db #0x19	; 25
      000056 1A                     131 	.db #0x1a	; 26
      000057 1B                     132 	.db #0x1b	; 27
      000058 1C                     133 	.db #0x1c	; 28
      000059 00                     134 	.db #0x00	; 0
      00005A 10                     135 	.db #0x10	; 16
      00005B 16                     136 	.db #0x16	; 22
      00005C 1D                     137 	.db #0x1d	; 29
      00005D 1E                     138 	.db #0x1e	; 30
      00005E 1F                     139 	.db #0x1f	; 31
      00005F 20                     140 	.db #0x20	; 32
      000060 21                     141 	.db #0x21	; 33
      000061 22                     142 	.db #0x22	; 34
      000062 00                     143 	.db #0x00	; 0
      000063 00                     144 	.db #0x00	; 0
      000064 00                     145 	.db #0x00	; 0
      000065 00                     146 	.db #0x00	; 0
      000066 23                     147 	.db #0x23	; 35
      000067 24                     148 	.db #0x24	; 36
      000068 16                     149 	.db #0x16	; 22
      000069 25                     150 	.db #0x25	; 37
      00006A 26                     151 	.db #0x26	; 38
      00006B 27                     152 	.db #0x27	; 39
      00006C 28                     153 	.db #0x28	; 40
      00006D 29                     154 	.db #0x29	; 41
      00006E 10                     155 	.db #0x10	; 16
      00006F 2A                     156 	.db #0x2a	; 42
      000070 2B                     157 	.db #0x2b	; 43
      000071 2C                     158 	.db #0x2c	; 44
      000072 2D                     159 	.db #0x2d	; 45
      000073 2E                     160 	.db #0x2e	; 46
      000074 2F                     161 	.db #0x2f	; 47
      000075 22                     162 	.db #0x22	; 34
      000076 00                     163 	.db #0x00	; 0
      000077 00                     164 	.db #0x00	; 0
      000078 00                     165 	.db #0x00	; 0
      000079 30                     166 	.db #0x30	; 48	'0'
      00007A 31                     167 	.db #0x31	; 49	'1'
      00007B 16                     168 	.db #0x16	; 22
      00007C 32                     169 	.db #0x32	; 50	'2'
      00007D 33                     170 	.db #0x33	; 51	'3'
      00007E 34                     171 	.db #0x34	; 52	'4'
      00007F 35                     172 	.db #0x35	; 53	'5'
      000080 36                     173 	.db #0x36	; 54	'6'
      000081 37                     174 	.db #0x37	; 55	'7'
      000082 38                     175 	.db #0x38	; 56	'8'
      000083 39                     176 	.db #0x39	; 57	'9'
      000084 3A                     177 	.db #0x3a	; 58
      000085 3B                     178 	.db #0x3b	; 59
      000086 3C                     179 	.db #0x3c	; 60
      000087 3D                     180 	.db #0x3d	; 61
      000088 3E                     181 	.db #0x3e	; 62
      000089 3F                     182 	.db #0x3f	; 63
      00008A 00                     183 	.db #0x00	; 0
      00008B 00                     184 	.db #0x00	; 0
      00008C 00                     185 	.db #0x00	; 0
      00008D 00                     186 	.db #0x00	; 0
      00008E 40                     187 	.db #0x40	; 64
      00008F 41                     188 	.db #0x41	; 65	'A'
      000090 42                     189 	.db #0x42	; 66	'B'
      000091 00                     190 	.db #0x00	; 0
      000092 00                     191 	.db #0x00	; 0
      000093 00                     192 	.db #0x00	; 0
      000094 00                     193 	.db #0x00	; 0
      000095 00                     194 	.db #0x00	; 0
      000096 00                     195 	.db #0x00	; 0
      000097 00                     196 	.db #0x00	; 0
      000098 00                     197 	.db #0x00	; 0
      000099 00                     198 	.db #0x00	; 0
      00009A 00                     199 	.db #0x00	; 0
      00009B 00                     200 	.db #0x00	; 0
      00009C 00                     201 	.db #0x00	; 0
      00009D 00                     202 	.db #0x00	; 0
      00009E 00                     203 	.db #0x00	; 0
      00009F 00                     204 	.db #0x00	; 0
      0000A0 00                     205 	.db #0x00	; 0
      0000A1 00                     206 	.db #0x00	; 0
      0000A2 00                     207 	.db #0x00	; 0
      0000A3 00                     208 	.db #0x00	; 0
      0000A4 00                     209 	.db #0x00	; 0
      0000A5 00                     210 	.db #0x00	; 0
      0000A6 00                     211 	.db #0x00	; 0
      0000A7 00                     212 	.db #0x00	; 0
      0000A8 00                     213 	.db #0x00	; 0
      0000A9 00                     214 	.db #0x00	; 0
      0000AA 00                     215 	.db #0x00	; 0
      0000AB 00                     216 	.db #0x00	; 0
      0000AC 00                     217 	.db #0x00	; 0
      0000AD 00                     218 	.db #0x00	; 0
      0000AE 00                     219 	.db #0x00	; 0
      0000AF 00                     220 	.db #0x00	; 0
      0000B0 00                     221 	.db #0x00	; 0
      0000B1 00                     222 	.db #0x00	; 0
      0000B2 00                     223 	.db #0x00	; 0
      0000B3 00                     224 	.db #0x00	; 0
      0000B4 00                     225 	.db #0x00	; 0
      0000B5 00                     226 	.db #0x00	; 0
      0000B6 00                     227 	.db #0x00	; 0
      0000B7 00                     228 	.db #0x00	; 0
      0000B8 00                     229 	.db #0x00	; 0
      0000B9 00                     230 	.db #0x00	; 0
      0000BA 00                     231 	.db #0x00	; 0
      0000BB 00                     232 	.db #0x00	; 0
      0000BC 00                     233 	.db #0x00	; 0
      0000BD 00                     234 	.db #0x00	; 0
      0000BE 00                     235 	.db #0x00	; 0
      0000BF 00                     236 	.db #0x00	; 0
      0000C0 00                     237 	.db #0x00	; 0
      0000C1 00                     238 	.db #0x00	; 0
      0000C2 00                     239 	.db #0x00	; 0
      0000C3 00                     240 	.db #0x00	; 0
      0000C4 00                     241 	.db #0x00	; 0
      0000C5 00                     242 	.db #0x00	; 0
      0000C6 00                     243 	.db #0x00	; 0
      0000C7 00                     244 	.db #0x00	; 0
      0000C8 00                     245 	.db #0x00	; 0
      0000C9 00                     246 	.db #0x00	; 0
      0000CA 00                     247 	.db #0x00	; 0
      0000CB 00                     248 	.db #0x00	; 0
      0000CC 00                     249 	.db #0x00	; 0
      0000CD 00                     250 	.db #0x00	; 0
      0000CE 00                     251 	.db #0x00	; 0
      0000CF 00                     252 	.db #0x00	; 0
      0000D0 52                     253 	.db #0x52	; 82	'R'
      0000D1 4E                     254 	.db #0x4e	; 78	'N'
      0000D2 43                     255 	.db #0x43	; 67	'C'
      0000D3 5B                     256 	.db #0x5b	; 91
      0000D4 00                     257 	.db #0x00	; 0
      0000D5 00                     258 	.db #0x00	; 0
      0000D6 00                     259 	.db #0x00	; 0
      0000D7 00                     260 	.db #0x00	; 0
      0000D8 00                     261 	.db #0x00	; 0
      0000D9 00                     262 	.db #0x00	; 0
      0000DA 00                     263 	.db #0x00	; 0
      0000DB 00                     264 	.db #0x00	; 0
      0000DC 00                     265 	.db #0x00	; 0
      0000DD 00                     266 	.db #0x00	; 0
      0000DE 00                     267 	.db #0x00	; 0
      0000DF 00                     268 	.db #0x00	; 0
      0000E0 00                     269 	.db #0x00	; 0
      0000E1 00                     270 	.db #0x00	; 0
      0000E2 00                     271 	.db #0x00	; 0
      0000E3 00                     272 	.db #0x00	; 0
      0000E4 00                     273 	.db #0x00	; 0
      0000E5 00                     274 	.db #0x00	; 0
      0000E6 00                     275 	.db #0x00	; 0
      0000E7 00                     276 	.db #0x00	; 0
      0000E8 00                     277 	.db #0x00	; 0
      0000E9 00                     278 	.db #0x00	; 0
      0000EA 00                     279 	.db #0x00	; 0
      0000EB 00                     280 	.db #0x00	; 0
      0000EC 00                     281 	.db #0x00	; 0
      0000ED 00                     282 	.db #0x00	; 0
      0000EE 00                     283 	.db #0x00	; 0
      0000EF 00                     284 	.db #0x00	; 0
      0000F0 00                     285 	.db #0x00	; 0
      0000F1 00                     286 	.db #0x00	; 0
      0000F2 00                     287 	.db #0x00	; 0
      0000F3 00                     288 	.db #0x00	; 0
      0000F4 00                     289 	.db #0x00	; 0
      0000F5 00                     290 	.db #0x00	; 0
      0000F6 00                     291 	.db #0x00	; 0
      0000F7 00                     292 	.db #0x00	; 0
      0000F8 00                     293 	.db #0x00	; 0
      0000F9 00                     294 	.db #0x00	; 0
      0000FA 00                     295 	.db #0x00	; 0
      0000FB 00                     296 	.db #0x00	; 0
      0000FC 00                     297 	.db #0x00	; 0
      0000FD 00                     298 	.db #0x00	; 0
      0000FE 00                     299 	.db #0x00	; 0
      0000FF 00                     300 	.db #0x00	; 0
      000100 00                     301 	.db #0x00	; 0
      000101 00                     302 	.db #0x00	; 0
      000102 00                     303 	.db #0x00	; 0
      000103 00                     304 	.db #0x00	; 0
      000104 00                     305 	.db #0x00	; 0
      000105 00                     306 	.db #0x00	; 0
      000106 00                     307 	.db #0x00	; 0
      000107 00                     308 	.db #0x00	; 0
      000108 00                     309 	.db #0x00	; 0
      000109 4A                     310 	.db #0x4a	; 74	'J'
      00010A 4B                     311 	.db #0x4b	; 75	'K'
      00010B 49                     312 	.db #0x49	; 73	'I'
      00010C 4A                     313 	.db #0x4a	; 74	'J'
      00010D 00                     314 	.db #0x00	; 0
      00010E 55                     315 	.db #0x55	; 85	'U'
      00010F 45                     316 	.db #0x45	; 69	'E'
      000110 51                     317 	.db #0x51	; 81	'Q'
      000111 54                     318 	.db #0x54	; 84	'T'
      000112 47                     319 	.db #0x47	; 71	'G'
      000113 55                     320 	.db #0x55	; 85	'U'
      000114 00                     321 	.db #0x00	; 0
      000115 00                     322 	.db #0x00	; 0
      000116 00                     323 	.db #0x00	; 0
      000117 00                     324 	.db #0x00	; 0
      000118 00                     325 	.db #0x00	; 0
      000119 00                     326 	.db #0x00	; 0
      00011A 00                     327 	.db #0x00	; 0
      00011B 00                     328 	.db #0x00	; 0
      00011C 00                     329 	.db #0x00	; 0
      00011D 00                     330 	.db #0x00	; 0
      00011E 00                     331 	.db #0x00	; 0
      00011F 00                     332 	.db #0x00	; 0
      000120 00                     333 	.db #0x00	; 0
      000121 00                     334 	.db #0x00	; 0
      000122 00                     335 	.db #0x00	; 0
      000123 00                     336 	.db #0x00	; 0
      000124 00                     337 	.db #0x00	; 0
      000125 00                     338 	.db #0x00	; 0
      000126 00                     339 	.db #0x00	; 0
      000127 00                     340 	.db #0x00	; 0
      000128 00                     341 	.db #0x00	; 0
      000129 00                     342 	.db #0x00	; 0
      00012A 00                     343 	.db #0x00	; 0
      00012B 00                     344 	.db #0x00	; 0
      00012C 00                     345 	.db #0x00	; 0
      00012D 00                     346 	.db #0x00	; 0
      00012E 00                     347 	.db #0x00	; 0
      00012F 00                     348 	.db #0x00	; 0
      000130 00                     349 	.db #0x00	; 0
      000131 00                     350 	.db #0x00	; 0
      000132 00                     351 	.db #0x00	; 0
      000133 51                     352 	.db #0x51	; 81	'Q'
      000134 52                     353 	.db #0x52	; 82	'R'
      000135 56                     354 	.db #0x56	; 86	'V'
      000136 4B                     355 	.db #0x4b	; 75	'K'
      000137 51                     356 	.db #0x51	; 81	'Q'
      000138 50                     357 	.db #0x50	; 80	'P'
      000139 55                     358 	.db #0x55	; 85	'U'
      00013A 00                     359 	.db #0x00	; 0
      00013B 00                     360 	.db #0x00	; 0
      00013C 00                     361 	.db #0x00	; 0
      00013D 00                     362 	.db #0x00	; 0
      00013E 00                     363 	.db #0x00	; 0
      00013F 00                     364 	.db #0x00	; 0
      000140 00                     365 	.db #0x00	; 0
      000141 00                     366 	.db #0x00	; 0
      000142 00                     367 	.db #0x00	; 0
      000143 00                     368 	.db #0x00	; 0
      000144 00                     369 	.db #0x00	; 0
      000145 00                     370 	.db #0x00	; 0
      000146 00                     371 	.db #0x00	; 0
      000147 00                     372 	.db #0x00	; 0
      000148 00                     373 	.db #0x00	; 0
      000149 00                     374 	.db #0x00	; 0
      00014A 00                     375 	.db #0x00	; 0
      00014B 00                     376 	.db #0x00	; 0
      00014C 00                     377 	.db #0x00	; 0
      00014D 00                     378 	.db #0x00	; 0
      00014E 00                     379 	.db #0x00	; 0
      00014F 00                     380 	.db #0x00	; 0
      000150 00                     381 	.db #0x00	; 0
      000151 00                     382 	.db #0x00	; 0
      000152 00                     383 	.db #0x00	; 0
      000153 00                     384 	.db #0x00	; 0
      000154 00                     385 	.db #0x00	; 0
      000155 00                     386 	.db #0x00	; 0
      000156 00                     387 	.db #0x00	; 0
      000157 00                     388 	.db #0x00	; 0
      000158 00                     389 	.db #0x00	; 0
      000159 00                     390 	.db #0x00	; 0
      00015A 00                     391 	.db #0x00	; 0
      00015B 00                     392 	.db #0x00	; 0
      00015C 00                     393 	.db #0x00	; 0
      00015D 00                     394 	.db #0x00	; 0
      00015E 00                     395 	.db #0x00	; 0
      00015F 00                     396 	.db #0x00	; 0
      000160 00                     397 	.db #0x00	; 0
      000161 00                     398 	.db #0x00	; 0
      000162 00                     399 	.db #0x00	; 0
      000163 00                     400 	.db #0x00	; 0
      000164 00                     401 	.db #0x00	; 0
      000165 00                     402 	.db #0x00	; 0
      000166 00                     403 	.db #0x00	; 0
      000167 00                     404 	.db #0x00	; 0
                                    405 	.area _INITIALIZER
                                    406 	.area _CABS (ABS)
