                                      1 ;--------------------------------------------------------
                                      2 ; File Created by SDCC : free open source ANSI-C Compiler
                                      3 ; Version 4.1.6 #12539 (Linux)
                                      4 ;--------------------------------------------------------
                                      5 	.module Sprites
                                      6 	.optsdcc -mgbz80
                                      7 	
                                      8 ;--------------------------------------------------------
                                      9 ; Public variables in this module
                                     10 ;--------------------------------------------------------
                                     11 	.globl _Sprites
                                     12 ;--------------------------------------------------------
                                     13 ; special function registers
                                     14 ;--------------------------------------------------------
                                     15 ;--------------------------------------------------------
                                     16 ; ram data
                                     17 ;--------------------------------------------------------
                                     18 	.area _DATA
                                     19 ;--------------------------------------------------------
                                     20 ; ram data
                                     21 ;--------------------------------------------------------
                                     22 	.area _INITIALIZED
      000000                         23 _Sprites::
      000000                         24 	.ds 112
                                     25 ;--------------------------------------------------------
                                     26 ; absolute external ram data
                                     27 ;--------------------------------------------------------
                                     28 	.area _DABS (ABS)
                                     29 ;--------------------------------------------------------
                                     30 ; global & static initialisations
                                     31 ;--------------------------------------------------------
                                     32 	.area _HOME
                                     33 	.area _GSINIT
                                     34 	.area _GSFINAL
                                     35 	.area _GSINIT
                                     36 ;--------------------------------------------------------
                                     37 ; Home
                                     38 ;--------------------------------------------------------
                                     39 	.area _HOME
                                     40 	.area _HOME
                                     41 ;--------------------------------------------------------
                                     42 ; code
                                     43 ;--------------------------------------------------------
                                     44 	.area _CODE
                                     45 	.area _CODE
                                     46 	.area _INITIALIZER
      000000                         47 __xinit__Sprites:
      000000 00                      48 	.db #0x00	; 0
      000001 00                      49 	.db #0x00	; 0
      000002 00                      50 	.db #0x00	; 0
      000003 7F                      51 	.db #0x7f	; 127
      000004 3F                      52 	.db #0x3f	; 63
      000005 40                      53 	.db #0x40	; 64
      000006 3F                      54 	.db #0x3f	; 63
      000007 40                      55 	.db #0x40	; 64
      000008 3F                      56 	.db #0x3f	; 63
      000009 40                      57 	.db #0x40	; 64
      00000A 3F                      58 	.db #0x3f	; 63
      00000B 40                      59 	.db #0x40	; 64
      00000C 3F                      60 	.db #0x3f	; 63
      00000D 40                      61 	.db #0x40	; 64
      00000E 3F                      62 	.db #0x3f	; 63
      00000F 41                      63 	.db #0x41	; 65	'A'
      000010 00                      64 	.db #0x00	; 0
      000011 00                      65 	.db #0x00	; 0
      000012 00                      66 	.db #0x00	; 0
      000013 7F                      67 	.db #0x7f	; 127
      000014 3F                      68 	.db #0x3f	; 63
      000015 40                      69 	.db #0x40	; 64
      000016 3F                      70 	.db #0x3f	; 63
      000017 40                      71 	.db #0x40	; 64
      000018 3F                      72 	.db #0x3f	; 63
      000019 4C                      73 	.db #0x4c	; 76	'L'
      00001A 3F                      74 	.db #0x3f	; 63
      00001B 4C                      75 	.db #0x4c	; 76	'L'
      00001C 3F                      76 	.db #0x3f	; 63
      00001D 40                      77 	.db #0x40	; 64
      00001E 3F                      78 	.db #0x3f	; 63
      00001F 40                      79 	.db #0x40	; 64
      000020 00                      80 	.db #0x00	; 0
      000021 00                      81 	.db #0x00	; 0
      000022 00                      82 	.db #0x00	; 0
      000023 7F                      83 	.db #0x7f	; 127
      000024 3F                      84 	.db #0x3f	; 63
      000025 40                      85 	.db #0x40	; 64
      000026 3F                      86 	.db #0x3f	; 63
      000027 40                      87 	.db #0x40	; 64
      000028 3F                      88 	.db #0x3f	; 63
      000029 40                      89 	.db #0x40	; 64
      00002A 3F                      90 	.db #0x3f	; 63
      00002B 40                      91 	.db #0x40	; 64
      00002C 3F                      92 	.db #0x3f	; 63
      00002D 40                      93 	.db #0x40	; 64
      00002E 3F                      94 	.db #0x3f	; 63
      00002F 40                      95 	.db #0x40	; 64
      000030 00                      96 	.db #0x00	; 0
      000031 00                      97 	.db #0x00	; 0
      000032 00                      98 	.db #0x00	; 0
      000033 7F                      99 	.db #0x7f	; 127
      000034 3F                     100 	.db #0x3f	; 63
      000035 40                     101 	.db #0x40	; 64
      000036 3F                     102 	.db #0x3f	; 63
      000037 40                     103 	.db #0x40	; 64
      000038 3F                     104 	.db #0x3f	; 63
      000039 4C                     105 	.db #0x4c	; 76	'L'
      00003A 3F                     106 	.db #0x3f	; 63
      00003B 4C                     107 	.db #0x4c	; 76	'L'
      00003C 3F                     108 	.db #0x3f	; 63
      00003D 40                     109 	.db #0x40	; 64
      00003E 3F                     110 	.db #0x3f	; 63
      00003F 41                     111 	.db #0x41	; 65	'A'
      000040 00                     112 	.db #0x00	; 0
      000041 00                     113 	.db #0x00	; 0
      000042 00                     114 	.db #0x00	; 0
      000043 7F                     115 	.db #0x7f	; 127
      000044 3F                     116 	.db #0x3f	; 63
      000045 40                     117 	.db #0x40	; 64
      000046 3F                     118 	.db #0x3f	; 63
      000047 40                     119 	.db #0x40	; 64
      000048 3F                     120 	.db #0x3f	; 63
      000049 4C                     121 	.db #0x4c	; 76	'L'
      00004A 3F                     122 	.db #0x3f	; 63
      00004B 4C                     123 	.db #0x4c	; 76	'L'
      00004C 3F                     124 	.db #0x3f	; 63
      00004D 40                     125 	.db #0x40	; 64
      00004E 3F                     126 	.db #0x3f	; 63
      00004F 4C                     127 	.db #0x4c	; 76	'L'
      000050 00                     128 	.db #0x00	; 0
      000051 00                     129 	.db #0x00	; 0
      000052 04                     130 	.db #0x04	; 4
      000053 04                     131 	.db #0x04	; 4
      000054 06                     132 	.db #0x06	; 6
      000055 06                     133 	.db #0x06	; 6
      000056 7F                     134 	.db #0x7f	; 127
      000057 7F                     135 	.db #0x7f	; 127
      000058 7F                     136 	.db #0x7f	; 127
      000059 7F                     137 	.db #0x7f	; 127
      00005A 06                     138 	.db #0x06	; 6
      00005B 06                     139 	.db #0x06	; 6
      00005C 04                     140 	.db #0x04	; 4
      00005D 04                     141 	.db #0x04	; 4
      00005E 00                     142 	.db #0x00	; 0
      00005F 00                     143 	.db #0x00	; 0
      000060 00                     144 	.db #0x00	; 0
      000061 00                     145 	.db #0x00	; 0
      000062 10                     146 	.db #0x10	; 16
      000063 10                     147 	.db #0x10	; 16
      000064 30                     148 	.db #0x30	; 48	'0'
      000065 30                     149 	.db #0x30	; 48	'0'
      000066 7F                     150 	.db #0x7f	; 127
      000067 7F                     151 	.db #0x7f	; 127
      000068 7F                     152 	.db #0x7f	; 127
      000069 7F                     153 	.db #0x7f	; 127
      00006A 30                     154 	.db #0x30	; 48	'0'
      00006B 30                     155 	.db #0x30	; 48	'0'
      00006C 10                     156 	.db #0x10	; 16
      00006D 10                     157 	.db #0x10	; 16
      00006E 00                     158 	.db #0x00	; 0
      00006F 00                     159 	.db #0x00	; 0
                                    160 	.area _CABS (ABS)
